<testsuites id="" name="" tests="240" failures="180" skipped="0" errors="0" time="377.704928">
<testsuite name="auth.spec.js" timestamp="2025-06-15T10:19:03.981Z" hostname="chromium" tests="8" failures="8" skipped="0" time="73.071" errors="0">
<testcase name="Authentication System Tests › should display landing page correctly" classname="auth.spec.js" time="1.832">
<failure message="auth.spec.js:9:3 should display landing page correctly" type="FAILURE">
<![CDATA[  [chromium] › auth.spec.js:9:3 › Authentication System Tests › should display landing page correctly 

    Error: expect.toContainText: Error: strict mode violation: locator('.banner') resolved to 2 elements:
        1) <div class="banner">codeuni</div> aka getByText('codeuni').first()
        2) <div class="banner">codeuni</div> aka getByText('codeuni').nth(1)

    Call log:
      - Expect "toContainText" with timeout 5000ms
      - waiting for locator('.banner')


      12 |     
      13 |     // Verify main banner is visible
    > 14 |     await expect(page.locator('.banner')).toContainText('codeuni');
         |                                           ^
      15 |     
      16 |     // Verify login form is visible by default
      17 |     await expect(page.locator('input[type="email"]')).toBeVisible();
        at /Users/tarikmaljanovic/Desktop/codeUni/tests/system/auth.spec.js:14:43

    attachment #1: screenshot (image/png) ──────────────────────────────────────────────────────────
    tests/system/artifacts/auth-Authentication-System-f1d4b-play-landing-page-correctly-chromium/test-failed-1.png
    ────────────────────────────────────────────────────────────────────────────────────────────────

    attachment #2: video (video/webm) ──────────────────────────────────────────────────────────────
    tests/system/artifacts/auth-Authentication-System-f1d4b-play-landing-page-correctly-chromium/video.webm
    ────────────────────────────────────────────────────────────────────────────────────────────────

    Error Context: artifacts/auth-Authentication-System-f1d4b-play-landing-page-correctly-chromium/error-context.md
]]>
</failure>
<system-out>
<![CDATA[
[[ATTACHMENT|../artifacts/auth-Authentication-System-f1d4b-play-landing-page-correctly-chromium/test-failed-1.png]]

[[ATTACHMENT|../artifacts/auth-Authentication-System-f1d4b-play-landing-page-correctly-chromium/video.webm]]

[[ATTACHMENT|../artifacts/auth-Authentication-System-f1d4b-play-landing-page-correctly-chromium/error-context.md]]
]]>
</system-out>
</testcase>
<testcase name="Authentication System Tests › should validate login form fields" classname="auth.spec.js" time="11.981">
<failure message="auth.spec.js:21:3 should validate login form fields" type="FAILURE">
<![CDATA[  [chromium] › auth.spec.js:21:3 › Authentication System Tests › should validate login form fields ─

    TimeoutError: page.click: Timeout 10000ms exceeded.
    Call log:
      - waiting for locator('button:has-text("Login")')


      21 |   test('should validate login form fields', async ({ page }) => {
      22 |     // Try to login without filling fields
    > 23 |     await page.click('button:has-text("Login")');
         |                ^
      24 |     
      25 |     // Should show validation errors
      26 |     await expect(page.locator('.MuiAlert-root')).toBeVisible();
        at /Users/tarikmaljanovic/Desktop/codeUni/tests/system/auth.spec.js:23:16

    attachment #1: screenshot (image/png) ──────────────────────────────────────────────────────────
    tests/system/artifacts/auth-Authentication-System-782ed--validate-login-form-fields-chromium/test-failed-1.png
    ────────────────────────────────────────────────────────────────────────────────────────────────

    attachment #2: video (video/webm) ──────────────────────────────────────────────────────────────
    tests/system/artifacts/auth-Authentication-System-782ed--validate-login-form-fields-chromium/video.webm
    ────────────────────────────────────────────────────────────────────────────────────────────────

    Error Context: artifacts/auth-Authentication-System-782ed--validate-login-form-fields-chromium/error-context.md
]]>
</failure>
<system-out>
<![CDATA[
[[ATTACHMENT|../artifacts/auth-Authentication-System-782ed--validate-login-form-fields-chromium/test-failed-1.png]]

[[ATTACHMENT|../artifacts/auth-Authentication-System-782ed--validate-login-form-fields-chromium/video.webm]]

[[ATTACHMENT|../artifacts/auth-Authentication-System-782ed--validate-login-form-fields-chromium/error-context.md]]
]]>
</system-out>
</testcase>
<testcase name="Authentication System Tests › should switch between login and signup forms" classname="auth.spec.js" time="12.201">
<failure message="auth.spec.js:29:3 should switch between login and signup forms" type="FAILURE">
<![CDATA[  [chromium] › auth.spec.js:29:3 › Authentication System Tests › should switch between login and signup forms 

    TimeoutError: page.click: Timeout 10000ms exceeded.
    Call log:
      - waiting for locator('text=Login')


      36 |     
      37 |     // Switch back to login
    > 38 |     await page.click('text=Login');
         |                ^
      39 |     
      40 |     // Verify login form is visible again
      41 |     await expect(page.locator('input[type="email"]')).toBeVisible();
        at /Users/tarikmaljanovic/Desktop/codeUni/tests/system/auth.spec.js:38:16

    attachment #1: screenshot (image/png) ──────────────────────────────────────────────────────────
    tests/system/artifacts/auth-Authentication-System-4846e-ween-login-and-signup-forms-chromium/test-failed-1.png
    ────────────────────────────────────────────────────────────────────────────────────────────────

    attachment #2: video (video/webm) ──────────────────────────────────────────────────────────────
    tests/system/artifacts/auth-Authentication-System-4846e-ween-login-and-signup-forms-chromium/video.webm
    ────────────────────────────────────────────────────────────────────────────────────────────────

    Error Context: artifacts/auth-Authentication-System-4846e-ween-login-and-signup-forms-chromium/error-context.md
]]>
</failure>
<system-out>
<![CDATA[
[[ATTACHMENT|../artifacts/auth-Authentication-System-4846e-ween-login-and-signup-forms-chromium/test-failed-1.png]]

[[ATTACHMENT|../artifacts/auth-Authentication-System-4846e-ween-login-and-signup-forms-chromium/video.webm]]

[[ATTACHMENT|../artifacts/auth-Authentication-System-4846e-ween-login-and-signup-forms-chromium/error-context.md]]
]]>
</system-out>
</testcase>
<testcase name="Authentication System Tests › should handle invalid login credentials" classname="auth.spec.js" time="11.93">
<failure message="auth.spec.js:44:3 should handle invalid login credentials" type="FAILURE">
<![CDATA[  [chromium] › auth.spec.js:44:3 › Authentication System Tests › should handle invalid login credentials 

    TimeoutError: page.fill: Timeout 10000ms exceeded.
    Call log:
      - waiting for locator('input[type="email"]')
        - locator resolved to 2 elements. Proceeding with the first one: <input type="email" aria-invalid="false" class="MuiInputBase-input MuiInput-input MuiInputBase-inputAdornedEnd css-1x51dt5-MuiInputBase-input-MuiInput-input"/>
        - fill("invalid@email.com")
      - attempting fill action
        2 × waiting for element to be visible, enabled and editable
          - element is not visible
        - retrying fill action
        - waiting 20ms
        2 × waiting for element to be visible, enabled and editable
          - element is not visible
        - retrying fill action
          - waiting 100ms
        20 × waiting for element to be visible, enabled and editable
           - element is not visible
         - retrying fill action
           - waiting 500ms


      44 |   test('should handle invalid login credentials', async ({ page }) => {
      45 |     // Fill in invalid credentials
    > 46 |     await page.fill('input[type="email"]', 'invalid@email.com');
         |                ^
      47 |     await page.fill('input[type="password"]', 'wrongpassword');
      48 |     
      49 |     // Click login button
        at /Users/tarikmaljanovic/Desktop/codeUni/tests/system/auth.spec.js:46:16

    attachment #1: screenshot (image/png) ──────────────────────────────────────────────────────────
    tests/system/artifacts/auth-Authentication-System-d6a5a-e-invalid-login-credentials-chromium/test-failed-1.png
    ────────────────────────────────────────────────────────────────────────────────────────────────

    attachment #2: video (video/webm) ──────────────────────────────────────────────────────────────
    tests/system/artifacts/auth-Authentication-System-d6a5a-e-invalid-login-credentials-chromium/video.webm
    ────────────────────────────────────────────────────────────────────────────────────────────────

    Error Context: artifacts/auth-Authentication-System-d6a5a-e-invalid-login-credentials-chromium/error-context.md
]]>
</failure>
<system-out>
<![CDATA[
[[ATTACHMENT|../artifacts/auth-Authentication-System-d6a5a-e-invalid-login-credentials-chromium/test-failed-1.png]]

[[ATTACHMENT|../artifacts/auth-Authentication-System-d6a5a-e-invalid-login-credentials-chromium/video.webm]]

[[ATTACHMENT|../artifacts/auth-Authentication-System-d6a5a-e-invalid-login-credentials-chromium/error-context.md]]
]]>
</system-out>
</testcase>
<testcase name="Authentication System Tests › should validate signup form fields" classname="auth.spec.js" time="11.321">
<failure message="auth.spec.js:57:3 should validate signup form fields" type="FAILURE">
<![CDATA[  [chromium] › auth.spec.js:57:3 › Authentication System Tests › should validate signup form fields 

    TimeoutError: page.click: Timeout 10000ms exceeded.
    Call log:
      - waiting for locator('button:has-text("Sign up")')


      60 |     
      61 |     // Try to signup without filling required fields
    > 62 |     await page.click('button:has-text("Sign up")');
         |                ^
      63 |     
      64 |     // Should show validation errors
      65 |     await expect(page.locator('.MuiAlert-root')).toBeVisible();
        at /Users/tarikmaljanovic/Desktop/codeUni/tests/system/auth.spec.js:62:16

    attachment #1: screenshot (image/png) ──────────────────────────────────────────────────────────
    tests/system/artifacts/auth-Authentication-System-63511-validate-signup-form-fields-chromium/test-failed-1.png
    ────────────────────────────────────────────────────────────────────────────────────────────────

    attachment #2: video (video/webm) ──────────────────────────────────────────────────────────────
    tests/system/artifacts/auth-Authentication-System-63511-validate-signup-form-fields-chromium/video.webm
    ────────────────────────────────────────────────────────────────────────────────────────────────

    Error Context: artifacts/auth-Authentication-System-63511-validate-signup-form-fields-chromium/error-context.md
]]>
</failure>
<system-out>
<![CDATA[
[[ATTACHMENT|../artifacts/auth-Authentication-System-63511-validate-signup-form-fields-chromium/test-failed-1.png]]

[[ATTACHMENT|../artifacts/auth-Authentication-System-63511-validate-signup-form-fields-chromium/video.webm]]

[[ATTACHMENT|../artifacts/auth-Authentication-System-63511-validate-signup-form-fields-chromium/error-context.md]]
]]>
</system-out>
</testcase>
<testcase name="Authentication System Tests › should handle signup form validation" classname="auth.spec.js" time="11.462">
<failure message="auth.spec.js:68:3 should handle signup form validation" type="FAILURE">
<![CDATA[  [chromium] › auth.spec.js:68:3 › Authentication System Tests › should handle signup form validation 

    TimeoutError: page.fill: Timeout 10000ms exceeded.
    Call log:
      - waiting for locator('label:has-text("First Name") input')


      71 |     
      72 |     // Fill in invalid email
    > 73 |     await page.fill('label:has-text("First Name") input', 'John');
         |                ^
      74 |     await page.fill('label:has-text("Last Name") input', 'Doe');
      75 |     await page.fill('input[type="email"]', 'invalid-email');
      76 |     await page.fill('input[type="password"]', '123');
        at /Users/tarikmaljanovic/Desktop/codeUni/tests/system/auth.spec.js:73:16

    attachment #1: screenshot (image/png) ──────────────────────────────────────────────────────────
    tests/system/artifacts/auth-Authentication-System-c62c7-ndle-signup-form-validation-chromium/test-failed-1.png
    ────────────────────────────────────────────────────────────────────────────────────────────────

    attachment #2: video (video/webm) ──────────────────────────────────────────────────────────────
    tests/system/artifacts/auth-Authentication-System-c62c7-ndle-signup-form-validation-chromium/video.webm
    ────────────────────────────────────────────────────────────────────────────────────────────────

    Error Context: artifacts/auth-Authentication-System-c62c7-ndle-signup-form-validation-chromium/error-context.md
]]>
</failure>
<system-out>
<![CDATA[
[[ATTACHMENT|../artifacts/auth-Authentication-System-c62c7-ndle-signup-form-validation-chromium/test-failed-1.png]]

[[ATTACHMENT|../artifacts/auth-Authentication-System-c62c7-ndle-signup-form-validation-chromium/video.webm]]

[[ATTACHMENT|../artifacts/auth-Authentication-System-c62c7-ndle-signup-form-validation-chromium/error-context.md]]
]]>
</system-out>
</testcase>
<testcase name="Authentication System Tests › should be responsive on mobile devices" classname="auth.spec.js" time="1.188">
<failure message="auth.spec.js:85:3 should be responsive on mobile devices" type="FAILURE">
<![CDATA[  [chromium] › auth.spec.js:85:3 › Authentication System Tests › should be responsive on mobile devices 

    Error: expect.toBeVisible: Error: strict mode violation: locator('.landing-box') resolved to 2 elements:
        1) <div class="box landing-box is-hidden">…</div> aka getByText('codeuniFirst NameLast')
        2) <div class="box landing-box ">…</div> aka getByText('codeuniEmailPasswordNo')

    Call log:
      - Expect "toBeVisible" with timeout 5000ms
      - waiting for locator('.landing-box')


      89 |     // Verify elements are still visible and properly sized
      90 |     await expect(page.locator('.landing-container')).toBeVisible();
    > 91 |     await expect(page.locator('.landing-box')).toBeVisible();
         |                                                ^
      92 |     await expect(page.locator('.banner')).toBeVisible();
      93 |   });
      94 |
        at /Users/tarikmaljanovic/Desktop/codeUni/tests/system/auth.spec.js:91:48

    attachment #1: screenshot (image/png) ──────────────────────────────────────────────────────────
    tests/system/artifacts/auth-Authentication-System-20024-esponsive-on-mobile-devices-chromium/test-failed-1.png
    ────────────────────────────────────────────────────────────────────────────────────────────────

    attachment #2: video (video/webm) ──────────────────────────────────────────────────────────────
    tests/system/artifacts/auth-Authentication-System-20024-esponsive-on-mobile-devices-chromium/video.webm
    ────────────────────────────────────────────────────────────────────────────────────────────────

    Error Context: artifacts/auth-Authentication-System-20024-esponsive-on-mobile-devices-chromium/error-context.md
]]>
</failure>
<system-out>
<![CDATA[
[[ATTACHMENT|../artifacts/auth-Authentication-System-20024-esponsive-on-mobile-devices-chromium/test-failed-1.png]]

[[ATTACHMENT|../artifacts/auth-Authentication-System-20024-esponsive-on-mobile-devices-chromium/video.webm]]

[[ATTACHMENT|../artifacts/auth-Authentication-System-20024-esponsive-on-mobile-devices-chromium/error-context.md]]
]]>
</system-out>
</testcase>
<testcase name="Authentication System Tests › should handle network errors gracefully" classname="auth.spec.js" time="11.156">
<failure message="auth.spec.js:95:3 should handle network errors gracefully" type="FAILURE">
<![CDATA[  [chromium] › auth.spec.js:95:3 › Authentication System Tests › should handle network errors gracefully 

    TimeoutError: page.fill: Timeout 10000ms exceeded.
    Call log:
      - waiting for locator('input[type="email"]')
        - locator resolved to 2 elements. Proceeding with the first one: <input type="email" aria-invalid="false" class="MuiInputBase-input MuiInput-input MuiInputBase-inputAdornedEnd css-1x51dt5-MuiInputBase-input-MuiInput-input"/>
        - fill("test@example.com")
      - attempting fill action
        2 × waiting for element to be visible, enabled and editable
          - element is not visible
        - retrying fill action
        - waiting 20ms
        2 × waiting for element to be visible, enabled and editable
          - element is not visible
        - retrying fill action
          - waiting 100ms
        20 × waiting for element to be visible, enabled and editable
           - element is not visible
         - retrying fill action
           - waiting 500ms


      100 |     
      101 |     // Fill in credentials
    > 102 |     await page.fill('input[type="email"]', 'test@example.com');
          |                ^
      103 |     await page.fill('input[type="password"]', 'password123');
      104 |     
      105 |     // Click login button
        at /Users/tarikmaljanovic/Desktop/codeUni/tests/system/auth.spec.js:102:16

    attachment #1: screenshot (image/png) ──────────────────────────────────────────────────────────
    tests/system/artifacts/auth-Authentication-System-ae072-e-network-errors-gracefully-chromium/test-failed-1.png
    ────────────────────────────────────────────────────────────────────────────────────────────────

    attachment #2: video (video/webm) ──────────────────────────────────────────────────────────────
    tests/system/artifacts/auth-Authentication-System-ae072-e-network-errors-gracefully-chromium/video.webm
    ────────────────────────────────────────────────────────────────────────────────────────────────

    Error Context: artifacts/auth-Authentication-System-ae072-e-network-errors-gracefully-chromium/error-context.md
]]>
</failure>
<system-out>
<![CDATA[
[[ATTACHMENT|../artifacts/auth-Authentication-System-ae072-e-network-errors-gracefully-chromium/test-failed-1.png]]

[[ATTACHMENT|../artifacts/auth-Authentication-System-ae072-e-network-errors-gracefully-chromium/video.webm]]

[[ATTACHMENT|../artifacts/auth-Authentication-System-ae072-e-network-errors-gracefully-chromium/error-context.md]]
]]>
</system-out>
</testcase>
</testsuite>
<testsuite name="course.spec.js" timestamp="2025-06-15T10:19:03.981Z" hostname="chromium" tests="17" failures="7" skipped="0" time="90.946" errors="0">
<testcase name="Course System Tests › should display course details correctly" classname="course.spec.js" time="2.333">
</testcase>
<testcase name="Course System Tests › should display lessons and projects" classname="course.spec.js" time="2.245">
</testcase>
<testcase name="Course System Tests › should navigate to lesson page" classname="course.spec.js" time="2.769">
</testcase>
<testcase name="Course System Tests › should navigate to project page" classname="course.spec.js" time="2.765">
</testcase>
<testcase name="Course System Tests › should show admin controls for admin users" classname="course.spec.js" time="6.306">
<failure message="course.spec.js:96:3 should show admin controls for admin users" type="FAILURE">
<![CDATA[  [chromium] › course.spec.js:96:3 › Course System Tests › should show admin controls for admin users 

    Error: Timed out 5000ms waiting for expect(locator).toBeVisible()

    Locator: locator('[title="Create Lesson"]')
    Expected: visible
    Received: <element(s) not found>
    Call log:
      - Expect "toBeVisible" with timeout 5000ms
      - waiting for locator('[title="Create Lesson"]')


      104 |     
      105 |     // Verify admin actions are available
    > 106 |     await expect(page.locator('[title="Create Lesson"]')).toBeVisible();
          |                                                           ^
      107 |     await expect(page.locator('[title="Create Project"]')).toBeVisible();
      108 |     await expect(page.locator('[title="Edit Course"]')).toBeVisible();
      109 |     await expect(page.locator('[title="Delete Course"]')).toBeVisible();
        at /Users/tarikmaljanovic/Desktop/codeUni/tests/system/course.spec.js:106:59

    attachment #1: screenshot (image/png) ──────────────────────────────────────────────────────────
    tests/system/artifacts/course-Course-System-Tests-5571d-in-controls-for-admin-users-chromium/test-failed-1.png
    ────────────────────────────────────────────────────────────────────────────────────────────────

    attachment #2: video (video/webm) ──────────────────────────────────────────────────────────────
    tests/system/artifacts/course-Course-System-Tests-5571d-in-controls-for-admin-users-chromium/video.webm
    ────────────────────────────────────────────────────────────────────────────────────────────────

    Error Context: artifacts/course-Course-System-Tests-5571d-in-controls-for-admin-users-chromium/error-context.md
]]>
</failure>
<system-out>
<![CDATA[
[[ATTACHMENT|../artifacts/course-Course-System-Tests-5571d-in-controls-for-admin-users-chromium/test-failed-1.png]]

[[ATTACHMENT|../artifacts/course-Course-System-Tests-5571d-in-controls-for-admin-users-chromium/video.webm]]

[[ATTACHMENT|../artifacts/course-Course-System-Tests-5571d-in-controls-for-admin-users-chromium/error-context.md]]
]]>
</system-out>
</testcase>
<testcase name="Course System Tests › should open create lesson modal" classname="course.spec.js" time="11.262">
<failure message="course.spec.js:112:3 should open create lesson modal" type="FAILURE">
<![CDATA[  [chromium] › course.spec.js:112:3 › Course System Tests › should open create lesson modal ────────

    TimeoutError: page.click: Timeout 10000ms exceeded.
    Call log:
      - waiting for locator('[title="Create Lesson"]')


      115 |     // Click speed dial and create lesson action
      116 |     await page.click('[aria-label="SpeedDial basic example"]');
    > 117 |     await page.click('[title="Create Lesson"]');
          |                ^
      118 |     
      119 |     // Verify modal is open
      120 |     await expect(page.locator('.MuiModal-root')).toBeVisible();
        at /Users/tarikmaljanovic/Desktop/codeUni/tests/system/course.spec.js:117:16

    attachment #1: screenshot (image/png) ──────────────────────────────────────────────────────────
    tests/system/artifacts/course-Course-System-Tests-should-open-create-lesson-modal-chromium/test-failed-1.png
    ────────────────────────────────────────────────────────────────────────────────────────────────

    attachment #2: video (video/webm) ──────────────────────────────────────────────────────────────
    tests/system/artifacts/course-Course-System-Tests-should-open-create-lesson-modal-chromium/video.webm
    ────────────────────────────────────────────────────────────────────────────────────────────────

    Error Context: artifacts/course-Course-System-Tests-should-open-create-lesson-modal-chromium/error-context.md
]]>
</failure>
<system-out>
<![CDATA[
[[ATTACHMENT|../artifacts/course-Course-System-Tests-should-open-create-lesson-modal-chromium/test-failed-1.png]]

[[ATTACHMENT|../artifacts/course-Course-System-Tests-should-open-create-lesson-modal-chromium/video.webm]]

[[ATTACHMENT|../artifacts/course-Course-System-Tests-should-open-create-lesson-modal-chromium/error-context.md]]
]]>
</system-out>
</testcase>
<testcase name="Course System Tests › should create a new lesson" classname="course.spec.js" time="11.351">
<failure message="course.spec.js:127:3 should create a new lesson" type="FAILURE">
<![CDATA[  [chromium] › course.spec.js:127:3 › Course System Tests › should create a new lesson ─────────────

    TimeoutError: page.click: Timeout 10000ms exceeded.
    Call log:
      - waiting for locator('[title="Create Lesson"]')


      142 |     // Open create lesson modal
      143 |     await page.click('[aria-label="SpeedDial basic example"]');
    > 144 |     await page.click('[title="Create Lesson"]');
          |                ^
      145 |     
      146 |     // Fill form
      147 |     await page.fill('label:has-text("Name") input', 'New Test Lesson');
        at /Users/tarikmaljanovic/Desktop/codeUni/tests/system/course.spec.js:144:16

    attachment #1: screenshot (image/png) ──────────────────────────────────────────────────────────
    tests/system/artifacts/course-Course-System-Tests-should-create-a-new-lesson-chromium/test-failed-1.png
    ────────────────────────────────────────────────────────────────────────────────────────────────

    attachment #2: video (video/webm) ──────────────────────────────────────────────────────────────
    tests/system/artifacts/course-Course-System-Tests-should-create-a-new-lesson-chromium/video.webm
    ────────────────────────────────────────────────────────────────────────────────────────────────

    Error Context: artifacts/course-Course-System-Tests-should-create-a-new-lesson-chromium/error-context.md
]]>
</failure>
<system-out>
<![CDATA[
[[ATTACHMENT|../artifacts/course-Course-System-Tests-should-create-a-new-lesson-chromium/test-failed-1.png]]

[[ATTACHMENT|../artifacts/course-Course-System-Tests-should-create-a-new-lesson-chromium/video.webm]]

[[ATTACHMENT|../artifacts/course-Course-System-Tests-should-create-a-new-lesson-chromium/error-context.md]]
]]>
</system-out>
</testcase>
<testcase name="Course System Tests › should open create project modal" classname="course.spec.js" time="11.329">
<failure message="course.spec.js:156:3 should open create project modal" type="FAILURE">
<![CDATA[  [chromium] › course.spec.js:156:3 › Course System Tests › should open create project modal ───────

    TimeoutError: page.click: Timeout 10000ms exceeded.
    Call log:
      - waiting for locator('[title="Create Project"]')


      159 |     // Click speed dial and create project action
      160 |     await page.click('[aria-label="SpeedDial basic example"]');
    > 161 |     await page.click('[title="Create Project"]');
          |                ^
      162 |     
      163 |     // Verify modal is open
      164 |     await expect(page.locator('.MuiModal-root')).toBeVisible();
        at /Users/tarikmaljanovic/Desktop/codeUni/tests/system/course.spec.js:161:16

    attachment #1: screenshot (image/png) ──────────────────────────────────────────────────────────
    tests/system/artifacts/course-Course-System-Tests-should-open-create-project-modal-chromium/test-failed-1.png
    ────────────────────────────────────────────────────────────────────────────────────────────────

    attachment #2: video (video/webm) ──────────────────────────────────────────────────────────────
    tests/system/artifacts/course-Course-System-Tests-should-open-create-project-modal-chromium/video.webm
    ────────────────────────────────────────────────────────────────────────────────────────────────

    Error Context: artifacts/course-Course-System-Tests-should-open-create-project-modal-chromium/error-context.md
]]>
</failure>
<system-out>
<![CDATA[
[[ATTACHMENT|../artifacts/course-Course-System-Tests-should-open-create-project-modal-chromium/test-failed-1.png]]

[[ATTACHMENT|../artifacts/course-Course-System-Tests-should-open-create-project-modal-chromium/video.webm]]

[[ATTACHMENT|../artifacts/course-Course-System-Tests-should-open-create-project-modal-chromium/error-context.md]]
]]>
</system-out>
</testcase>
<testcase name="Course System Tests › should open edit course modal" classname="course.spec.js" time="11.34">
<failure message="course.spec.js:168:3 should open edit course modal" type="FAILURE">
<![CDATA[  [chromium] › course.spec.js:168:3 › Course System Tests › should open edit course modal ──────────

    TimeoutError: page.click: Timeout 10000ms exceeded.
    Call log:
      - waiting for locator('[title="Edit Course"]')


      171 |     // Click speed dial and edit course action
      172 |     await page.click('[aria-label="SpeedDial basic example"]');
    > 173 |     await page.click('[title="Edit Course"]');
          |                ^
      174 |     
      175 |     // Verify modal is open
      176 |     await expect(page.locator('.MuiModal-root')).toBeVisible();
        at /Users/tarikmaljanovic/Desktop/codeUni/tests/system/course.spec.js:173:16

    attachment #1: screenshot (image/png) ──────────────────────────────────────────────────────────
    tests/system/artifacts/course-Course-System-Tests-should-open-edit-course-modal-chromium/test-failed-1.png
    ────────────────────────────────────────────────────────────────────────────────────────────────

    attachment #2: video (video/webm) ──────────────────────────────────────────────────────────────
    tests/system/artifacts/course-Course-System-Tests-should-open-edit-course-modal-chromium/video.webm
    ────────────────────────────────────────────────────────────────────────────────────────────────

    Error Context: artifacts/course-Course-System-Tests-should-open-edit-course-modal-chromium/error-context.md
]]>
</failure>
<system-out>
<![CDATA[
[[ATTACHMENT|../artifacts/course-Course-System-Tests-should-open-edit-course-modal-chromium/test-failed-1.png]]

[[ATTACHMENT|../artifacts/course-Course-System-Tests-should-open-edit-course-modal-chromium/video.webm]]

[[ATTACHMENT|../artifacts/course-Course-System-Tests-should-open-edit-course-modal-chromium/error-context.md]]
]]>
</system-out>
</testcase>
<testcase name="Course System Tests › should open delete course modal" classname="course.spec.js" time="11.238">
<failure message="course.spec.js:184:3 should open delete course modal" type="FAILURE">
<![CDATA[  [chromium] › course.spec.js:184:3 › Course System Tests › should open delete course modal ────────

    TimeoutError: page.click: Timeout 10000ms exceeded.
    Call log:
      - waiting for locator('[title="Delete Course"]')


      187 |     // Click speed dial and delete course action
      188 |     await page.click('[aria-label="SpeedDial basic example"]');
    > 189 |     await page.click('[title="Delete Course"]');
          |                ^
      190 |     
      191 |     // Verify modal is open
      192 |     await expect(page.locator('.MuiModal-root')).toBeVisible();
        at /Users/tarikmaljanovic/Desktop/codeUni/tests/system/course.spec.js:189:16

    attachment #1: screenshot (image/png) ──────────────────────────────────────────────────────────
    tests/system/artifacts/course-Course-System-Tests-should-open-delete-course-modal-chromium/test-failed-1.png
    ────────────────────────────────────────────────────────────────────────────────────────────────

    attachment #2: video (video/webm) ──────────────────────────────────────────────────────────────
    tests/system/artifacts/course-Course-System-Tests-should-open-delete-course-modal-chromium/video.webm
    ────────────────────────────────────────────────────────────────────────────────────────────────

    Error Context: artifacts/course-Course-System-Tests-should-open-delete-course-modal-chromium/error-context.md
]]>
</failure>
<system-out>
<![CDATA[
[[ATTACHMENT|../artifacts/course-Course-System-Tests-should-open-delete-course-modal-chromium/test-failed-1.png]]

[[ATTACHMENT|../artifacts/course-Course-System-Tests-should-open-delete-course-modal-chromium/video.webm]]

[[ATTACHMENT|../artifacts/course-Course-System-Tests-should-open-delete-course-modal-chromium/error-context.md]]
]]>
</system-out>
</testcase>
<testcase name="Course System Tests › should handle course deletion" classname="course.spec.js" time="11.306">
<failure message="course.spec.js:201:3 should handle course deletion" type="FAILURE">
<![CDATA[  [chromium] › course.spec.js:201:3 › Course System Tests › should handle course deletion ──────────

    TimeoutError: page.click: Timeout 10000ms exceeded.
    Call log:
      - waiting for locator('[title="Delete Course"]')


      213 |     // Open delete course modal
      214 |     await page.click('[aria-label="SpeedDial basic example"]');
    > 215 |     await page.click('[title="Delete Course"]');
          |                ^
      216 |     
      217 |     // Confirm deletion
      218 |     await page.click('button:has-text("Delete Course")');
        at /Users/tarikmaljanovic/Desktop/codeUni/tests/system/course.spec.js:215:16

    attachment #1: screenshot (image/png) ──────────────────────────────────────────────────────────
    tests/system/artifacts/course-Course-System-Tests-should-handle-course-deletion-chromium/test-failed-1.png
    ────────────────────────────────────────────────────────────────────────────────────────────────

    attachment #2: video (video/webm) ──────────────────────────────────────────────────────────────
    tests/system/artifacts/course-Course-System-Tests-should-handle-course-deletion-chromium/video.webm
    ────────────────────────────────────────────────────────────────────────────────────────────────

    Error Context: artifacts/course-Course-System-Tests-should-handle-course-deletion-chromium/error-context.md
]]>
</failure>
<system-out>
<![CDATA[
[[ATTACHMENT|../artifacts/course-Course-System-Tests-should-handle-course-deletion-chromium/test-failed-1.png]]

[[ATTACHMENT|../artifacts/course-Course-System-Tests-should-handle-course-deletion-chromium/video.webm]]

[[ATTACHMENT|../artifacts/course-Course-System-Tests-should-handle-course-deletion-chromium/error-context.md]]
]]>
</system-out>
</testcase>
<testcase name="Course System Tests › should toggle favorite status" classname="course.spec.js" time="1.149">
</testcase>
<testcase name="Course System Tests › should show finish course button for non-admin users" classname="course.spec.js" time="1.092">
</testcase>
<testcase name="Course System Tests › should disable finish course button for incomplete course" classname="course.spec.js" time="1.021">
</testcase>
<testcase name="Course System Tests › should be responsive on mobile devices" classname="course.spec.js" time="0.948">
</testcase>
<testcase name="Course System Tests › should handle API errors gracefully" classname="course.spec.js" time="0.986">
</testcase>
<testcase name="Course System Tests › should redirect unauthenticated users" classname="course.spec.js" time="1.506">
</testcase>
</testsuite>
<testsuite name="dashboard.spec.js" timestamp="2025-06-15T10:19:03.981Z" hostname="chromium" tests="11" failures="10" skipped="0" time="56.643" errors="0">
<testcase name="Dashboard System Tests › should display dashboard for authenticated admin user" classname="dashboard.spec.js" time="1.552">
<failure message="dashboard.spec.js:55:3 should display dashboard for authenticated admin user" type="FAILURE">
<![CDATA[  [chromium] › dashboard.spec.js:55:3 › Dashboard System Tests › should display dashboard for authenticated admin user 

    Error: expect.toBeVisible: Error: strict mode violation: locator('.course-list') resolved to 2 elements:
        1) <div class="columns is-multiline is-desktop course-list"></div> aka locator('.columns').first()
        2) <div class="columns is-multiline is-desktop course-list less"></div> aka locator('.columns.is-multiline.is-desktop.course-list.less')

    Call log:
      - Expect "toBeVisible" with timeout 5000ms
      - waiting for locator('.course-list')


      64 |     
      65 |     // Verify courses section
    > 66 |     await expect(page.locator('.course-list')).toBeVisible();
         |                                                ^
      67 |     
      68 |     // Verify admin speed dial is present
      69 |     await expect(page.locator('[aria-label="SpeedDial basic example"]')).toBeVisible();
        at /Users/tarikmaljanovic/Desktop/codeUni/tests/system/dashboard.spec.js:66:48

    attachment #1: screenshot (image/png) ──────────────────────────────────────────────────────────
    tests/system/artifacts/dashboard-Dashboard-System-ad459-or-authenticated-admin-user-chromium/test-failed-1.png
    ────────────────────────────────────────────────────────────────────────────────────────────────

    attachment #2: video (video/webm) ──────────────────────────────────────────────────────────────
    tests/system/artifacts/dashboard-Dashboard-System-ad459-or-authenticated-admin-user-chromium/video.webm
    ────────────────────────────────────────────────────────────────────────────────────────────────

    Error Context: artifacts/dashboard-Dashboard-System-ad459-or-authenticated-admin-user-chromium/error-context.md
]]>
</failure>
<system-out>
<![CDATA[
[[ATTACHMENT|../artifacts/dashboard-Dashboard-System-ad459-or-authenticated-admin-user-chromium/test-failed-1.png]]

[[ATTACHMENT|../artifacts/dashboard-Dashboard-System-ad459-or-authenticated-admin-user-chromium/video.webm]]

[[ATTACHMENT|../artifacts/dashboard-Dashboard-System-ad459-or-authenticated-admin-user-chromium/error-context.md]]
]]>
</system-out>
</testcase>
<testcase name="Dashboard System Tests › should display courses correctly" classname="dashboard.spec.js" time="5.735">
<failure message="dashboard.spec.js:72:3 should display courses correctly" type="FAILURE">
<![CDATA[  [chromium] › dashboard.spec.js:72:3 › Dashboard System Tests › should display courses correctly ──

    Error: Timed out 5000ms waiting for expect(locator).toBeVisible()

    Locator: locator('text=JavaScript Fundamentals')
    Expected: visible
    Received: <element(s) not found>
    Call log:
      - Expect "toBeVisible" with timeout 5000ms
      - waiting for locator('text=JavaScript Fundamentals')


      74 |     
      75 |     // Wait for courses to load
    > 76 |     await expect(page.locator('text=JavaScript Fundamentals')).toBeVisible();
         |                                                                ^
      77 |     await expect(page.locator('text=React Advanced')).toBeVisible();
      78 |     
      79 |     // Verify course cards are clickable
        at /Users/tarikmaljanovic/Desktop/codeUni/tests/system/dashboard.spec.js:76:64

    attachment #1: screenshot (image/png) ──────────────────────────────────────────────────────────
    tests/system/artifacts/dashboard-Dashboard-System-23fe7-d-display-courses-correctly-chromium/test-failed-1.png
    ────────────────────────────────────────────────────────────────────────────────────────────────

    attachment #2: video (video/webm) ──────────────────────────────────────────────────────────────
    tests/system/artifacts/dashboard-Dashboard-System-23fe7-d-display-courses-correctly-chromium/video.webm
    ────────────────────────────────────────────────────────────────────────────────────────────────

    Error Context: artifacts/dashboard-Dashboard-System-23fe7-d-display-courses-correctly-chromium/error-context.md
]]>
</failure>
<system-out>
<![CDATA[
[[ATTACHMENT|../artifacts/dashboard-Dashboard-System-23fe7-d-display-courses-correctly-chromium/test-failed-1.png]]

[[ATTACHMENT|../artifacts/dashboard-Dashboard-System-23fe7-d-display-courses-correctly-chromium/video.webm]]

[[ATTACHMENT|../artifacts/dashboard-Dashboard-System-23fe7-d-display-courses-correctly-chromium/error-context.md]]
]]>
</system-out>
</testcase>
<testcase name="Dashboard System Tests › should navigate to course detail page" classname="dashboard.spec.js" time="5.775">
<failure message="dashboard.spec.js:84:3 should navigate to course detail page" type="FAILURE">
<![CDATA[  [chromium] › dashboard.spec.js:84:3 › Dashboard System Tests › should navigate to course detail page 

    Error: Timed out 5000ms waiting for expect(locator).toBeVisible()

    Locator: locator('text=JavaScript Fundamentals')
    Expected: visible
    Received: <element(s) not found>
    Call log:
      - Expect "toBeVisible" with timeout 5000ms
      - waiting for locator('text=JavaScript Fundamentals')


      86 |     
      87 |     // Wait for courses to load
    > 88 |     await expect(page.locator('text=JavaScript Fundamentals')).toBeVisible();
         |                                                                ^
      89 |     
      90 |     // Click on first course
      91 |     await page.click('text=JavaScript Fundamentals');
        at /Users/tarikmaljanovic/Desktop/codeUni/tests/system/dashboard.spec.js:88:64

    attachment #1: screenshot (image/png) ──────────────────────────────────────────────────────────
    tests/system/artifacts/dashboard-Dashboard-System-ae474-igate-to-course-detail-page-chromium/test-failed-1.png
    ────────────────────────────────────────────────────────────────────────────────────────────────

    attachment #2: video (video/webm) ──────────────────────────────────────────────────────────────
    tests/system/artifacts/dashboard-Dashboard-System-ae474-igate-to-course-detail-page-chromium/video.webm
    ────────────────────────────────────────────────────────────────────────────────────────────────

    Error Context: artifacts/dashboard-Dashboard-System-ae474-igate-to-course-detail-page-chromium/error-context.md
]]>
</failure>
<system-out>
<![CDATA[
[[ATTACHMENT|../artifacts/dashboard-Dashboard-System-ae474-igate-to-course-detail-page-chromium/test-failed-1.png]]

[[ATTACHMENT|../artifacts/dashboard-Dashboard-System-ae474-igate-to-course-detail-page-chromium/video.webm]]

[[ATTACHMENT|../artifacts/dashboard-Dashboard-System-ae474-igate-to-course-detail-page-chromium/error-context.md]]
]]>
</system-out>
</testcase>
<testcase name="Dashboard System Tests › should show admin functionality for admin users" classname="dashboard.spec.js" time="6.484">
<failure message="dashboard.spec.js:97:3 should show admin functionality for admin users" type="FAILURE">
<![CDATA[  [chromium] › dashboard.spec.js:97:3 › Dashboard System Tests › should show admin functionality for admin users 

    Error: Timed out 5000ms waiting for expect(locator).toBeVisible()

    Locator: locator('[title="Create Course"]')
    Expected: visible
    Received: <element(s) not found>
    Call log:
      - Expect "toBeVisible" with timeout 5000ms
      - waiting for locator('[title="Create Course"]')


      105 |     
      106 |     // Verify create course action is available
    > 107 |     await expect(page.locator('[title="Create Course"]')).toBeVisible();
          |                                                           ^
      108 |   });
      109 |
      110 |   test('should open create course modal', async ({ page }) => {
        at /Users/tarikmaljanovic/Desktop/codeUni/tests/system/dashboard.spec.js:107:59

    attachment #1: screenshot (image/png) ──────────────────────────────────────────────────────────
    tests/system/artifacts/dashboard-Dashboard-System-11f67-nctionality-for-admin-users-chromium/test-failed-1.png
    ────────────────────────────────────────────────────────────────────────────────────────────────

    attachment #2: video (video/webm) ──────────────────────────────────────────────────────────────
    tests/system/artifacts/dashboard-Dashboard-System-11f67-nctionality-for-admin-users-chromium/video.webm
    ────────────────────────────────────────────────────────────────────────────────────────────────

    Error Context: artifacts/dashboard-Dashboard-System-11f67-nctionality-for-admin-users-chromium/error-context.md
]]>
</failure>
<system-out>
<![CDATA[
[[ATTACHMENT|../artifacts/dashboard-Dashboard-System-11f67-nctionality-for-admin-users-chromium/test-failed-1.png]]

[[ATTACHMENT|../artifacts/dashboard-Dashboard-System-11f67-nctionality-for-admin-users-chromium/video.webm]]

[[ATTACHMENT|../artifacts/dashboard-Dashboard-System-11f67-nctionality-for-admin-users-chromium/error-context.md]]
]]>
</system-out>
</testcase>
<testcase name="Dashboard System Tests › should open create course modal" classname="dashboard.spec.js" time="11.34">
<failure message="dashboard.spec.js:110:3 should open create course modal" type="FAILURE">
<![CDATA[  [chromium] › dashboard.spec.js:110:3 › Dashboard System Tests › should open create course modal ──

    TimeoutError: page.click: Timeout 10000ms exceeded.
    Call log:
      - waiting for locator('[title="Create Course"]')


      115 |     
      116 |     // Click create course action
    > 117 |     await page.click('[title="Create Course"]');
          |                ^
      118 |     
      119 |     // Verify modal is open
      120 |     await expect(page.locator('.MuiModal-root')).toBeVisible();
        at /Users/tarikmaljanovic/Desktop/codeUni/tests/system/dashboard.spec.js:117:16

    attachment #1: screenshot (image/png) ──────────────────────────────────────────────────────────
    tests/system/artifacts/dashboard-Dashboard-System-d92b5-ld-open-create-course-modal-chromium/test-failed-1.png
    ────────────────────────────────────────────────────────────────────────────────────────────────

    attachment #2: video (video/webm) ──────────────────────────────────────────────────────────────
    tests/system/artifacts/dashboard-Dashboard-System-d92b5-ld-open-create-course-modal-chromium/video.webm
    ────────────────────────────────────────────────────────────────────────────────────────────────

    Error Context: artifacts/dashboard-Dashboard-System-d92b5-ld-open-create-course-modal-chromium/error-context.md
]]>
</failure>
<system-out>
<![CDATA[
[[ATTACHMENT|../artifacts/dashboard-Dashboard-System-d92b5-ld-open-create-course-modal-chromium/test-failed-1.png]]

[[ATTACHMENT|../artifacts/dashboard-Dashboard-System-d92b5-ld-open-create-course-modal-chromium/video.webm]]

[[ATTACHMENT|../artifacts/dashboard-Dashboard-System-d92b5-ld-open-create-course-modal-chromium/error-context.md]]
]]>
</system-out>
</testcase>
<testcase name="Dashboard System Tests › should handle course creation" classname="dashboard.spec.js" time="11.452">
<failure message="dashboard.spec.js:128:3 should handle course creation" type="FAILURE">
<![CDATA[  [chromium] › dashboard.spec.js:128:3 › Dashboard System Tests › should handle course creation ────

    TimeoutError: page.click: Timeout 10000ms exceeded.
    Call log:
      - waiting for locator('[title="Create Course"]')


      155 |     // Open create course modal
      156 |     await page.click('[aria-label="SpeedDial basic example"]');
    > 157 |     await page.click('[title="Create Course"]');
          |                ^
      158 |     
      159 |     // Fill form
      160 |     await page.fill('label:has-text("Name") input', 'New Test Course');
        at /Users/tarikmaljanovic/Desktop/codeUni/tests/system/dashboard.spec.js:157:16

    attachment #1: screenshot (image/png) ──────────────────────────────────────────────────────────
    tests/system/artifacts/dashboard-Dashboard-System-ab7ea-ould-handle-course-creation-chromium/test-failed-1.png
    ────────────────────────────────────────────────────────────────────────────────────────────────

    attachment #2: video (video/webm) ──────────────────────────────────────────────────────────────
    tests/system/artifacts/dashboard-Dashboard-System-ab7ea-ould-handle-course-creation-chromium/video.webm
    ────────────────────────────────────────────────────────────────────────────────────────────────

    Error Context: artifacts/dashboard-Dashboard-System-ab7ea-ould-handle-course-creation-chromium/error-context.md
]]>
</failure>
<system-out>
<![CDATA[
[[ATTACHMENT|../artifacts/dashboard-Dashboard-System-ab7ea-ould-handle-course-creation-chromium/test-failed-1.png]]

[[ATTACHMENT|../artifacts/dashboard-Dashboard-System-ab7ea-ould-handle-course-creation-chromium/video.webm]]

[[ATTACHMENT|../artifacts/dashboard-Dashboard-System-ab7ea-ould-handle-course-creation-chromium/error-context.md]]
]]>
</system-out>
</testcase>
<testcase name="Dashboard System Tests › should display badges section" classname="dashboard.spec.js" time="1.028">
<failure message="dashboard.spec.js:177:3 should display badges section" type="FAILURE">
<![CDATA[  [chromium] › dashboard.spec.js:177:3 › Dashboard System Tests › should display badges section ────

    Error: expect.toBeVisible: Error: strict mode violation: locator('text=Badges') resolved to 2 elements:
        1) <div class="section-title">Badges</div> aka getByText('Badges', { exact: true })
        2) <div class="columns is-multiline is-desktop list">…</div> aka locator('div').filter({ hasText: 'SeniorBy completing all but' }).nth(1)

    Call log:
      - Expect "toBeVisible" with timeout 5000ms
      - waiting for locator('text=Badges')


      179 |     
      180 |     // Verify badges section is present
    > 181 |     await expect(page.locator('text=Badges')).toBeVisible();
          |                                               ^
      182 |     await expect(page.locator('text=JavaScript Master')).toBeVisible();
      183 |   });
      184 |
        at /Users/tarikmaljanovic/Desktop/codeUni/tests/system/dashboard.spec.js:181:47

    attachment #1: screenshot (image/png) ──────────────────────────────────────────────────────────
    tests/system/artifacts/dashboard-Dashboard-System-c74b2-ould-display-badges-section-chromium/test-failed-1.png
    ────────────────────────────────────────────────────────────────────────────────────────────────

    attachment #2: video (video/webm) ──────────────────────────────────────────────────────────────
    tests/system/artifacts/dashboard-Dashboard-System-c74b2-ould-display-badges-section-chromium/video.webm
    ────────────────────────────────────────────────────────────────────────────────────────────────

    Error Context: artifacts/dashboard-Dashboard-System-c74b2-ould-display-badges-section-chromium/error-context.md
]]>
</failure>
<system-out>
<![CDATA[
[[ATTACHMENT|../artifacts/dashboard-Dashboard-System-c74b2-ould-display-badges-section-chromium/test-failed-1.png]]

[[ATTACHMENT|../artifacts/dashboard-Dashboard-System-c74b2-ould-display-badges-section-chromium/video.webm]]

[[ATTACHMENT|../artifacts/dashboard-Dashboard-System-c74b2-ould-display-badges-section-chromium/error-context.md]]
]]>
</system-out>
</testcase>
<testcase name="Dashboard System Tests › should handle show more/less functionality" classname="dashboard.spec.js" time="5.847">
<failure message="dashboard.spec.js:185:3 should handle show more/less functionality" type="FAILURE">
<![CDATA[  [chromium] › dashboard.spec.js:185:3 › Dashboard System Tests › should handle show more/less functionality 

    Error: Timed out 5000ms waiting for expect(locator).toBeVisible()

    Locator: locator('text=Course 1')
    Expected: visible
    Received: <element(s) not found>
    Call log:
      - Expect "toBeVisible" with timeout 5000ms
      - waiting for locator('text=Course 1')


      203 |     
      204 |     // Wait for courses to load
    > 205 |     await expect(page.locator('text=Course 1')).toBeVisible();
          |                                                 ^
      206 |     await expect(page.locator('text=Course 6')).toBeVisible();
      207 |     
      208 |     // Verify show more button is present
        at /Users/tarikmaljanovic/Desktop/codeUni/tests/system/dashboard.spec.js:205:49

    attachment #1: screenshot (image/png) ──────────────────────────────────────────────────────────
    tests/system/artifacts/dashboard-Dashboard-System-b09bb-how-more-less-functionality-chromium/test-failed-1.png
    ────────────────────────────────────────────────────────────────────────────────────────────────

    attachment #2: video (video/webm) ──────────────────────────────────────────────────────────────
    tests/system/artifacts/dashboard-Dashboard-System-b09bb-how-more-less-functionality-chromium/video.webm
    ────────────────────────────────────────────────────────────────────────────────────────────────

    Error Context: artifacts/dashboard-Dashboard-System-b09bb-how-more-less-functionality-chromium/error-context.md
]]>
</failure>
<system-out>
<![CDATA[
[[ATTACHMENT|../artifacts/dashboard-Dashboard-System-b09bb-how-more-less-functionality-chromium/test-failed-1.png]]

[[ATTACHMENT|../artifacts/dashboard-Dashboard-System-b09bb-how-more-less-functionality-chromium/video.webm]]

[[ATTACHMENT|../artifacts/dashboard-Dashboard-System-b09bb-how-more-less-functionality-chromium/error-context.md]]
]]>
</system-out>
</testcase>
<testcase name="Dashboard System Tests › should be responsive on mobile devices" classname="dashboard.spec.js" time="0.86">
<failure message="dashboard.spec.js:221:3 should be responsive on mobile devices" type="FAILURE">
<![CDATA[  [chromium] › dashboard.spec.js:221:3 › Dashboard System Tests › should be responsive on mobile devices 

    Error: expect.toBeVisible: Error: strict mode violation: locator('.course-list') resolved to 2 elements:
        1) <div class="columns is-multiline is-desktop course-list">…</div> aka getByText('JavaScriptPythonPHPJavaRuby')
        2) <div class="columns is-multiline is-desktop course-list less"></div> aka locator('.columns.is-multiline.is-desktop.course-list.less')

    Call log:
      - Expect "toBeVisible" with timeout 5000ms
      - waiting for locator('.course-list')


      229 |     
      230 |     // Verify content is still accessible
    > 231 |     await expect(page.locator('.course-list')).toBeVisible();
          |                                                ^
      232 |   });
      233 |
      234 |   test('should handle API errors gracefully', async ({ page }) => {
        at /Users/tarikmaljanovic/Desktop/codeUni/tests/system/dashboard.spec.js:231:48

    attachment #1: screenshot (image/png) ──────────────────────────────────────────────────────────
    tests/system/artifacts/dashboard-Dashboard-System-134aa-esponsive-on-mobile-devices-chromium/test-failed-1.png
    ────────────────────────────────────────────────────────────────────────────────────────────────

    attachment #2: video (video/webm) ──────────────────────────────────────────────────────────────
    tests/system/artifacts/dashboard-Dashboard-System-134aa-esponsive-on-mobile-devices-chromium/video.webm
    ────────────────────────────────────────────────────────────────────────────────────────────────

    Error Context: artifacts/dashboard-Dashboard-System-134aa-esponsive-on-mobile-devices-chromium/error-context.md
]]>
</failure>
<system-out>
<![CDATA[
[[ATTACHMENT|../artifacts/dashboard-Dashboard-System-134aa-esponsive-on-mobile-devices-chromium/test-failed-1.png]]

[[ATTACHMENT|../artifacts/dashboard-Dashboard-System-134aa-esponsive-on-mobile-devices-chromium/video.webm]]

[[ATTACHMENT|../artifacts/dashboard-Dashboard-System-134aa-esponsive-on-mobile-devices-chromium/error-context.md]]
]]>
</system-out>
</testcase>
<testcase name="Dashboard System Tests › should handle API errors gracefully" classname="dashboard.spec.js" time="0.88">
</testcase>
<testcase name="Dashboard System Tests › should redirect unauthenticated users" classname="dashboard.spec.js" time="5.69">
<failure message="dashboard.spec.js:250:3 should redirect unauthenticated users" type="FAILURE">
<![CDATA[  [chromium] › dashboard.spec.js:250:3 › Dashboard System Tests › should redirect unauthenticated users 

    Error: Timed out 5000ms waiting for expect(locator).toHaveURL(expected)

    Locator: locator(':root')
    Expected string: "http://localhost:3000/"
    Received string: "http://localhost:3000/dashboard"
    Call log:
      - Expect "toHaveURL" with timeout 5000ms
      - waiting for locator(':root')
        9 × locator resolved to <html lang="en">…</html>
          - unexpected value "http://localhost:3000/dashboard"


      257 |     
      258 |     // Should redirect to landing page
    > 259 |     await expect(page).toHaveURL('/');
          |                        ^
      260 |   });
      261 | }); 
        at /Users/tarikmaljanovic/Desktop/codeUni/tests/system/dashboard.spec.js:259:24

    attachment #1: screenshot (image/png) ──────────────────────────────────────────────────────────
    tests/system/artifacts/dashboard-Dashboard-System-69def-irect-unauthenticated-users-chromium/test-failed-1.png
    ────────────────────────────────────────────────────────────────────────────────────────────────

    attachment #2: video (video/webm) ──────────────────────────────────────────────────────────────
    tests/system/artifacts/dashboard-Dashboard-System-69def-irect-unauthenticated-users-chromium/video.webm
    ────────────────────────────────────────────────────────────────────────────────────────────────

    Error Context: artifacts/dashboard-Dashboard-System-69def-irect-unauthenticated-users-chromium/error-context.md
]]>
</failure>
<system-out>
<![CDATA[
[[ATTACHMENT|../artifacts/dashboard-Dashboard-System-69def-irect-unauthenticated-users-chromium/test-failed-1.png]]

[[ATTACHMENT|../artifacts/dashboard-Dashboard-System-69def-irect-unauthenticated-users-chromium/video.webm]]

[[ATTACHMENT|../artifacts/dashboard-Dashboard-System-69def-irect-unauthenticated-users-chromium/error-context.md]]
]]>
</system-out>
</testcase>
</testsuite>
<testsuite name="performance.spec.js" timestamp="2025-06-15T10:19:03.981Z" hostname="chromium" tests="12" failures="11" skipped="0" time="16.855" errors="0">
<testcase name="Performance and Accessibility System Tests › should load landing page within acceptable time" classname="performance.spec.js" time="0.73">
<failure message="performance.spec.js:37:3 should load landing page within acceptable time" type="FAILURE">
<![CDATA[  [chromium] › performance.spec.js:37:3 › Performance and Accessibility System Tests › should load landing page within acceptable time 

    Error: expect.toBeVisible: Error: strict mode violation: locator('.banner') resolved to 2 elements:
        1) <div class="banner">codeuni</div> aka getByText('codeuni').first()
        2) <div class="banner">codeuni</div> aka getByText('codeuni').nth(1)

    Call log:
      - Expect "toBeVisible" with timeout 5000ms
      - waiting for locator('.banner')


      41 |     
      42 |     // Wait for main content to be visible
    > 43 |     await expect(page.locator('.banner')).toBeVisible();
         |                                           ^
      44 |     
      45 |     const loadTime = Date.now() - startTime;
      46 |     
        at /Users/tarikmaljanovic/Desktop/codeUni/tests/system/performance.spec.js:43:43

    attachment #1: screenshot (image/png) ──────────────────────────────────────────────────────────
    tests/system/artifacts/performance-Performance-an-4d0af-page-within-acceptable-time-chromium/test-failed-1.png
    ────────────────────────────────────────────────────────────────────────────────────────────────

    attachment #2: video (video/webm) ──────────────────────────────────────────────────────────────
    tests/system/artifacts/performance-Performance-an-4d0af-page-within-acceptable-time-chromium/video.webm
    ────────────────────────────────────────────────────────────────────────────────────────────────

    Error Context: artifacts/performance-Performance-an-4d0af-page-within-acceptable-time-chromium/error-context.md
]]>
</failure>
<system-out>
<![CDATA[
[[ATTACHMENT|../artifacts/performance-Performance-an-4d0af-page-within-acceptable-time-chromium/test-failed-1.png]]

[[ATTACHMENT|../artifacts/performance-Performance-an-4d0af-page-within-acceptable-time-chromium/video.webm]]

[[ATTACHMENT|../artifacts/performance-Performance-an-4d0af-page-within-acceptable-time-chromium/error-context.md]]
]]>
</system-out>
</testcase>
<testcase name="Performance and Accessibility System Tests › should load dashboard within acceptable time" classname="performance.spec.js" time="0.801">
<failure message="performance.spec.js:51:3 should load dashboard within acceptable time" type="FAILURE">
<![CDATA[  [chromium] › performance.spec.js:51:3 › Performance and Accessibility System Tests › should load dashboard within acceptable time 

    Error: expect.toBeVisible: Error: strict mode violation: locator('.course-list') resolved to 2 elements:
        1) <div class="columns is-multiline is-desktop course-list"></div> aka locator('.columns').first()
        2) <div class="columns is-multiline is-desktop course-list less"></div> aka locator('.columns.is-multiline.is-desktop.course-list.less')

    Call log:
      - Expect "toBeVisible" with timeout 5000ms
      - waiting for locator('.course-list')


      55 |     
      56 |     // Wait for main content to be visible
    > 57 |     await expect(page.locator('.course-list')).toBeVisible();
         |                                                ^
      58 |     
      59 |     const loadTime = Date.now() - startTime;
      60 |     
        at /Users/tarikmaljanovic/Desktop/codeUni/tests/system/performance.spec.js:57:48

    attachment #1: screenshot (image/png) ──────────────────────────────────────────────────────────
    tests/system/artifacts/performance-Performance-an-3e3d8-oard-within-acceptable-time-chromium/test-failed-1.png
    ────────────────────────────────────────────────────────────────────────────────────────────────

    attachment #2: video (video/webm) ──────────────────────────────────────────────────────────────
    tests/system/artifacts/performance-Performance-an-3e3d8-oard-within-acceptable-time-chromium/video.webm
    ────────────────────────────────────────────────────────────────────────────────────────────────

    Error Context: artifacts/performance-Performance-an-3e3d8-oard-within-acceptable-time-chromium/error-context.md
]]>
</failure>
<system-out>
<![CDATA[
[[ATTACHMENT|../artifacts/performance-Performance-an-3e3d8-oard-within-acceptable-time-chromium/test-failed-1.png]]

[[ATTACHMENT|../artifacts/performance-Performance-an-3e3d8-oard-within-acceptable-time-chromium/video.webm]]

[[ATTACHMENT|../artifacts/performance-Performance-an-3e3d8-oard-within-acceptable-time-chromium/error-context.md]]
]]>
</system-out>
</testcase>
<testcase name="Performance and Accessibility System Tests › should have good Core Web Vitals" classname="performance.spec.js" time="1.813">
</testcase>
<testcase name="Performance and Accessibility System Tests › should be accessible - landing page" classname="performance.spec.js" time="0.878">
<failure message="performance.spec.js:96:3 should be accessible - landing page" type="FAILURE">
<![CDATA[  [chromium] › performance.spec.js:96:3 › Performance and Accessibility System Tests › should be accessible - landing page 

    Error: expect.toBeVisible: Error: strict mode violation: locator('input[type="email"]') resolved to 2 elements:
        1) <input type="email" aria-invalid="false" class="MuiInputBase-input MuiInput-input MuiInputBase-inputAdornedEnd css-1x51dt5-MuiInputBase-input-MuiInput-input"/> aka locator('div').filter({ hasText: /^codeuniFirst NameLast NameEmailPasswordAlready have an account\? Log inBackNext$/ }).locator('input[type="email"]')
        2) <input type="email" aria-invalid="false" class="MuiInputBase-input MuiInput-input MuiInputBase-inputAdornedEnd css-1x51dt5-MuiInputBase-input-MuiInput-input"/> aka locator('div').filter({ hasText: /^codeuniEmailPasswordNo account\? Sign upLog In$/ }).locator('input[type="email"]')

    Call log:
      - Expect "toBeVisible" with timeout 5000ms
      - waiting for locator('input[type="email"]')


      105 |     // Form inputs should have labels or aria-labels
      106 |     const emailInput = page.locator('input[type="email"]');
    > 107 |     await expect(emailInput).toBeVisible();
          |                              ^
      108 |     
      109 |     const passwordInput = page.locator('input[type="password"]');
      110 |     await expect(passwordInput).toBeVisible();
        at /Users/tarikmaljanovic/Desktop/codeUni/tests/system/performance.spec.js:107:30

    attachment #1: screenshot (image/png) ──────────────────────────────────────────────────────────
    tests/system/artifacts/performance-Performance-an-ab406-e-accessible---landing-page-chromium/test-failed-1.png
    ────────────────────────────────────────────────────────────────────────────────────────────────

    attachment #2: video (video/webm) ──────────────────────────────────────────────────────────────
    tests/system/artifacts/performance-Performance-an-ab406-e-accessible---landing-page-chromium/video.webm
    ────────────────────────────────────────────────────────────────────────────────────────────────

    Error Context: artifacts/performance-Performance-an-ab406-e-accessible---landing-page-chromium/error-context.md
]]>
</failure>
<system-out>
<![CDATA[
[[ATTACHMENT|../artifacts/performance-Performance-an-ab406-e-accessible---landing-page-chromium/test-failed-1.png]]

[[ATTACHMENT|../artifacts/performance-Performance-an-ab406-e-accessible---landing-page-chromium/video.webm]]

[[ATTACHMENT|../artifacts/performance-Performance-an-ab406-e-accessible---landing-page-chromium/error-context.md]]
]]>
</system-out>
</testcase>
<testcase name="Performance and Accessibility System Tests › should be accessible - dashboard page" classname="performance.spec.js" time="0.88">
<failure message="performance.spec.js:122:3 should be accessible - dashboard page" type="FAILURE">
<![CDATA[  [chromium] › performance.spec.js:122:3 › Performance and Accessibility System Tests › should be accessible - dashboard page 

    Error: expect.toBeVisible: Error: strict mode violation: locator('.course-list') resolved to 2 elements:
        1) <div class="columns is-multiline is-desktop course-list">…</div> aka getByText('JavaScriptPythonPHPJavaRuby')
        2) <div class="columns is-multiline is-desktop course-list less"></div> aka locator('.columns.is-multiline.is-desktop.course-list.less')

    Call log:
      - Expect "toBeVisible" with timeout 5000ms
      - waiting for locator('.course-list')


      124 |     
      125 |     // Wait for content to load
    > 126 |     await expect(page.locator('.course-list')).toBeVisible();
          |                                                ^
      127 |     
      128 |     // Navigation should be accessible
      129 |     await expect(page.locator('.nav-container')).toBeVisible();
        at /Users/tarikmaljanovic/Desktop/codeUni/tests/system/performance.spec.js:126:48

    attachment #1: screenshot (image/png) ──────────────────────────────────────────────────────────
    tests/system/artifacts/performance-Performance-an-2d06e-accessible---dashboard-page-chromium/test-failed-1.png
    ────────────────────────────────────────────────────────────────────────────────────────────────

    attachment #2: video (video/webm) ──────────────────────────────────────────────────────────────
    tests/system/artifacts/performance-Performance-an-2d06e-accessible---dashboard-page-chromium/video.webm
    ────────────────────────────────────────────────────────────────────────────────────────────────

    Error Context: artifacts/performance-Performance-an-2d06e-accessible---dashboard-page-chromium/error-context.md
]]>
</failure>
<system-out>
<![CDATA[
[[ATTACHMENT|../artifacts/performance-Performance-an-2d06e-accessible---dashboard-page-chromium/test-failed-1.png]]

[[ATTACHMENT|../artifacts/performance-Performance-an-2d06e-accessible---dashboard-page-chromium/video.webm]]

[[ATTACHMENT|../artifacts/performance-Performance-an-2d06e-accessible---dashboard-page-chromium/error-context.md]]
]]>
</system-out>
</testcase>
<testcase name="Performance and Accessibility System Tests › should handle keyboard navigation" classname="performance.spec.js" time="5.879">
<failure message="performance.spec.js:144:3 should handle keyboard navigation" type="FAILURE">
<![CDATA[  [chromium] › performance.spec.js:144:3 › Performance and Accessibility System Tests › should handle keyboard navigation 

    Error: Timed out 5000ms waiting for expect(locator).toBeVisible()

    Locator: locator('.MuiAlert-root')
    Expected: visible
    Received: <element(s) not found>
    Call log:
      - Expect "toBeVisible" with timeout 5000ms
      - waiting for locator('.MuiAlert-root')


      154 |     
      155 |     // Should trigger form validation
    > 156 |     await expect(page.locator('.MuiAlert-root')).toBeVisible();
          |                                                  ^
      157 |   });
      158 |
      159 |   test('should work with screen reader simulation', async ({ page }) => {
        at /Users/tarikmaljanovic/Desktop/codeUni/tests/system/performance.spec.js:156:50

    attachment #1: screenshot (image/png) ──────────────────────────────────────────────────────────
    tests/system/artifacts/performance-Performance-an-da561--handle-keyboard-navigation-chromium/test-failed-1.png
    ────────────────────────────────────────────────────────────────────────────────────────────────

    attachment #2: video (video/webm) ──────────────────────────────────────────────────────────────
    tests/system/artifacts/performance-Performance-an-da561--handle-keyboard-navigation-chromium/video.webm
    ────────────────────────────────────────────────────────────────────────────────────────────────

    Error Context: artifacts/performance-Performance-an-da561--handle-keyboard-navigation-chromium/error-context.md
]]>
</failure>
<system-out>
<![CDATA[
[[ATTACHMENT|../artifacts/performance-Performance-an-da561--handle-keyboard-navigation-chromium/test-failed-1.png]]

[[ATTACHMENT|../artifacts/performance-Performance-an-da561--handle-keyboard-navigation-chromium/video.webm]]

[[ATTACHMENT|../artifacts/performance-Performance-an-da561--handle-keyboard-navigation-chromium/error-context.md]]
]]>
</system-out>
</testcase>
<testcase name="Performance and Accessibility System Tests › should work with screen reader simulation" classname="performance.spec.js" time="0.894">
<failure message="performance.spec.js:159:3 should work with screen reader simulation" type="FAILURE">
<![CDATA[  [chromium] › performance.spec.js:159:3 › Performance and Accessibility System Tests › should work with screen reader simulation 

    Error: expect.toBeVisible: Error: strict mode violation: locator('.banner') resolved to 2 elements:
        1) <div class="banner">codeuni</div> aka getByText('codeuni').first()
        2) <div class="banner">codeuni</div> aka getByText('codeuni').nth(1)

    Call log:
      - Expect "toBeVisible" with timeout 5000ms
      - waiting for locator('.banner')


      162 |     // Check for ARIA attributes and semantic HTML
      163 |     const banner = page.locator('.banner');
    > 164 |     await expect(banner).toBeVisible();
          |                          ^
      165 |     
      166 |     // Form should have proper structure
      167 |     const form = page.locator('form, .form-body');
        at /Users/tarikmaljanovic/Desktop/codeUni/tests/system/performance.spec.js:164:26

    attachment #1: screenshot (image/png) ──────────────────────────────────────────────────────────
    tests/system/artifacts/performance-Performance-an-26fce-th-screen-reader-simulation-chromium/test-failed-1.png
    ────────────────────────────────────────────────────────────────────────────────────────────────

    attachment #2: video (video/webm) ──────────────────────────────────────────────────────────────
    tests/system/artifacts/performance-Performance-an-26fce-th-screen-reader-simulation-chromium/video.webm
    ────────────────────────────────────────────────────────────────────────────────────────────────

    Error Context: artifacts/performance-Performance-an-26fce-th-screen-reader-simulation-chromium/error-context.md
]]>
</failure>
<system-out>
<![CDATA[
[[ATTACHMENT|../artifacts/performance-Performance-an-26fce-th-screen-reader-simulation-chromium/test-failed-1.png]]

[[ATTACHMENT|../artifacts/performance-Performance-an-26fce-th-screen-reader-simulation-chromium/video.webm]]

[[ATTACHMENT|../artifacts/performance-Performance-an-26fce-th-screen-reader-simulation-chromium/error-context.md]]
]]>
</system-out>
</testcase>
<testcase name="Performance and Accessibility System Tests › should handle high contrast mode" classname="performance.spec.js" time="0.724">
<failure message="performance.spec.js:184:3 should handle high contrast mode" type="FAILURE">
<![CDATA[  [chromium] › performance.spec.js:184:3 › Performance and Accessibility System Tests › should handle high contrast mode 

    Error: expect.toBeVisible: Error: strict mode violation: locator('.banner') resolved to 2 elements:
        1) <div class="banner">codeuni</div> aka getByText('codeuni').first()
        2) <div class="banner">codeuni</div> aka getByText('codeuni').nth(1)

    Call log:
      - Expect "toBeVisible" with timeout 5000ms
      - waiting for locator('.banner')


      189 |     
      190 |     // Elements should still be visible
    > 191 |     await expect(page.locator('.banner')).toBeVisible();
          |                                           ^
      192 |     await expect(page.locator('input[type="email"]')).toBeVisible();
      193 |     await expect(page.locator('button:has-text("Login")')).toBeVisible();
      194 |   });
        at /Users/tarikmaljanovic/Desktop/codeUni/tests/system/performance.spec.js:191:43

    attachment #1: screenshot (image/png) ──────────────────────────────────────────────────────────
    tests/system/artifacts/performance-Performance-an-b1db0-d-handle-high-contrast-mode-chromium/test-failed-1.png
    ────────────────────────────────────────────────────────────────────────────────────────────────

    attachment #2: video (video/webm) ──────────────────────────────────────────────────────────────
    tests/system/artifacts/performance-Performance-an-b1db0-d-handle-high-contrast-mode-chromium/video.webm
    ────────────────────────────────────────────────────────────────────────────────────────────────

    Error Context: artifacts/performance-Performance-an-b1db0-d-handle-high-contrast-mode-chromium/error-context.md
]]>
</failure>
<system-out>
<![CDATA[
[[ATTACHMENT|../artifacts/performance-Performance-an-b1db0-d-handle-high-contrast-mode-chromium/test-failed-1.png]]

[[ATTACHMENT|../artifacts/performance-Performance-an-b1db0-d-handle-high-contrast-mode-chromium/video.webm]]

[[ATTACHMENT|../artifacts/performance-Performance-an-b1db0-d-handle-high-contrast-mode-chromium/error-context.md]]
]]>
</system-out>
</testcase>
<testcase name="Performance and Accessibility System Tests › should handle reduced motion preferences" classname="performance.spec.js" time="0.914">
<failure message="performance.spec.js:196:3 should handle reduced motion preferences" type="FAILURE">
<![CDATA[  [chromium] › performance.spec.js:196:3 › Performance and Accessibility System Tests › should handle reduced motion preferences 

    Error: expect.toBeVisible: Error: strict mode violation: locator('.banner') resolved to 2 elements:
        1) <div class="banner">codeuni</div> aka getByText('codeuni').first()
        2) <div class="banner">codeuni</div> aka getByText('codeuni').nth(1)

    Call log:
      - Expect "toBeVisible" with timeout 5000ms
      - waiting for locator('.banner')


      201 |     
      202 |     // Page should still function normally
    > 203 |     await expect(page.locator('.banner')).toBeVisible();
          |                                           ^
      204 |     
      205 |     // Animations should be reduced (this would need CSS testing)
      206 |     // For now, just verify the page loads correctly
        at /Users/tarikmaljanovic/Desktop/codeUni/tests/system/performance.spec.js:203:43

    attachment #1: screenshot (image/png) ──────────────────────────────────────────────────────────
    tests/system/artifacts/performance-Performance-an-0f1d9--reduced-motion-preferences-chromium/test-failed-1.png
    ────────────────────────────────────────────────────────────────────────────────────────────────

    attachment #2: video (video/webm) ──────────────────────────────────────────────────────────────
    tests/system/artifacts/performance-Performance-an-0f1d9--reduced-motion-preferences-chromium/video.webm
    ────────────────────────────────────────────────────────────────────────────────────────────────

    Error Context: artifacts/performance-Performance-an-0f1d9--reduced-motion-preferences-chromium/error-context.md
]]>
</failure>
<system-out>
<![CDATA[
[[ATTACHMENT|../artifacts/performance-Performance-an-0f1d9--reduced-motion-preferences-chromium/test-failed-1.png]]

[[ATTACHMENT|../artifacts/performance-Performance-an-0f1d9--reduced-motion-preferences-chromium/video.webm]]

[[ATTACHMENT|../artifacts/performance-Performance-an-0f1d9--reduced-motion-preferences-chromium/error-context.md]]
]]>
</system-out>
</testcase>
<testcase name="Performance and Accessibility System Tests › should be responsive across different screen sizes" classname="performance.spec.js" time="1.128">
<failure message="performance.spec.js:209:3 should be responsive across different screen sizes" type="FAILURE">
<![CDATA[  [chromium] › performance.spec.js:209:3 › Performance and Accessibility System Tests › should be responsive across different screen sizes 

    Error: expect.toBeVisible: Error: strict mode violation: locator('.banner') resolved to 2 elements:
        1) <div class="banner">codeuni</div> aka getByText('codeuni').first()
        2) <div class="banner">codeuni</div> aka getByText('codeuni').nth(1)

    Call log:
      - Expect "toBeVisible" with timeout 5000ms
      - waiting for locator('.banner')


      221 |       
      222 |       // Main elements should be visible at all sizes
    > 223 |       await expect(page.locator('.banner')).toBeVisible();
          |                                             ^
      224 |       await expect(page.locator('.landing-box')).toBeVisible();
      225 |       
      226 |       // Form should be usable
        at /Users/tarikmaljanovic/Desktop/codeUni/tests/system/performance.spec.js:223:45

    attachment #1: screenshot (image/png) ──────────────────────────────────────────────────────────
    tests/system/artifacts/performance-Performance-an-0976b-ross-different-screen-sizes-chromium/test-failed-1.png
    ────────────────────────────────────────────────────────────────────────────────────────────────

    attachment #2: video (video/webm) ──────────────────────────────────────────────────────────────
    tests/system/artifacts/performance-Performance-an-0976b-ross-different-screen-sizes-chromium/video.webm
    ────────────────────────────────────────────────────────────────────────────────────────────────

    Error Context: artifacts/performance-Performance-an-0976b-ross-different-screen-sizes-chromium/error-context.md
]]>
</failure>
<system-out>
<![CDATA[
[[ATTACHMENT|../artifacts/performance-Performance-an-0976b-ross-different-screen-sizes-chromium/test-failed-1.png]]

[[ATTACHMENT|../artifacts/performance-Performance-an-0976b-ross-different-screen-sizes-chromium/video.webm]]

[[ATTACHMENT|../artifacts/performance-Performance-an-0976b-ross-different-screen-sizes-chromium/error-context.md]]
]]>
</system-out>
</testcase>
<testcase name="Performance and Accessibility System Tests › should handle slow network conditions" classname="performance.spec.js" time="1.006">
<failure message="performance.spec.js:232:3 should handle slow network conditions" type="FAILURE">
<![CDATA[  [chromium] › performance.spec.js:232:3 › Performance and Accessibility System Tests › should handle slow network conditions 

    Error: expect.toBeVisible: Error: strict mode violation: locator('.banner') resolved to 2 elements:
        1) <div class="banner">codeuni</div> aka getByText('codeuni').first()
        2) <div class="banner">codeuni</div> aka getByText('codeuni').nth(1)

    Call log:
      - Expect "toBeVisible" with timeout 5000ms
      - waiting for locator('.banner')


      242 |     
      243 |     // Should still load within reasonable time even on slow network
[...]
    ────────────────────────────────────────────────────────────────────────────────────────────────

    Error Context: artifacts/performance-Performance-an-ab406-e-accessible---landing-page-Mobile-Safari/error-context.md
]]>
</failure>
<system-out>
<![CDATA[
[[ATTACHMENT|../artifacts/performance-Performance-an-ab406-e-accessible---landing-page-Mobile-Safari/test-failed-1.png]]

[[ATTACHMENT|../artifacts/performance-Performance-an-ab406-e-accessible---landing-page-Mobile-Safari/video.webm]]

[[ATTACHMENT|../artifacts/performance-Performance-an-ab406-e-accessible---landing-page-Mobile-Safari/error-context.md]]
]]>
</system-out>
</testcase>
<testcase name="Performance and Accessibility System Tests › should be accessible - dashboard page" classname="performance.spec.js" time="0.953">
<failure message="performance.spec.js:122:3 should be accessible - dashboard page" type="FAILURE">
<![CDATA[  [Mobile Safari] › performance.spec.js:122:3 › Performance and Accessibility System Tests › should be accessible - dashboard page 

    Error: expect.toBeVisible: Error: strict mode violation: locator('.course-list') resolved to 2 elements:
        1) <div class="columns is-multiline is-desktop course-list"></div> aka locator('.columns').first()
        2) <div class="columns is-multiline is-desktop course-list less"></div> aka locator('.columns.is-multiline.is-desktop.course-list.less')

    Call log:
      - Expect "toBeVisible" with timeout 5000ms
      - waiting for locator('.course-list')


      124 |     
      125 |     // Wait for content to load
    > 126 |     await expect(page.locator('.course-list')).toBeVisible();
          |                                                ^
      127 |     
      128 |     // Navigation should be accessible
      129 |     await expect(page.locator('.nav-container')).toBeVisible();
        at /Users/tarikmaljanovic/Desktop/codeUni/tests/system/performance.spec.js:126:48

    attachment #1: screenshot (image/png) ──────────────────────────────────────────────────────────
    tests/system/artifacts/performance-Performance-an-2d06e-accessible---dashboard-page-Mobile-Safari/test-failed-1.png
    ────────────────────────────────────────────────────────────────────────────────────────────────

    attachment #2: video (video/webm) ──────────────────────────────────────────────────────────────
    tests/system/artifacts/performance-Performance-an-2d06e-accessible---dashboard-page-Mobile-Safari/video.webm
    ────────────────────────────────────────────────────────────────────────────────────────────────

    Error Context: artifacts/performance-Performance-an-2d06e-accessible---dashboard-page-Mobile-Safari/error-context.md
]]>
</failure>
<system-out>
<![CDATA[
[[ATTACHMENT|../artifacts/performance-Performance-an-2d06e-accessible---dashboard-page-Mobile-Safari/test-failed-1.png]]

[[ATTACHMENT|../artifacts/performance-Performance-an-2d06e-accessible---dashboard-page-Mobile-Safari/video.webm]]

[[ATTACHMENT|../artifacts/performance-Performance-an-2d06e-accessible---dashboard-page-Mobile-Safari/error-context.md]]
]]>
</system-out>
</testcase>
<testcase name="Performance and Accessibility System Tests › should handle keyboard navigation" classname="performance.spec.js" time="6.243">
<failure message="performance.spec.js:144:3 should handle keyboard navigation" type="FAILURE">
<![CDATA[  [Mobile Safari] › performance.spec.js:144:3 › Performance and Accessibility System Tests › should handle keyboard navigation 

    Error: Timed out 5000ms waiting for expect(locator).toBeVisible()

    Locator: locator('.MuiAlert-root')
    Expected: visible
    Received: <element(s) not found>
    Call log:
      - Expect "toBeVisible" with timeout 5000ms
      - waiting for locator('.MuiAlert-root')


      154 |     
      155 |     // Should trigger form validation
    > 156 |     await expect(page.locator('.MuiAlert-root')).toBeVisible();
          |                                                  ^
      157 |   });
      158 |
      159 |   test('should work with screen reader simulation', async ({ page }) => {
        at /Users/tarikmaljanovic/Desktop/codeUni/tests/system/performance.spec.js:156:50

    attachment #1: screenshot (image/png) ──────────────────────────────────────────────────────────
    tests/system/artifacts/performance-Performance-an-da561--handle-keyboard-navigation-Mobile-Safari/test-failed-1.png
    ────────────────────────────────────────────────────────────────────────────────────────────────

    attachment #2: video (video/webm) ──────────────────────────────────────────────────────────────
    tests/system/artifacts/performance-Performance-an-da561--handle-keyboard-navigation-Mobile-Safari/video.webm
    ────────────────────────────────────────────────────────────────────────────────────────────────

    Error Context: artifacts/performance-Performance-an-da561--handle-keyboard-navigation-Mobile-Safari/error-context.md
]]>
</failure>
<system-out>
<![CDATA[
[[ATTACHMENT|../artifacts/performance-Performance-an-da561--handle-keyboard-navigation-Mobile-Safari/test-failed-1.png]]

[[ATTACHMENT|../artifacts/performance-Performance-an-da561--handle-keyboard-navigation-Mobile-Safari/video.webm]]

[[ATTACHMENT|../artifacts/performance-Performance-an-da561--handle-keyboard-navigation-Mobile-Safari/error-context.md]]
]]>
</system-out>
</testcase>
<testcase name="Performance and Accessibility System Tests › should work with screen reader simulation" classname="performance.spec.js" time="1.025">
<failure message="performance.spec.js:159:3 should work with screen reader simulation" type="FAILURE">
<![CDATA[  [Mobile Safari] › performance.spec.js:159:3 › Performance and Accessibility System Tests › should work with screen reader simulation 

    Error: expect.toBeVisible: Error: strict mode violation: locator('.banner') resolved to 2 elements:
        1) <div class="banner">codeuni</div> aka getByText('codeuni').first()
        2) <div class="banner">codeuni</div> aka getByText('codeuni').nth(1)

    Call log:
      - Expect "toBeVisible" with timeout 5000ms
      - waiting for locator('.banner')


      162 |     // Check for ARIA attributes and semantic HTML
      163 |     const banner = page.locator('.banner');
    > 164 |     await expect(banner).toBeVisible();
          |                          ^
      165 |     
      166 |     // Form should have proper structure
      167 |     const form = page.locator('form, .form-body');
        at /Users/tarikmaljanovic/Desktop/codeUni/tests/system/performance.spec.js:164:26

    attachment #1: screenshot (image/png) ──────────────────────────────────────────────────────────
    tests/system/artifacts/performance-Performance-an-26fce-th-screen-reader-simulation-Mobile-Safari/test-failed-1.png
    ────────────────────────────────────────────────────────────────────────────────────────────────

    attachment #2: video (video/webm) ──────────────────────────────────────────────────────────────
    tests/system/artifacts/performance-Performance-an-26fce-th-screen-reader-simulation-Mobile-Safari/video.webm
    ────────────────────────────────────────────────────────────────────────────────────────────────

    Error Context: artifacts/performance-Performance-an-26fce-th-screen-reader-simulation-Mobile-Safari/error-context.md
]]>
</failure>
<system-out>
<![CDATA[
[[ATTACHMENT|../artifacts/performance-Performance-an-26fce-th-screen-reader-simulation-Mobile-Safari/test-failed-1.png]]

[[ATTACHMENT|../artifacts/performance-Performance-an-26fce-th-screen-reader-simulation-Mobile-Safari/video.webm]]

[[ATTACHMENT|../artifacts/performance-Performance-an-26fce-th-screen-reader-simulation-Mobile-Safari/error-context.md]]
]]>
</system-out>
</testcase>
<testcase name="Performance and Accessibility System Tests › should handle high contrast mode" classname="performance.spec.js" time="0.976">
<failure message="performance.spec.js:184:3 should handle high contrast mode" type="FAILURE">
<![CDATA[  [Mobile Safari] › performance.spec.js:184:3 › Performance and Accessibility System Tests › should handle high contrast mode 

    Error: expect.toBeVisible: Error: strict mode violation: locator('.banner') resolved to 2 elements:
        1) <div class="banner">codeuni</div> aka getByText('codeuni').first()
        2) <div class="banner">codeuni</div> aka getByText('codeuni').nth(1)

    Call log:
      - Expect "toBeVisible" with timeout 5000ms
      - waiting for locator('.banner')


      189 |     
      190 |     // Elements should still be visible
    > 191 |     await expect(page.locator('.banner')).toBeVisible();
          |                                           ^
      192 |     await expect(page.locator('input[type="email"]')).toBeVisible();
      193 |     await expect(page.locator('button:has-text("Login")')).toBeVisible();
      194 |   });
        at /Users/tarikmaljanovic/Desktop/codeUni/tests/system/performance.spec.js:191:43

    attachment #1: screenshot (image/png) ──────────────────────────────────────────────────────────
    tests/system/artifacts/performance-Performance-an-b1db0-d-handle-high-contrast-mode-Mobile-Safari/test-failed-1.png
    ────────────────────────────────────────────────────────────────────────────────────────────────

    attachment #2: video (video/webm) ──────────────────────────────────────────────────────────────
    tests/system/artifacts/performance-Performance-an-b1db0-d-handle-high-contrast-mode-Mobile-Safari/video.webm
    ────────────────────────────────────────────────────────────────────────────────────────────────

    Error Context: artifacts/performance-Performance-an-b1db0-d-handle-high-contrast-mode-Mobile-Safari/error-context.md
]]>
</failure>
<system-out>
<![CDATA[
[[ATTACHMENT|../artifacts/performance-Performance-an-b1db0-d-handle-high-contrast-mode-Mobile-Safari/test-failed-1.png]]

[[ATTACHMENT|../artifacts/performance-Performance-an-b1db0-d-handle-high-contrast-mode-Mobile-Safari/video.webm]]

[[ATTACHMENT|../artifacts/performance-Performance-an-b1db0-d-handle-high-contrast-mode-Mobile-Safari/error-context.md]]
]]>
</system-out>
</testcase>
<testcase name="Performance and Accessibility System Tests › should handle reduced motion preferences" classname="performance.spec.js" time="1.079">
<failure message="performance.spec.js:196:3 should handle reduced motion preferences" type="FAILURE">
<![CDATA[  [Mobile Safari] › performance.spec.js:196:3 › Performance and Accessibility System Tests › should handle reduced motion preferences 

    Error: expect.toBeVisible: Error: strict mode violation: locator('.banner') resolved to 2 elements:
        1) <div class="banner">codeuni</div> aka getByText('codeuni').first()
        2) <div class="banner">codeuni</div> aka getByText('codeuni').nth(1)

    Call log:
      - Expect "toBeVisible" with timeout 5000ms
      - waiting for locator('.banner')


      201 |     
      202 |     // Page should still function normally
    > 203 |     await expect(page.locator('.banner')).toBeVisible();
          |                                           ^
      204 |     
      205 |     // Animations should be reduced (this would need CSS testing)
      206 |     // For now, just verify the page loads correctly
        at /Users/tarikmaljanovic/Desktop/codeUni/tests/system/performance.spec.js:203:43

    attachment #1: screenshot (image/png) ──────────────────────────────────────────────────────────
    tests/system/artifacts/performance-Performance-an-0f1d9--reduced-motion-preferences-Mobile-Safari/test-failed-1.png
    ────────────────────────────────────────────────────────────────────────────────────────────────

    attachment #2: video (video/webm) ──────────────────────────────────────────────────────────────
    tests/system/artifacts/performance-Performance-an-0f1d9--reduced-motion-preferences-Mobile-Safari/video.webm
    ────────────────────────────────────────────────────────────────────────────────────────────────

    Error Context: artifacts/performance-Performance-an-0f1d9--reduced-motion-preferences-Mobile-Safari/error-context.md
]]>
</failure>
<system-out>
<![CDATA[
[[ATTACHMENT|../artifacts/performance-Performance-an-0f1d9--reduced-motion-preferences-Mobile-Safari/test-failed-1.png]]

[[ATTACHMENT|../artifacts/performance-Performance-an-0f1d9--reduced-motion-preferences-Mobile-Safari/video.webm]]

[[ATTACHMENT|../artifacts/performance-Performance-an-0f1d9--reduced-motion-preferences-Mobile-Safari/error-context.md]]
]]>
</system-out>
</testcase>
<testcase name="Performance and Accessibility System Tests › should be responsive across different screen sizes" classname="performance.spec.js" time="1.113">
<failure message="performance.spec.js:209:3 should be responsive across different screen sizes" type="FAILURE">
<![CDATA[  [Mobile Safari] › performance.spec.js:209:3 › Performance and Accessibility System Tests › should be responsive across different screen sizes 

    Error: expect.toBeVisible: Error: strict mode violation: locator('.banner') resolved to 2 elements:
        1) <div class="banner">codeuni</div> aka getByText('codeuni').first()
        2) <div class="banner">codeuni</div> aka getByText('codeuni').nth(1)

    Call log:
      - Expect "toBeVisible" with timeout 5000ms
      - waiting for locator('.banner')


      221 |       
      222 |       // Main elements should be visible at all sizes
    > 223 |       await expect(page.locator('.banner')).toBeVisible();
          |                                             ^
      224 |       await expect(page.locator('.landing-box')).toBeVisible();
      225 |       
      226 |       // Form should be usable
        at /Users/tarikmaljanovic/Desktop/codeUni/tests/system/performance.spec.js:223:45

    attachment #1: screenshot (image/png) ──────────────────────────────────────────────────────────
    tests/system/artifacts/performance-Performance-an-0976b-ross-different-screen-sizes-Mobile-Safari/test-failed-1.png
    ────────────────────────────────────────────────────────────────────────────────────────────────

    attachment #2: video (video/webm) ──────────────────────────────────────────────────────────────
    tests/system/artifacts/performance-Performance-an-0976b-ross-different-screen-sizes-Mobile-Safari/video.webm
    ────────────────────────────────────────────────────────────────────────────────────────────────

    Error Context: artifacts/performance-Performance-an-0976b-ross-different-screen-sizes-Mobile-Safari/error-context.md
]]>
</failure>
<system-out>
<![CDATA[
[[ATTACHMENT|../artifacts/performance-Performance-an-0976b-ross-different-screen-sizes-Mobile-Safari/test-failed-1.png]]

[[ATTACHMENT|../artifacts/performance-Performance-an-0976b-ross-different-screen-sizes-Mobile-Safari/video.webm]]

[[ATTACHMENT|../artifacts/performance-Performance-an-0976b-ross-different-screen-sizes-Mobile-Safari/error-context.md]]
]]>
</system-out>
</testcase>
<testcase name="Performance and Accessibility System Tests › should handle slow network conditions" classname="performance.spec.js" time="1.252">
<failure message="performance.spec.js:232:3 should handle slow network conditions" type="FAILURE">
<![CDATA[  [Mobile Safari] › performance.spec.js:232:3 › Performance and Accessibility System Tests › should handle slow network conditions 

    Error: expect.toBeVisible: Error: strict mode violation: locator('.banner') resolved to 2 elements:
        1) <div class="banner">codeuni</div> aka getByText('codeuni').first()
        2) <div class="banner">codeuni</div> aka getByText('codeuni').nth(1)

    Call log:
      - Expect "toBeVisible" with timeout 5000ms
      - waiting for locator('.banner')


      242 |     
      243 |     // Should still load within reasonable time even on slow network
    > 244 |     await expect(page.locator('.banner')).toBeVisible();
          |                                           ^
      245 |     
      246 |     const loadTime = Date.now() - startTime;
      247 |     expect(loadTime).toBeLessThan(10000); // 10 seconds max for slow network
        at /Users/tarikmaljanovic/Desktop/codeUni/tests/system/performance.spec.js:244:43

    attachment #1: screenshot (image/png) ──────────────────────────────────────────────────────────
    tests/system/artifacts/performance-Performance-an-b32cd-dle-slow-network-conditions-Mobile-Safari/test-failed-1.png
    ────────────────────────────────────────────────────────────────────────────────────────────────

    attachment #2: video (video/webm) ──────────────────────────────────────────────────────────────
    tests/system/artifacts/performance-Performance-an-b32cd-dle-slow-network-conditions-Mobile-Safari/video.webm
    ────────────────────────────────────────────────────────────────────────────────────────────────

    Error Context: artifacts/performance-Performance-an-b32cd-dle-slow-network-conditions-Mobile-Safari/error-context.md
]]>
</failure>
<system-out>
<![CDATA[
[[ATTACHMENT|../artifacts/performance-Performance-an-b32cd-dle-slow-network-conditions-Mobile-Safari/test-failed-1.png]]

[[ATTACHMENT|../artifacts/performance-Performance-an-b32cd-dle-slow-network-conditions-Mobile-Safari/video.webm]]

[[ATTACHMENT|../artifacts/performance-Performance-an-b32cd-dle-slow-network-conditions-Mobile-Safari/error-context.md]]
]]>
</system-out>
</testcase>
<testcase name="Performance and Accessibility System Tests › should handle memory usage efficiently" classname="performance.spec.js" time="1.163">
<failure message="performance.spec.js:250:3 should handle memory usage efficiently" type="FAILURE">
<![CDATA[  [Mobile Safari] › performance.spec.js:250:3 › Performance and Accessibility System Tests › should handle memory usage efficiently 

    Error: expect.toBeVisible: Error: strict mode violation: locator('.course-list') resolved to 2 elements:
        1) <div class="columns is-multiline is-desktop course-list"></div> aka locator('.columns').first()
        2) <div class="columns is-multiline is-desktop course-list less"></div> aka locator('.columns.is-multiline.is-desktop.course-list.less')

    Call log:
      - Expect "toBeVisible" with timeout 5000ms
      - waiting for locator('.course-list')


      253 |     // Navigate through multiple pages to test memory usage
      254 |     await page.goto('/dashboard');
    > 255 |     await expect(page.locator('.course-list')).toBeVisible();
          |                                                ^
      256 |     
      257 |     await page.goto('/');
      258 |     await expect(page.locator('.banner')).toBeVisible();
        at /Users/tarikmaljanovic/Desktop/codeUni/tests/system/performance.spec.js:255:48

    attachment #1: screenshot (image/png) ──────────────────────────────────────────────────────────
    tests/system/artifacts/performance-Performance-an-0f2d8-le-memory-usage-efficiently-Mobile-Safari/test-failed-1.png
    ────────────────────────────────────────────────────────────────────────────────────────────────

    attachment #2: video (video/webm) ──────────────────────────────────────────────────────────────
    tests/system/artifacts/performance-Performance-an-0f2d8-le-memory-usage-efficiently-Mobile-Safari/video.webm
    ────────────────────────────────────────────────────────────────────────────────────────────────

    Error Context: artifacts/performance-Performance-an-0f2d8-le-memory-usage-efficiently-Mobile-Safari/error-context.md
]]>
</failure>
<system-out>
<![CDATA[
[[ATTACHMENT|../artifacts/performance-Performance-an-0f2d8-le-memory-usage-efficiently-Mobile-Safari/test-failed-1.png]]

[[ATTACHMENT|../artifacts/performance-Performance-an-0f2d8-le-memory-usage-efficiently-Mobile-Safari/video.webm]]

[[ATTACHMENT|../artifacts/performance-Performance-an-0f2d8-le-memory-usage-efficiently-Mobile-Safari/error-context.md]]
]]>
</system-out>
</testcase>
</testsuite>
</testsuites>