{"/Users/tarikmaljanovic/Desktop/codeUni/app/components/adminDashboard.js": {"path":"/Users/tarikmaljanovic/Desktop/codeUni/app/components/adminDashboard.js","statementMap":{"0":{"start":{"line":21,"column":24},"end":{"line":21,"column":41}},"1":{"start":{"line":2,"column":7},"end":{"line":2,"column":null}},"2":{"start":{"line":3,"column":18},"end":{"line":3,"column":null}},"3":{"start":{"line":4,"column":19},"end":{"line":4,"column":null}},"4":{"start":{"line":6,"column":48},"end":{"line":6,"column":null}},"5":{"start":{"line":7,"column":36},"end":{"line":7,"column":null}},"6":{"start":{"line":8,"column":19},"end":{"line":8,"column":null}},"7":{"start":{"line":9,"column":24},"end":{"line":9,"column":null}},"8":{"start":{"line":10,"column":22},"end":{"line":10,"column":null}},"9":{"start":{"line":11,"column":18},"end":{"line":11,"column":null}},"10":{"start":{"line":12,"column":18},"end":{"line":12,"column":null}},"11":{"start":{"line":13,"column":24},"end":{"line":13,"column":null}},"12":{"start":{"line":14,"column":24},"end":{"line":14,"column":null}},"13":{"start":{"line":15,"column":26},"end":{"line":15,"column":null}},"14":{"start":{"line":16,"column":18},"end":{"line":16,"column":null}},"15":{"start":{"line":17,"column":23},"end":{"line":17,"column":null}},"16":{"start":{"line":18,"column":18},"end":{"line":18,"column":null}},"17":{"start":{"line":19,"column":29},"end":{"line":19,"column":null}},"18":{"start":{"line":22,"column":20},"end":{"line":24,"column":null}},"19":{"start":{"line":25,"column":32},"end":{"line":25,"column":null}},"20":{"start":{"line":26,"column":28},"end":{"line":26,"column":null}},"21":{"start":{"line":27,"column":34},"end":{"line":27,"column":null}},"22":{"start":{"line":28,"column":32},"end":{"line":28,"column":null}},"23":{"start":{"line":29,"column":30},"end":{"line":29,"column":null}},"24":{"start":{"line":30,"column":39},"end":{"line":34,"column":null}},"25":{"start":{"line":36,"column":31},"end":{"line":50,"column":null}},"26":{"start":{"line":37,"column":21},"end":{"line":37,"column":null}},"27":{"start":{"line":38,"column":8},"end":{"line":38,"column":null}},"28":{"start":{"line":39,"column":8},"end":{"line":39,"column":null}},"29":{"start":{"line":41,"column":8},"end":{"line":49,"column":null}},"30":{"start":{"line":42,"column":12},"end":{"line":48,"column":null}},"31":{"start":{"line":47,"column":16},"end":{"line":47,"column":null}},"32":{"start":{"line":52,"column":4},"end":{"line":64,"column":null}},"33":{"start":{"line":53,"column":8},"end":{"line":57,"column":null}},"34":{"start":{"line":54,"column":12},"end":{"line":54,"column":null}},"35":{"start":{"line":56,"column":12},"end":{"line":56,"column":null}},"36":{"start":{"line":59,"column":8},"end":{"line":63,"column":null}},"37":{"start":{"line":60,"column":12},"end":{"line":60,"column":null}},"38":{"start":{"line":62,"column":12},"end":{"line":62,"column":null}},"39":{"start":{"line":79,"column":24},"end":{"line":80,"column":45}},"40":{"start":{"line":102,"column":24},"end":{"line":103,"column":null}},"41":{"start":{"line":107,"column":32},"end":{"line":107,"column":null}},"42":{"start":{"line":108,"column":32},"end":{"line":108,"column":null}},"43":{"start":{"line":114,"column":46},"end":{"line":114,"column":null}},"44":{"start":{"line":120,"column":24},"end":{"line":120,"column":null}},"45":{"start":{"line":121,"column":24},"end":{"line":121,"column":null}},"46":{"start":{"line":127,"column":48},"end":{"line":127,"column":110}},"47":{"start":{"line":131,"column":52},"end":{"line":134,"column":null}},"48":{"start":{"line":150,"column":24},"end":{"line":150,"column":null}}},"fnMap":{"0":{"name":"AdminDashboardUI","decl":{"start":{"line":21,"column":24},"end":{"line":21,"column":41}},"loc":{"start":{"line":21,"column":46},"end":{"line":158,"column":null}}},"1":{"name":"(anonymous_3)","decl":{"start":{"line":36,"column":31},"end":{"line":36,"column":null}},"loc":{"start":{"line":36,"column":31},"end":{"line":50,"column":null}}},"2":{"name":"(anonymous_4)","decl":{"start":{"line":41,"column":91},"end":{"line":41,"column":null}},"loc":{"start":{"line":41,"column":91},"end":{"line":49,"column":null}}},"3":{"name":"(anonymous_5)","decl":{"start":{"line":46,"column":20},"end":{"line":46,"column":null}},"loc":{"start":{"line":46,"column":20},"end":{"line":48,"column":null}}},"4":{"name":"(anonymous_6)","decl":{"start":{"line":52,"column":14},"end":{"line":52,"column":null}},"loc":{"start":{"line":52,"column":14},"end":{"line":64,"column":7}}},"5":{"name":"(anonymous_7)","decl":{"start":{"line":53,"column":58},"end":{"line":53,"column":null}},"loc":{"start":{"line":53,"column":58},"end":{"line":55,"column":11}}},"6":{"name":"(anonymous_8)","decl":{"start":{"line":55,"column":17},"end":{"line":55,"column":null}},"loc":{"start":{"line":55,"column":17},"end":{"line":57,"column":null}}},"7":{"name":"(anonymous_9)","decl":{"start":{"line":59,"column":57},"end":{"line":59,"column":null}},"loc":{"start":{"line":59,"column":57},"end":{"line":61,"column":11}}},"8":{"name":"(anonymous_10)","decl":{"start":{"line":61,"column":17},"end":{"line":61,"column":null}},"loc":{"start":{"line":61,"column":17},"end":{"line":63,"column":null}}},"9":{"name":"(anonymous_11)","decl":{"start":{"line":78,"column":32},"end":{"line":78,"column":33}},"loc":{"start":{"line":78,"column":39},"end":{"line":92,"column":26}}},"10":{"name":"(anonymous_12)","decl":{"start":{"line":101,"column":33},"end":{"line":101,"column":34}},"loc":{"start":{"line":102,"column":24},"end":{"line":103,"column":null}}},"11":{"name":"(anonymous_13)","decl":{"start":{"line":106,"column":37},"end":{"line":106,"column":null}},"loc":{"start":{"line":106,"column":37},"end":{"line":109,"column":null}}},"12":{"name":"(anonymous_14)","decl":{"start":{"line":114,"column":40},"end":{"line":114,"column":46}},"loc":{"start":{"line":114,"column":46},"end":{"line":114,"column":null}}},"13":{"name":"(anonymous_15)","decl":{"start":{"line":119,"column":30},"end":{"line":119,"column":31}},"loc":{"start":{"line":119,"column":31},"end":{"line":122,"column":null}}},"14":{"name":"(anonymous_16)","decl":{"start":{"line":127,"column":41},"end":{"line":127,"column":42}},"loc":{"start":{"line":127,"column":48},"end":{"line":127,"column":110}}},"15":{"name":"(anonymous_17)","decl":{"start":{"line":131,"column":45},"end":{"line":131,"column":46}},"loc":{"start":{"line":131,"column":52},"end":{"line":134,"column":null}}},"16":{"name":"(anonymous_18)","decl":{"start":{"line":149,"column":37},"end":{"line":149,"column":null}},"loc":{"start":{"line":149,"column":37},"end":{"line":151,"column":23}}}},"branchMap":{"0":{"loc":{"start":{"line":78,"column":20},"end":{"line":92,"column":null}},"type":"binary-expr","locations":[{"start":{"line":78,"column":20},"end":{"line":92,"column":26}},{"start":{"line":92,"column":26},"end":{"line":92,"column":null}}]}},"s":{"0":0,"1":0,"2":0,"3":0,"4":0,"5":0,"6":0,"7":0,"8":0,"9":0,"10":0,"11":0,"12":0,"13":0,"14":0,"15":0,"16":0,"17":0,"18":0,"19":0,"20":0,"21":0,"22":0,"23":0,"24":0,"25":0,"26":0,"27":0,"28":0,"29":0,"30":0,"31":0,"32":0,"33":0,"34":0,"35":0,"36":0,"37":0,"38":0,"39":0,"40":0,"41":0,"42":0,"43":0,"44":0,"45":0,"46":0,"47":0,"48":0},"f":{"0":0,"1":0,"2":0,"3":0,"4":0,"5":0,"6":0,"7":0,"8":0,"9":0,"10":0,"11":0,"12":0,"13":0,"14":0,"15":0,"16":0},"b":{"0":[0,0]}}
,"/Users/tarikmaljanovic/Desktop/codeUni/app/components/course.js": {"path":"/Users/tarikmaljanovic/Desktop/codeUni/app/components/course.js","statementMap":{"0":{"start":{"line":20,"column":24},"end":{"line":20,"column":33}},"1":{"start":{"line":2,"column":7},"end":{"line":2,"column":null}},"2":{"start":{"line":4,"column":58},"end":{"line":4,"column":null}},"3":{"start":{"line":5,"column":23},"end":{"line":5,"column":null}},"4":{"start":{"line":6,"column":36},"end":{"line":6,"column":null}},"5":{"start":{"line":7,"column":26},"end":{"line":7,"column":null}},"6":{"start":{"line":8,"column":18},"end":{"line":8,"column":null}},"7":{"start":{"line":9,"column":24},"end":{"line":9,"column":null}},"8":{"start":{"line":10,"column":24},"end":{"line":10,"column":null}},"9":{"start":{"line":11,"column":26},"end":{"line":11,"column":null}},"10":{"start":{"line":12,"column":24},"end":{"line":12,"column":null}},"11":{"start":{"line":13,"column":22},"end":{"line":13,"column":null}},"12":{"start":{"line":14,"column":18},"end":{"line":14,"column":null}},"13":{"start":{"line":15,"column":18},"end":{"line":15,"column":null}},"14":{"start":{"line":16,"column":18},"end":{"line":16,"column":null}},"15":{"start":{"line":17,"column":19},"end":{"line":17,"column":null}},"16":{"start":{"line":18,"column":17},"end":{"line":18,"column":null}},"17":{"start":{"line":21,"column":18},"end":{"line":21,"column":null}},"18":{"start":{"line":22,"column":19},"end":{"line":22,"column":null}},"19":{"start":{"line":23,"column":32},"end":{"line":23,"column":null}},"20":{"start":{"line":24,"column":30},"end":{"line":24,"column":null}},"21":{"start":{"line":25,"column":28},"end":{"line":25,"column":null}},"22":{"start":{"line":26,"column":32},"end":{"line":26,"column":null}},"23":{"start":{"line":27,"column":40},"end":{"line":27,"column":null}},"24":{"start":{"line":28,"column":28},"end":{"line":33,"column":null}},"25":{"start":{"line":34,"column":20},"end":{"line":39,"column":null}},"26":{"start":{"line":35,"column":72},"end":{"line":35,"column":110}},"27":{"start":{"line":36,"column":63},"end":{"line":36,"column":102}},"28":{"start":{"line":37,"column":64},"end":{"line":37,"column":102}},"29":{"start":{"line":38,"column":60},"end":{"line":38,"column":96}},"30":{"start":{"line":40,"column":40},"end":{"line":44,"column":null}},"31":{"start":{"line":45,"column":42},"end":{"line":49,"column":null}},"32":{"start":{"line":50,"column":40},"end":{"line":54,"column":null}},"33":{"start":{"line":57,"column":4},"end":{"line":64,"column":null}},"34":{"start":{"line":58,"column":8},"end":{"line":63,"column":null}},"35":{"start":{"line":59,"column":12},"end":{"line":62,"column":null}},"36":{"start":{"line":60,"column":16},"end":{"line":60,"column":null}},"37":{"start":{"line":61,"column":16},"end":{"line":61,"column":null}},"38":{"start":{"line":66,"column":25},"end":{"line":72,"column":null}},"39":{"start":{"line":67,"column":8},"end":{"line":71,"column":null}},"40":{"start":{"line":68,"column":12},"end":{"line":68,"column":null}},"41":{"start":{"line":70,"column":12},"end":{"line":70,"column":null}},"42":{"start":{"line":74,"column":26},"end":{"line":80,"column":null}},"43":{"start":{"line":75,"column":8},"end":{"line":79,"column":null}},"44":{"start":{"line":76,"column":12},"end":{"line":76,"column":null}},"45":{"start":{"line":78,"column":12},"end":{"line":78,"column":null}},"46":{"start":{"line":82,"column":31},"end":{"line":90,"column":null}},"47":{"start":{"line":83,"column":8},"end":{"line":89,"column":null}},"48":{"start":{"line":86,"column":12},"end":{"line":86,"column":null}},"49":{"start":{"line":88,"column":12},"end":{"line":88,"column":null}},"50":{"start":{"line":92,"column":29},"end":{"line":109,"column":null}},"51":{"start":{"line":93,"column":21},"end":{"line":93,"column":null}},"52":{"start":{"line":94,"column":8},"end":{"line":94,"column":null}},"53":{"start":{"line":95,"column":8},"end":{"line":95,"column":null}},"54":{"start":{"line":97,"column":8},"end":{"line":108,"column":null}},"55":{"start":{"line":98,"column":12},"end":{"line":107,"column":null}},"56":{"start":{"line":104,"column":16},"end":{"line":104,"column":null}},"57":{"start":{"line":106,"column":16},"end":{"line":106,"column":null}},"58":{"start":{"line":111,"column":27},"end":{"line":121,"column":null}},"59":{"start":{"line":112,"column":8},"end":{"line":120,"column":null}},"60":{"start":{"line":117,"column":12},"end":{"line":117,"column":null}},"61":{"start":{"line":119,"column":12},"end":{"line":119,"column":null}},"62":{"start":{"line":123,"column":25},"end":{"line":131,"column":null}},"63":{"start":{"line":124,"column":8},"end":{"line":130,"column":null}},"64":{"start":{"line":127,"column":12},"end":{"line":127,"column":null}},"65":{"start":{"line":129,"column":12},"end":{"line":129,"column":null}},"66":{"start":{"line":133,"column":4},"end":{"line":310,"column":null}},"67":{"start":{"line":140,"column":61},"end":{"line":140,"column":89}},"68":{"start":{"line":140,"column":89},"end":{"line":140,"column":105}},"69":{"start":{"line":147,"column":28},"end":{"line":148,"column":108}},"70":{"start":{"line":148,"column":52},"end":{"line":148,"column":99}},"71":{"start":{"line":164,"column":28},"end":{"line":165,"column":108}},"72":{"start":{"line":165,"column":52},"end":{"line":165,"column":99}},"73":{"start":{"line":182,"column":47},"end":{"line":182,"column":63}},"74":{"start":{"line":194,"column":36},"end":{"line":195,"column":null}},"75":{"start":{"line":199,"column":44},"end":{"line":199,"column":null}},"76":{"start":{"line":200,"column":44},"end":{"line":200,"column":null}},"77":{"start":{"line":210,"column":71},"end":{"line":210,"column":null}},"78":{"start":{"line":216,"column":60},"end":{"line":216,"column":null}},"79":{"start":{"line":219,"column":40},"end":{"line":219,"column":null}},"80":{"start":{"line":220,"column":40},"end":{"line":220,"column":null}},"81":{"start":{"line":228,"column":72},"end":{"line":228,"column":null}},"82":{"start":{"line":234,"column":60},"end":{"line":234,"column":null}},"83":{"start":{"line":237,"column":40},"end":{"line":237,"column":null}},"84":{"start":{"line":238,"column":40},"end":{"line":238,"column":null}},"85":{"start":{"line":246,"column":71},"end":{"line":246,"column":null}},"86":{"start":{"line":251,"column":40},"end":{"line":251,"column":null}},"87":{"start":{"line":252,"column":40},"end":{"line":252,"column":null}},"88":{"start":{"line":255,"column":40},"end":{"line":255,"column":null}},"89":{"start":{"line":263,"column":69},"end":{"line":263,"column":null}},"90":{"start":{"line":269,"column":32},"end":{"line":269,"column":null}},"91":{"start":{"line":270,"column":32},"end":{"line":270,"column":null}},"92":{"start":{"line":276,"column":61},"end":{"line":276,"column":121}},"93":{"start":{"line":281,"column":62},"end":{"line":281,"column":130}},"94":{"start":{"line":297,"column":36},"end":{"line":297,"column":null}},"95":{"start":{"line":308,"column":8},"end":{"line":308,"column":null}},"96":{"start":{"line":309,"column":8},"end":{"line":309,"column":null}}},"fnMap":{"0":{"name":"CourseUI","decl":{"start":{"line":20,"column":24},"end":{"line":20,"column":33}},"loc":{"start":{"line":20,"column":38},"end":{"line":311,"column":null}}},"1":{"name":"(anonymous_3)","decl":{"start":{"line":35,"column":65},"end":{"line":35,"column":72}},"loc":{"start":{"line":35,"column":65},"end":{"line":35,"column":112}}},"2":{"name":"(anonymous_4)","decl":{"start":{"line":36,"column":56},"end":{"line":36,"column":63}},"loc":{"start":{"line":36,"column":56},"end":{"line":36,"column":104}}},"3":{"name":"(anonymous_5)","decl":{"start":{"line":37,"column":57},"end":{"line":37,"column":64}},"loc":{"start":{"line":37,"column":57},"end":{"line":37,"column":104}}},"4":{"name":"(anonymous_6)","decl":{"start":{"line":38,"column":53},"end":{"line":38,"column":60}},"loc":{"start":{"line":38,"column":53},"end":{"line":38,"column":97}}},"5":{"name":"(anonymous_7)","decl":{"start":{"line":57,"column":14},"end":{"line":57,"column":null}},"loc":{"start":{"line":57,"column":14},"end":{"line":64,"column":7}}},"6":{"name":"(anonymous_8)","decl":{"start":{"line":59,"column":89},"end":{"line":59,"column":null}},"loc":{"start":{"line":59,"column":89},"end":{"line":62,"column":null}}},"7":{"name":"(anonymous_9)","decl":{"start":{"line":66,"column":25},"end":{"line":66,"column":null}},"loc":{"start":{"line":66,"column":25},"end":{"line":72,"column":null}}},"8":{"name":"(anonymous_10)","decl":{"start":{"line":67,"column":83},"end":{"line":67,"column":null}},"loc":{"start":{"line":67,"column":83},"end":{"line":69,"column":11}}},"9":{"name":"(anonymous_11)","decl":{"start":{"line":69,"column":17},"end":{"line":69,"column":null}},"loc":{"start":{"line":69,"column":17},"end":{"line":71,"column":null}}},"10":{"name":"(anonymous_12)","decl":{"start":{"line":74,"column":26},"end":{"line":74,"column":null}},"loc":{"start":{"line":74,"column":26},"end":{"line":80,"column":null}}},"11":{"name":"(anonymous_13)","decl":{"start":{"line":75,"column":86},"end":{"line":75,"column":null}},"loc":{"start":{"line":75,"column":86},"end":{"line":77,"column":11}}},"12":{"name":"(anonymous_14)","decl":{"start":{"line":77,"column":17},"end":{"line":77,"column":null}},"loc":{"start":{"line":77,"column":17},"end":{"line":79,"column":null}}},"13":{"name":"(anonymous_15)","decl":{"start":{"line":82,"column":31},"end":{"line":82,"column":null}},"loc":{"start":{"line":82,"column":31},"end":{"line":90,"column":null}}},"14":{"name":"(anonymous_16)","decl":{"start":{"line":85,"column":16},"end":{"line":85,"column":null}},"loc":{"start":{"line":85,"column":16},"end":{"line":87,"column":11}}},"15":{"name":"(anonymous_17)","decl":{"start":{"line":87,"column":17},"end":{"line":87,"column":null}},"loc":{"start":{"line":87,"column":17},"end":{"line":89,"column":null}}},"16":{"name":"(anonymous_18)","decl":{"start":{"line":92,"column":29},"end":{"line":92,"column":null}},"loc":{"start":{"line":92,"column":29},"end":{"line":109,"column":null}}},"17":{"name":"(anonymous_19)","decl":{"start":{"line":97,"column":91},"end":{"line":97,"column":null}},"loc":{"start":{"line":97,"column":91},"end":{"line":108,"column":null}}},"18":{"name":"(anonymous_20)","decl":{"start":{"line":103,"column":20},"end":{"line":103,"column":null}},"loc":{"start":{"line":103,"column":20},"end":{"line":105,"column":15}}},"19":{"name":"(anonymous_21)","decl":{"start":{"line":105,"column":21},"end":{"line":105,"column":null}},"loc":{"start":{"line":105,"column":21},"end":{"line":107,"column":null}}},"20":{"name":"(anonymous_22)","decl":{"start":{"line":111,"column":27},"end":{"line":111,"column":null}},"loc":{"start":{"line":111,"column":27},"end":{"line":121,"column":null}}},"21":{"name":"(anonymous_23)","decl":{"start":{"line":116,"column":16},"end":{"line":116,"column":null}},"loc":{"start":{"line":116,"column":16},"end":{"line":118,"column":11}}},"22":{"name":"(anonymous_24)","decl":{"start":{"line":118,"column":17},"end":{"line":118,"column":null}},"loc":{"start":{"line":118,"column":17},"end":{"line":120,"column":null}}},"23":{"name":"(anonymous_25)","decl":{"start":{"line":123,"column":25},"end":{"line":123,"column":null}},"loc":{"start":{"line":123,"column":25},"end":{"line":131,"column":null}}},"24":{"name":"(anonymous_26)","decl":{"start":{"line":126,"column":16},"end":{"line":126,"column":null}},"loc":{"start":{"line":126,"column":16},"end":{"line":128,"column":11}}},"25":{"name":"(anonymous_27)","decl":{"start":{"line":128,"column":17},"end":{"line":128,"column":null}},"loc":{"start":{"line":128,"column":17},"end":{"line":130,"column":null}}},"26":{"name":"(anonymous_28)","decl":{"start":{"line":140,"column":54},"end":{"line":140,"column":61}},"loc":{"start":{"line":140,"column":54},"end":{"line":140,"column":108}}},"27":{"name":"(anonymous_29)","decl":{"start":{"line":146,"column":45},"end":{"line":146,"column":46}},"loc":{"start":{"line":146,"column":52},"end":{"line":160,"column":null}}},"28":{"name":"(anonymous_30)","decl":{"start":{"line":148,"column":46},"end":{"line":148,"column":52}},"loc":{"start":{"line":148,"column":52},"end":{"line":148,"column":99}}},"29":{"name":"(anonymous_31)","decl":{"start":{"line":163,"column":46},"end":{"line":163,"column":47}},"loc":{"start":{"line":163,"column":53},"end":{"line":177,"column":null}}},"30":{"name":"(anonymous_32)","decl":{"start":{"line":165,"column":46},"end":{"line":165,"column":52}},"loc":{"start":{"line":165,"column":52},"end":{"line":165,"column":99}}},"31":{"name":"(anonymous_33)","decl":{"start":{"line":182,"column":41},"end":{"line":182,"column":47}},"loc":{"start":{"line":182,"column":47},"end":{"line":182,"column":63}}},"32":{"name":"(anonymous_34)","decl":{"start":{"line":193,"column":45},"end":{"line":193,"column":46}},"loc":{"start":{"line":194,"column":36},"end":{"line":195,"column":null}}},"33":{"name":"(anonymous_35)","decl":{"start":{"line":198,"column":49},"end":{"line":198,"column":null}},"loc":{"start":{"line":198,"column":49},"end":{"line":201,"column":null}}},"34":{"name":"(anonymous_36)","decl":{"start":{"line":210,"column":65},"end":{"line":210,"column":71}},"loc":{"start":{"line":210,"column":71},"end":{"line":210,"column":null}}},"35":{"name":"(anonymous_37)","decl":{"start":{"line":216,"column":53},"end":{"line":216,"column":54}},"loc":{"start":{"line":216,"column":60},"end":{"line":216,"column":null}}},"36":{"name":"(anonymous_38)","decl":{"start":{"line":218,"column":53},"end":{"line":218,"column":null}},"loc":{"start":{"line":218,"column":53},"end":{"line":221,"column":39}}},"37":{"name":"(anonymous_39)","decl":{"start":{"line":228,"column":66},"end":{"line":228,"column":72}},"loc":{"start":{"line":228,"column":72},"end":{"line":228,"column":null}}},"38":{"name":"(anonymous_40)","decl":{"start":{"line":234,"column":53},"end":{"line":234,"column":54}},"loc":{"start":{"line":234,"column":60},"end":{"line":234,"column":null}}},"39":{"name":"(anonymous_41)","decl":{"start":{"line":236,"column":53},"end":{"line":236,"column":null}},"loc":{"start":{"line":236,"column":53},"end":{"line":239,"column":39}}},"40":{"name":"(anonymous_42)","decl":{"start":{"line":246,"column":65},"end":{"line":246,"column":71}},"loc":{"start":{"line":246,"column":71},"end":{"line":246,"column":null}}},"41":{"name":"(anonymous_43)","decl":{"start":{"line":250,"column":53},"end":{"line":250,"column":null}},"loc":{"start":{"line":250,"column":53},"end":{"line":253,"column":39}}},"42":{"name":"(anonymous_44)","decl":{"start":{"line":254,"column":53},"end":{"line":254,"column":null}},"loc":{"start":{"line":254,"column":53},"end":{"line":256,"column":39}}},"43":{"name":"(anonymous_45)","decl":{"start":{"line":263,"column":63},"end":{"line":263,"column":69}},"loc":{"start":{"line":263,"column":69},"end":{"line":263,"column":null}}},"44":{"name":"(anonymous_46)","decl":{"start":{"line":268,"column":42},"end":{"line":268,"column":43}},"loc":{"start":{"line":268,"column":43},"end":{"line":271,"column":null}}},"45":{"name":"(anonymous_47)","decl":{"start":{"line":276,"column":53},"end":{"line":276,"column":54}},"loc":{"start":{"line":276,"column":54},"end":{"line":276,"column":null}}},"46":{"name":"(anonymous_48)","decl":{"start":{"line":281,"column":54},"end":{"line":281,"column":55}},"loc":{"start":{"line":281,"column":55},"end":{"line":281,"column":null}}},"47":{"name":"(anonymous_49)","decl":{"start":{"line":296,"column":49},"end":{"line":296,"column":null}},"loc":{"start":{"line":296,"column":49},"end":{"line":298,"column":35}}}},"branchMap":{"0":{"loc":{"start":{"line":58,"column":8},"end":{"line":63,"column":null}},"type":"if","locations":[{"start":{"line":58,"column":8},"end":{"line":63,"column":null}}]},"1":{"loc":{"start":{"line":133,"column":4},"end":{"line":310,"column":null}},"type":"if","locations":[{"start":{"line":133,"column":4},"end":{"line":310,"column":null}},{"start":{"line":307,"column":11},"end":{"line":310,"column":null}}]},"2":{"loc":{"start":{"line":139,"column":48},"end":{"line":139,"column":null}},"type":"binary-expr","locations":[{"start":{"line":139,"column":48},"end":{"line":139,"column":80}},{"start":{"line":139,"column":80},"end":{"line":139,"column":null}}]},"3":{"loc":{"start":{"line":140,"column":134},"end":{"line":140,"column":170}},"type":"cond-expr","locations":[{"start":{"line":140,"column":147},"end":{"line":140,"column":159}},{"start":{"line":140,"column":159},"end":{"line":140,"column":170}}]},"4":{"loc":{"start":{"line":142,"column":69},"end":{"line":142,"column":115}},"type":"binary-expr","locations":[{"start":{"line":142,"column":69},"end":{"line":142,"column":113}},{"start":{"line":142,"column":113},"end":{"line":142,"column":115}}]},"5":{"loc":{"start":{"line":142,"column":129},"end":{"line":142,"column":175}},"type":"binary-expr","locations":[{"start":{"line":142,"column":129},"end":{"line":142,"column":173}},{"start":{"line":142,"column":173},"end":{"line":142,"column":175}}]},"6":{"loc":{"start":{"line":181,"column":34},"end":{"line":181,"column":null}},"type":"cond-expr","locations":[{"start":{"line":181,"column":34},"end":{"line":181,"column":null}}]},"7":{"loc":{"start":{"line":186,"column":20},"end":{"line":206,"column":null}},"type":"cond-expr","locations":[{"start":{"line":187,"column":24},"end":{"line":206,"column":null}},{"start":{"line":206,"column":24},"end":{"line":206,"column":null}}]},"8":{"loc":{"start":{"line":209,"column":20},"end":{"line":224,"column":null}},"type":"cond-expr","locations":[{"start":{"line":210,"column":24},"end":{"line":224,"column":null}},{"start":{"line":224,"column":24},"end":{"line":224,"column":null}}]},"9":{"loc":{"start":{"line":227,"column":20},"end":{"line":242,"column":null}},"type":"cond-expr","locations":[{"start":{"line":228,"column":24},"end":{"line":242,"column":null}},{"start":{"line":242,"column":24},"end":{"line":242,"column":null}}]},"10":{"loc":{"start":{"line":245,"column":20},"end":{"line":259,"column":null}},"type":"cond-expr","locations":[{"start":{"line":246,"column":24},"end":{"line":259,"column":null}},{"start":{"line":259,"column":24},"end":{"line":259,"column":null}}]},"11":{"loc":{"start":{"line":262,"column":20},"end":{"line":303,"column":null}},"type":"cond-expr","locations":[{"start":{"line":263,"column":24},"end":{"line":303,"column":null}},{"start":{"line":303,"column":24},"end":{"line":303,"column":null}}]}},"s":{"0":7,"1":2,"2":2,"3":2,"4":2,"5":2,"6":2,"7":2,"8":2,"9":2,"10":2,"11":2,"12":2,"13":2,"14":2,"15":2,"16":2,"17":84,"18":84,"19":84,"20":84,"21":84,"22":84,"23":84,"24":84,"25":84,"26":1,"27":1,"28":1,"29":2,"30":84,"31":84,"32":84,"33":84,"34":7,"35":7,"36":7,"37":7,"38":84,"39":1,"40":1,"41":0,"42":84,"43":1,"44":1,"45":0,"46":84,"47":1,"48":1,"49":0,"50":84,"51":2,"52":2,"53":2,"54":2,"55":2,"56":2,"57":0,"58":84,"59":0,"60":0,"61":0,"62":84,"63":0,"64":0,"65":0,"66":84,"67":0,"68":0,"69":3,"70":0,"71":3,"72":0,"73":0,"74":336,"75":5,"76":5,"77":0,"78":10,"79":1,"80":1,"81":0,"82":11,"83":1,"84":1,"85":0,"86":1,"87":1,"88":0,"89":0,"90":2,"91":2,"92":34,"93":1,"94":2,"95":0,"96":0},"f":{"0":84,"1":1,"2":1,"3":1,"4":2,"5":7,"6":7,"7":1,"8":1,"9":0,"10":1,"11":1,"12":0,"13":1,"14":1,"15":0,"16":2,"17":2,"18":2,"19":0,"20":0,"21":0,"22":0,"23":0,"24":0,"25":0,"26":0,"27":3,"28":0,"29":3,"30":0,"31":0,"32":336,"33":5,"34":0,"35":10,"36":1,"37":0,"38":11,"39":1,"40":0,"41":1,"42":0,"43":0,"44":2,"45":34,"46":1,"47":2},"b":{"0":[7],"1":[84,0],"2":[84,7],"3":[0,84],"4":[84,7],"5":[84,7],"6":[84],"7":[84,0],"8":[84,0],"9":[84,0],"10":[84,0],"11":[84,0]}}
,"/Users/tarikmaljanovic/Desktop/codeUni/app/components/courseList.js": {"path":"/Users/tarikmaljanovic/Desktop/codeUni/app/components/courseList.js","statementMap":{"0":{"start":{"line":5,"column":24},"end":{"line":5,"column":35}},"1":{"start":{"line":2,"column":36},"end":{"line":2,"column":null}},"2":{"start":{"line":3,"column":17},"end":{"line":3,"column":null}},"3":{"start":{"line":6,"column":36},"end":{"line":6,"column":null}},"4":{"start":{"line":7,"column":34},"end":{"line":7,"column":null}},"5":{"start":{"line":9,"column":4},"end":{"line":11,"column":null}},"6":{"start":{"line":10,"column":8},"end":{"line":10,"column":null}},"7":{"start":{"line":18,"column":24},"end":{"line":20,"column":null}},"8":{"start":{"line":19,"column":28},"end":{"line":19,"column":null}},"9":{"start":{"line":21,"column":24},"end":{"line":34,"column":null}},"10":{"start":{"line":22,"column":28},"end":{"line":23,"column":53}},"11":{"start":{"line":41,"column":24},"end":{"line":43,"column":null}},"12":{"start":{"line":42,"column":28},"end":{"line":42,"column":null}},"13":{"start":{"line":44,"column":24},"end":{"line":55,"column":null}},"14":{"start":{"line":45,"column":28},"end":{"line":46,"column":49}},"15":{"start":{"line":59,"column":50},"end":{"line":59,"column":75}}},"fnMap":{"0":{"name":"CourseList","decl":{"start":{"line":5,"column":24},"end":{"line":5,"column":35}},"loc":{"start":{"line":5,"column":40},"end":{"line":62,"column":null}}},"1":{"name":"(anonymous_3)","decl":{"start":{"line":9,"column":14},"end":{"line":9,"column":null}},"loc":{"start":{"line":9,"column":14},"end":{"line":11,"column":7}}},"2":{"name":"(anonymous_4)","decl":{"start":{"line":17,"column":33},"end":{"line":17,"column":34}},"loc":{"start":{"line":17,"column":40},"end":{"line":35,"column":26}}},"3":{"name":"(anonymous_5)","decl":{"start":{"line":40,"column":33},"end":{"line":40,"column":34}},"loc":{"start":{"line":40,"column":40},"end":{"line":56,"column":null}}},"4":{"name":"(anonymous_6)","decl":{"start":{"line":59,"column":44},"end":{"line":59,"column":50}},"loc":{"start":{"line":59,"column":50},"end":{"line":59,"column":75}}}},"branchMap":{"0":{"loc":{"start":{"line":17,"column":20},"end":{"line":35,"column":null}},"type":"binary-expr","locations":[{"start":{"line":17,"column":20},"end":{"line":35,"column":26}},{"start":{"line":35,"column":26},"end":{"line":35,"column":null}}]},"1":{"loc":{"start":{"line":18,"column":24},"end":{"line":20,"column":null}},"type":"if","locations":[{"start":{"line":18,"column":24},"end":{"line":20,"column":null}}]},"2":{"loc":{"start":{"line":21,"column":24},"end":{"line":34,"column":null}},"type":"if","locations":[{"start":{"line":21,"column":24},"end":{"line":34,"column":null}}]},"3":{"loc":{"start":{"line":38,"column":79},"end":{"line":38,"column":102}},"type":"cond-expr","locations":[{"start":{"line":38,"column":90},"end":{"line":38,"column":95}},{"start":{"line":38,"column":95},"end":{"line":38,"column":102}}]},"4":{"loc":{"start":{"line":41,"column":24},"end":{"line":43,"column":null}},"type":"if","locations":[{"start":{"line":41,"column":24},"end":{"line":43,"column":null}}]},"5":{"loc":{"start":{"line":44,"column":24},"end":{"line":55,"column":null}},"type":"if","locations":[{"start":{"line":44,"column":24},"end":{"line":55,"column":null}}]},"6":{"loc":{"start":{"line":59,"column":75},"end":{"line":59,"column":null}},"type":"cond-expr","locations":[{"start":{"line":59,"column":86},"end":{"line":59,"column":100}},{"start":{"line":59,"column":100},"end":{"line":59,"column":null}}]}},"s":{"0":3,"1":1,"2":1,"3":8,"4":8,"5":8,"6":3,"7":34,"8":1,"9":33,"10":21,"11":34,"12":1,"13":33,"14":9,"15":2},"f":{"0":8,"1":3,"2":34,"3":34,"4":2},"b":{"0":[8,0],"1":[1],"2":[21],"3":[1,7],"4":[1],"5":[9],"6":[1,7]}}
,"/Users/tarikmaljanovic/Desktop/codeUni/app/components/dashboard.js": {"path":"/Users/tarikmaljanovic/Desktop/codeUni/app/components/dashboard.js","statementMap":{"0":{"start":{"line":12,"column":24},"end":{"line":12,"column":null}},"1":{"start":{"line":2,"column":7},"end":{"line":2,"column":null}},"2":{"start":{"line":4,"column":19},"end":{"line":4,"column":null}},"3":{"start":{"line":5,"column":23},"end":{"line":5,"column":null}},"4":{"start":{"line":6,"column":29},"end":{"line":6,"column":null}},"5":{"start":{"line":7,"column":18},"end":{"line":7,"column":null}},"6":{"start":{"line":8,"column":18},"end":{"line":8,"column":null}},"7":{"start":{"line":9,"column":26},"end":{"line":9,"column":null}},"8":{"start":{"line":10,"column":36},"end":{"line":10,"column":null}},"9":{"start":{"line":13,"column":19},"end":{"line":13,"column":null}},"10":{"start":{"line":14,"column":30},"end":{"line":14,"column":null}},"11":{"start":{"line":15,"column":28},"end":{"line":15,"column":null}},"12":{"start":{"line":16,"column":34},"end":{"line":16,"column":null}},"13":{"start":{"line":17,"column":32},"end":{"line":17,"column":null}},"14":{"start":{"line":18,"column":42},"end":{"line":18,"column":null}},"15":{"start":{"line":20,"column":4},"end":{"line":28,"column":null}},"16":{"start":{"line":22,"column":8},"end":{"line":27,"column":null}},"17":{"start":{"line":23,"column":32},"end":{"line":23,"column":null}},"18":{"start":{"line":24,"column":31},"end":{"line":24,"column":null}},"19":{"start":{"line":25,"column":12},"end":{"line":25,"column":null}},"20":{"start":{"line":26,"column":12},"end":{"line":26,"column":null}},"21":{"start":{"line":30,"column":4},"end":{"line":50,"column":null}},"22":{"start":{"line":31,"column":8},"end":{"line":49,"column":null}},"23":{"start":{"line":32,"column":12},"end":{"line":36,"column":null}},"24":{"start":{"line":33,"column":16},"end":{"line":33,"column":null}},"25":{"start":{"line":35,"column":16},"end":{"line":35,"column":null}},"26":{"start":{"line":38,"column":12},"end":{"line":42,"column":null}},"27":{"start":{"line":39,"column":16},"end":{"line":39,"column":null}},"28":{"start":{"line":41,"column":16},"end":{"line":41,"column":null}},"29":{"start":{"line":44,"column":12},"end":{"line":48,"column":null}},"30":{"start":{"line":45,"column":16},"end":{"line":45,"column":null}},"31":{"start":{"line":47,"column":16},"end":{"line":47,"column":null}},"32":{"start":{"line":52,"column":4},"end":{"line":139,"column":null}},"33":{"start":{"line":53,"column":8},"end":{"line":136,"column":null}},"34":{"start":{"line":71,"column":32},"end":{"line":85,"column":null}},"35":{"start":{"line":72,"column":36},"end":{"line":73,"column":57}},"36":{"start":{"line":112,"column":36},"end":{"line":113,"column":57}},"37":{"start":{"line":138,"column":8},"end":{"line":138,"column":null}}},"fnMap":{"0":{"name":"DashboardUI","decl":{"start":{"line":12,"column":24},"end":{"line":12,"column":null}},"loc":{"start":{"line":12,"column":24},"end":{"line":140,"column":null}}},"1":{"name":"(anonymous_3)","decl":{"start":{"line":20,"column":14},"end":{"line":20,"column":null}},"loc":{"start":{"line":20,"column":14},"end":{"line":28,"column":7}}},"2":{"name":"(anonymous_4)","decl":{"start":{"line":30,"column":14},"end":{"line":30,"column":null}},"loc":{"start":{"line":30,"column":14},"end":{"line":50,"column":7}}},"3":{"name":"(anonymous_5)","decl":{"start":{"line":32,"column":84},"end":{"line":32,"column":null}},"loc":{"start":{"line":32,"column":84},"end":{"line":34,"column":15}}},"4":{"name":"(anonymous_6)","decl":{"start":{"line":34,"column":21},"end":{"line":34,"column":null}},"loc":{"start":{"line":34,"column":21},"end":{"line":36,"column":null}}},"5":{"name":"(anonymous_7)","decl":{"start":{"line":38,"column":82},"end":{"line":38,"column":null}},"loc":{"start":{"line":38,"column":82},"end":{"line":40,"column":15}}},"6":{"name":"(anonymous_8)","decl":{"start":{"line":40,"column":21},"end":{"line":40,"column":null}},"loc":{"start":{"line":40,"column":21},"end":{"line":42,"column":null}}},"7":{"name":"(anonymous_9)","decl":{"start":{"line":44,"column":71},"end":{"line":44,"column":null}},"loc":{"start":{"line":44,"column":71},"end":{"line":46,"column":15}}},"8":{"name":"(anonymous_10)","decl":{"start":{"line":46,"column":21},"end":{"line":46,"column":null}},"loc":{"start":{"line":46,"column":21},"end":{"line":48,"column":null}}},"9":{"name":"(anonymous_11)","decl":{"start":{"line":70,"column":40},"end":{"line":70,"column":41}},"loc":{"start":{"line":70,"column":47},"end":{"line":86,"column":34}}},"10":{"name":"(anonymous_12)","decl":{"start":{"line":111,"column":49},"end":{"line":111,"column":50}},"loc":{"start":{"line":111,"column":56},"end":{"line":120,"column":38}}}},"branchMap":{"0":{"loc":{"start":{"line":22,"column":8},"end":{"line":27,"column":null}},"type":"if","locations":[{"start":{"line":22,"column":8},"end":{"line":27,"column":null}}]},"1":{"loc":{"start":{"line":31,"column":8},"end":{"line":49,"column":null}},"type":"if","locations":[{"start":{"line":31,"column":8},"end":{"line":49,"column":null}}]},"2":{"loc":{"start":{"line":31,"column":11},"end":{"line":31,"column":30}},"type":"binary-expr","locations":[{"start":{"line":31,"column":11},"end":{"line":31,"column":19}},{"start":{"line":31,"column":19},"end":{"line":31,"column":30}}]},"3":{"loc":{"start":{"line":52,"column":4},"end":{"line":139,"column":null}},"type":"if","locations":[{"start":{"line":52,"column":4},"end":{"line":139,"column":null}},{"start":{"line":137,"column":11},"end":{"line":139,"column":null}}]},"4":{"loc":{"start":{"line":52,"column":7},"end":{"line":52,"column":22}},"type":"binary-expr","locations":[{"start":{"line":52,"column":7},"end":{"line":52,"column":16}},{"start":{"line":52,"column":16},"end":{"line":52,"column":22}}]},"5":{"loc":{"start":{"line":53,"column":8},"end":{"line":136,"column":null}},"type":"if","locations":[{"start":{"line":53,"column":8},"end":{"line":136,"column":null}},{"start":{"line":57,"column":15},"end":{"line":136,"column":null}}]},"6":{"loc":{"start":{"line":70,"column":28},"end":{"line":86,"column":null}},"type":"binary-expr","locations":[{"start":{"line":70,"column":28},"end":{"line":86,"column":34}},{"start":{"line":86,"column":34},"end":{"line":86,"column":null}}]},"7":{"loc":{"start":{"line":71,"column":32},"end":{"line":85,"column":null}},"type":"if","locations":[{"start":{"line":71,"column":32},"end":{"line":85,"column":null}}]},"8":{"loc":{"start":{"line":89,"column":28},"end":{"line":96,"column":null}},"type":"cond-expr","locations":[{"start":{"line":90,"column":32},"end":{"line":96,"column":null}},{"start":{"line":96,"column":32},"end":{"line":96,"column":null}}]},"9":{"loc":{"start":{"line":103,"column":73},"end":{"line":103,"column":111}},"type":"cond-expr","locations":[{"start":{"line":103,"column":94},"end":{"line":103,"column":99}},{"start":{"line":103,"column":99},"end":{"line":103,"column":111}}]},"10":{"loc":{"start":{"line":111,"column":32},"end":{"line":120,"column":null}},"type":"binary-expr","locations":[{"start":{"line":111,"column":32},"end":{"line":120,"column":38}},{"start":{"line":120,"column":38},"end":{"line":120,"column":null}}]},"11":{"loc":{"start":{"line":124,"column":32},"end":{"line":131,"column":null}},"type":"cond-expr","locations":[{"start":{"line":125,"column":36},"end":{"line":131,"column":null}},{"start":{"line":131,"column":36},"end":{"line":131,"column":null}}]}},"s":{"0":0,"1":0,"2":0,"3":0,"4":0,"5":0,"6":0,"7":0,"8":0,"9":0,"10":0,"11":0,"12":0,"13":0,"14":0,"15":0,"16":0,"17":0,"18":0,"19":0,"20":0,"21":0,"22":0,"23":0,"24":0,"25":0,"26":0,"27":0,"28":0,"29":0,"30":0,"31":0,"32":0,"33":0,"34":0,"35":0,"36":0,"37":0},"f":{"0":0,"1":0,"2":0,"3":0,"4":0,"5":0,"6":0,"7":0,"8":0,"9":0,"10":0},"b":{"0":[0],"1":[0],"2":[0,0],"3":[0,0],"4":[0,0],"5":[0,0],"6":[0,0],"7":[0],"8":[0,0],"9":[0,0],"10":[0,0],"11":[0,0]}}
,"/Users/tarikmaljanovic/Desktop/codeUni/app/components/landing.js": {"path":"/Users/tarikmaljanovic/Desktop/codeUni/app/components/landing.js","statementMap":{"0":{"start":{"line":12,"column":24},"end":{"line":12,"column":null}},"1":{"start":{"line":2,"column":7},"end":{"line":2,"column":null}},"2":{"start":{"line":3,"column":18},"end":{"line":3,"column":null}},"3":{"start":{"line":4,"column":23},"end":{"line":4,"column":null}},"4":{"start":{"line":5,"column":103},"end":{"line":5,"column":null}},"5":{"start":{"line":7,"column":25},"end":{"line":7,"column":null}},"6":{"start":{"line":8,"column":26},"end":{"line":8,"column":null}},"7":{"start":{"line":9,"column":24},"end":{"line":9,"column":null}},"8":{"start":{"line":10,"column":25},"end":{"line":10,"column":null}},"9":{"start":{"line":13,"column":19},"end":{"line":13,"column":null}},"10":{"start":{"line":14,"column":44},"end":{"line":14,"column":null}},"11":{"start":{"line":15,"column":30},"end":{"line":15,"column":null}},"12":{"start":{"line":16,"column":34},"end":{"line":16,"column":null}},"13":{"start":{"line":17,"column":38},"end":{"line":17,"column":null}},"14":{"start":{"line":18,"column":48},"end":{"line":18,"column":null}},"15":{"start":{"line":19,"column":38},"end":{"line":22,"column":null}},"16":{"start":{"line":23,"column":40},"end":{"line":28,"column":null}},"17":{"start":{"line":30,"column":24},"end":{"line":51,"column":null}},"18":{"start":{"line":31,"column":8},"end":{"line":50,"column":null}},"19":{"start":{"line":32,"column":12},"end":{"line":43,"column":null}},"20":{"start":{"line":33,"column":16},"end":{"line":33,"column":null}},"21":{"start":{"line":34,"column":16},"end":{"line":34,"column":null}},"22":{"start":{"line":35,"column":16},"end":{"line":35,"column":null}},"23":{"start":{"line":37,"column":16},"end":{"line":37,"column":null}},"24":{"start":{"line":38,"column":16},"end":{"line":38,"column":null}},"25":{"start":{"line":39,"column":16},"end":{"line":39,"column":null}},"26":{"start":{"line":40,"column":16},"end":{"line":42,"column":null}},"27":{"start":{"line":41,"column":20},"end":{"line":41,"column":null}},"28":{"start":{"line":45,"column":12},"end":{"line":45,"column":null}},"29":{"start":{"line":46,"column":12},"end":{"line":46,"column":null}},"30":{"start":{"line":47,"column":12},"end":{"line":49,"column":null}},"31":{"start":{"line":48,"column":16},"end":{"line":48,"column":null}},"32":{"start":{"line":53,"column":25},"end":{"line":73,"column":null}},"33":{"start":{"line":54,"column":8},"end":{"line":72,"column":null}},"34":{"start":{"line":55,"column":12},"end":{"line":65,"column":null}},"35":{"start":{"line":56,"column":16},"end":{"line":56,"column":null}},"36":{"start":{"line":57,"column":16},"end":{"line":57,"column":null}},"37":{"start":{"line":58,"column":16},"end":{"line":58,"column":null}},"38":{"start":{"line":60,"column":16},"end":{"line":60,"column":null}},"39":{"start":{"line":61,"column":16},"end":{"line":61,"column":null}},"40":{"start":{"line":62,"column":16},"end":{"line":64,"column":null}},"41":{"start":{"line":63,"column":20},"end":{"line":63,"column":null}},"42":{"start":{"line":67,"column":12},"end":{"line":67,"column":null}},"43":{"start":{"line":68,"column":12},"end":{"line":68,"column":null}},"44":{"start":{"line":69,"column":12},"end":{"line":71,"column":null}},"45":{"start":{"line":70,"column":16},"end":{"line":70,"column":null}},"46":{"start":{"line":83,"column":41},"end":{"line":86,"column":null}},"47":{"start":{"line":92,"column":41},"end":{"line":95,"column":null}},"48":{"start":{"line":105,"column":45},"end":{"line":108,"column":null}},"49":{"start":{"line":124,"column":45},"end":{"line":127,"column":null}},"50":{"start":{"line":135,"column":51},"end":{"line":135,"column":null}},"51":{"start":{"line":144,"column":86},"end":{"line":144,"column":104}},"52":{"start":{"line":149,"column":28},"end":{"line":149,"column":null}},"53":{"start":{"line":157,"column":32},"end":{"line":157,"column":null}},"54":{"start":{"line":173,"column":45},"end":{"line":176,"column":null}},"55":{"start":{"line":192,"column":45},"end":{"line":195,"column":null}},"56":{"start":{"line":203,"column":51},"end":{"line":203,"column":null}},"57":{"start":{"line":212,"column":73},"end":{"line":212,"column":92}},"58":{"start":{"line":218,"column":28},"end":{"line":218,"column":null}},"59":{"start":{"line":225,"column":128},"end":{"line":225,"column":null}},"60":{"start":{"line":226,"column":38},"end":{"line":226,"column":55}}},"fnMap":{"0":{"name":"Landing","decl":{"start":{"line":12,"column":24},"end":{"line":12,"column":null}},"loc":{"start":{"line":12,"column":24},"end":{"line":232,"column":null}}},"1":{"name":"(anonymous_3)","decl":{"start":{"line":30,"column":24},"end":{"line":30,"column":null}},"loc":{"start":{"line":30,"column":24},"end":{"line":51,"column":null}}},"2":{"name":"(anonymous_4)","decl":{"start":{"line":31,"column":45},"end":{"line":31,"column":null}},"loc":{"start":{"line":31,"column":45},"end":{"line":44,"column":11}}},"3":{"name":"(anonymous_5)","decl":{"start":{"line":32,"column":77},"end":{"line":32,"column":null}},"loc":{"start":{"line":32,"column":77},"end":{"line":36,"column":15}}},"4":{"name":"(anonymous_6)","decl":{"start":{"line":36,"column":21},"end":{"line":36,"column":null}},"loc":{"start":{"line":36,"column":21},"end":{"line":43,"column":null}}},"5":{"name":"(anonymous_7)","decl":{"start":{"line":40,"column":27},"end":{"line":40,"column":null}},"loc":{"start":{"line":40,"column":27},"end":{"line":42,"column":19}}},"6":{"name":"(anonymous_8)","decl":{"start":{"line":44,"column":17},"end":{"line":44,"column":null}},"loc":{"start":{"line":44,"column":17},"end":{"line":50,"column":null}}},"7":{"name":"(anonymous_9)","decl":{"start":{"line":47,"column":23},"end":{"line":47,"column":null}},"loc":{"start":{"line":47,"column":23},"end":{"line":49,"column":15}}},"8":{"name":"(anonymous_10)","decl":{"start":{"line":53,"column":25},"end":{"line":53,"column":null}},"loc":{"start":{"line":53,"column":25},"end":{"line":73,"column":null}}},"9":{"name":"(anonymous_11)","decl":{"start":{"line":54,"column":47},"end":{"line":54,"column":null}},"loc":{"start":{"line":54,"column":47},"end":{"line":66,"column":11}}},"10":{"name":"(anonymous_12)","decl":{"start":{"line":55,"column":79},"end":{"line":55,"column":null}},"loc":{"start":{"line":55,"column":79},"end":{"line":59,"column":15}}},"11":{"name":"(anonymous_13)","decl":{"start":{"line":59,"column":21},"end":{"line":59,"column":null}},"loc":{"start":{"line":59,"column":21},"end":{"line":65,"column":null}}},"12":{"name":"(anonymous_14)","decl":{"start":{"line":62,"column":27},"end":{"line":62,"column":null}},"loc":{"start":{"line":62,"column":27},"end":{"line":64,"column":19}}},"13":{"name":"(anonymous_15)","decl":{"start":{"line":66,"column":17},"end":{"line":66,"column":null}},"loc":{"start":{"line":66,"column":17},"end":{"line":72,"column":null}}},"14":{"name":"(anonymous_16)","decl":{"start":{"line":69,"column":23},"end":{"line":69,"column":null}},"loc":{"start":{"line":69,"column":23},"end":{"line":71,"column":15}}},"15":{"name":"(anonymous_17)","decl":{"start":{"line":83,"column":34},"end":{"line":83,"column":35}},"loc":{"start":{"line":83,"column":41},"end":{"line":86,"column":null}}},"16":{"name":"(anonymous_18)","decl":{"start":{"line":92,"column":34},"end":{"line":92,"column":35}},"loc":{"start":{"line":92,"column":41},"end":{"line":95,"column":null}}},"17":{"name":"(anonymous_19)","decl":{"start":{"line":105,"column":38},"end":{"line":105,"column":39}},"loc":{"start":{"line":105,"column":45},"end":{"line":108,"column":null}}},"18":{"name":"(anonymous_20)","decl":{"start":{"line":124,"column":38},"end":{"line":124,"column":39}},"loc":{"start":{"line":124,"column":45},"end":{"line":127,"column":null}}},"19":{"name":"(anonymous_21)","decl":{"start":{"line":135,"column":45},"end":{"line":135,"column":51}},"loc":{"start":{"line":135,"column":51},"end":{"line":135,"column":null}}},"20":{"name":"(anonymous_22)","decl":{"start":{"line":144,"column":80},"end":{"line":144,"column":86}},"loc":{"start":{"line":144,"column":86},"end":{"line":144,"column":104}}},"21":{"name":"(anonymous_23)","decl":{"start":{"line":148,"column":33},"end":{"line":148,"column":null}},"loc":{"start":{"line":149,"column":28},"end":{"line":149,"column":null}}},"22":{"name":"(anonymous_24)","decl":{"start":{"line":156,"column":33},"end":{"line":156,"column":null}},"loc":{"start":{"line":156,"column":33},"end":{"line":158,"column":null}}},"23":{"name":"(anonymous_25)","decl":{"start":{"line":173,"column":38},"end":{"line":173,"column":39}},"loc":{"start":{"line":173,"column":45},"end":{"line":176,"column":null}}},"24":{"name":"(anonymous_26)","decl":{"start":{"line":192,"column":38},"end":{"line":192,"column":39}},"loc":{"start":{"line":192,"column":45},"end":{"line":195,"column":null}}},"25":{"name":"(anonymous_27)","decl":{"start":{"line":203,"column":45},"end":{"line":203,"column":51}},"loc":{"start":{"line":203,"column":51},"end":{"line":203,"column":null}}},"26":{"name":"(anonymous_28)","decl":{"start":{"line":212,"column":67},"end":{"line":212,"column":73}},"loc":{"start":{"line":212,"column":73},"end":{"line":212,"column":92}}},"27":{"name":"(anonymous_29)","decl":{"start":{"line":217,"column":33},"end":{"line":217,"column":null}},"loc":{"start":{"line":217,"column":33},"end":{"line":219,"column":null}}},"28":{"name":"(anonymous_30)","decl":{"start":{"line":225,"column":122},"end":{"line":225,"column":128}},"loc":{"start":{"line":225,"column":128},"end":{"line":225,"column":null}}},"29":{"name":"(anonymous_31)","decl":{"start":{"line":226,"column":32},"end":{"line":226,"column":38}},"loc":{"start":{"line":226,"column":38},"end":{"line":226,"column":55}}}},"branchMap":{"0":{"loc":{"start":{"line":77,"column":47},"end":{"line":77,"column":74}},"type":"cond-expr","locations":[{"start":{"line":77,"column":57},"end":{"line":77,"column":71}},{"start":{"line":77,"column":71},"end":{"line":77,"column":74}}]},"1":{"loc":{"start":{"line":81,"column":45},"end":{"line":81,"column":72}},"type":"cond-expr","locations":[{"start":{"line":81,"column":55},"end":{"line":81,"column":69}},{"start":{"line":81,"column":69},"end":{"line":81,"column":72}}]},"2":{"loc":{"start":{"line":101,"column":53},"end":{"line":101,"column":87}},"type":"cond-expr","locations":[{"start":{"line":101,"column":70},"end":{"line":101,"column":75}},{"start":{"line":101,"column":75},"end":{"line":101,"column":87}}]},"3":{"loc":{"start":{"line":130,"column":34},"end":{"line":130,"column":null}},"type":"cond-expr","locations":[{"start":{"line":130,"column":45},"end":{"line":130,"column":54}},{"start":{"line":130,"column":54},"end":{"line":130,"column":null}}]},"4":{"loc":{"start":{"line":137,"column":37},"end":{"line":137,"column":null}},"type":"cond-expr","locations":[{"start":{"line":137,"column":49},"end":{"line":137,"column":69}},{"start":{"line":137,"column":69},"end":{"line":137,"column":null}}]},"5":{"loc":{"start":{"line":147,"column":55},"end":{"line":147,"column":92}},"type":"cond-expr","locations":[{"start":{"line":147,"column":72},"end":{"line":147,"column":77}},{"start":{"line":147,"column":77},"end":{"line":147,"column":92}}]},"6":{"loc":{"start":{"line":157,"column":32},"end":{"line":157,"column":null}},"type":"cond-expr","locations":[{"start":{"line":157,"column":49},"end":{"line":157,"column":66}},{"start":{"line":157,"column":66},"end":{"line":157,"column":null}}]},"7":{"loc":{"start":{"line":161,"column":25},"end":{"line":161,"column":null}},"type":"cond-expr","locations":[{"start":{"line":161,"column":42},"end":{"line":161,"column":54}},{"start":{"line":161,"column":54},"end":{"line":161,"column":null}}]},"8":{"loc":{"start":{"line":165,"column":47},"end":{"line":165,"column":74}},"type":"cond-expr","locations":[{"start":{"line":165,"column":57},"end":{"line":165,"column":62}},{"start":{"line":165,"column":62},"end":{"line":165,"column":74}}]},"9":{"loc":{"start":{"line":198,"column":34},"end":{"line":198,"column":null}},"type":"cond-expr","locations":[{"start":{"line":198,"column":46},"end":{"line":198,"column":55}},{"start":{"line":198,"column":55},"end":{"line":198,"column":null}}]},"10":{"loc":{"start":{"line":205,"column":37},"end":{"line":205,"column":null}},"type":"cond-expr","locations":[{"start":{"line":205,"column":49},"end":{"line":205,"column":69}},{"start":{"line":205,"column":69},"end":{"line":205,"column":null}}]}},"s":{"0":5,"1":1,"2":1,"3":1,"4":1,"5":1,"6":1,"7":1,"8":1,"9":91,"10":91,"11":91,"12":91,"13":91,"14":91,"15":91,"16":91,"17":91,"18":3,"19":2,"20":1,"21":1,"22":1,"23":1,"24":1,"25":1,"26":1,"27":0,"28":1,"29":1,"30":1,"31":0,"32":91,"33":1,"34":0,"35":0,"36":0,"37":0,"38":0,"39":0,"40":0,"41":0,"42":1,"43":1,"44":1,"45":0,"46":0,"47":0,"48":0,"49":0,"50":0,"51":0,"52":0,"53":2,"54":45,"55":35,"56":0,"57":2,"58":3,"59":0,"60":0},"f":{"0":91,"1":3,"2":2,"3":1,"4":1,"5":0,"6":1,"7":0,"8":1,"9":0,"10":0,"11":0,"12":0,"13":1,"14":0,"15":0,"16":0,"17":0,"18":0,"19":0,"20":0,"21":0,"22":2,"23":45,"24":35,"25":0,"26":2,"27":3,"28":0,"29":0},"b":{"0":[87,4],"1":[87,4],"2":[2,89],"3":[0,91],"4":[0,91],"5":[2,89],"6":[1,1],"7":[2,89],"8":[87,4],"9":[0,91],"10":[0,91]}}
,"/Users/tarikmaljanovic/Desktop/codeUni/app/components/lesson.js": {"path":"/Users/tarikmaljanovic/Desktop/codeUni/app/components/lesson.js","statementMap":{"0":{"start":{"line":20,"column":24},"end":{"line":20,"column":33}},"1":{"start":{"line":2,"column":7},"end":{"line":2,"column":null}},"2":{"start":{"line":3,"column":19},"end":{"line":3,"column":null}},"3":{"start":{"line":4,"column":26},"end":{"line":4,"column":null}},"4":{"start":{"line":5,"column":36},"end":{"line":5,"column":null}},"5":{"start":{"line":6,"column":18},"end":{"line":6,"column":null}},"6":{"start":{"line":7,"column":23},"end":{"line":7,"column":null}},"7":{"start":{"line":9,"column":48},"end":{"line":9,"column":null}},"8":{"start":{"line":10,"column":18},"end":{"line":10,"column":null}},"9":{"start":{"line":11,"column":24},"end":{"line":11,"column":null}},"10":{"start":{"line":12,"column":24},"end":{"line":12,"column":null}},"11":{"start":{"line":13,"column":26},"end":{"line":13,"column":null}},"12":{"start":{"line":14,"column":23},"end":{"line":14,"column":null}},"13":{"start":{"line":15,"column":24},"end":{"line":15,"column":null}},"14":{"start":{"line":16,"column":22},"end":{"line":16,"column":null}},"15":{"start":{"line":17,"column":18},"end":{"line":17,"column":null}},"16":{"start":{"line":18,"column":17},"end":{"line":18,"column":null}},"17":{"start":{"line":21,"column":20},"end":{"line":24,"column":null}},"18":{"start":{"line":22,"column":64},"end":{"line":22,"column":102}},"19":{"start":{"line":23,"column":65},"end":{"line":23,"column":101}},"20":{"start":{"line":25,"column":28},"end":{"line":25,"column":null}},"21":{"start":{"line":26,"column":32},"end":{"line":26,"column":null}},"22":{"start":{"line":27,"column":19},"end":{"line":27,"column":null}},"23":{"start":{"line":28,"column":32},"end":{"line":28,"column":null}},"24":{"start":{"line":29,"column":34},"end":{"line":29,"column":null}},"25":{"start":{"line":30,"column":28},"end":{"line":30,"column":null}},"26":{"start":{"line":31,"column":30},"end":{"line":31,"column":null}},"27":{"start":{"line":32,"column":40},"end":{"line":34,"column":null}},"28":{"start":{"line":36,"column":4},"end":{"line":43,"column":null}},"29":{"start":{"line":37,"column":8},"end":{"line":42,"column":null}},"30":{"start":{"line":38,"column":12},"end":{"line":38,"column":null}},"31":{"start":{"line":39,"column":12},"end":{"line":39,"column":null}},"32":{"start":{"line":41,"column":12},"end":{"line":41,"column":null}},"33":{"start":{"line":45,"column":31},"end":{"line":51,"column":null}},"34":{"start":{"line":46,"column":8},"end":{"line":50,"column":null}},"35":{"start":{"line":47,"column":12},"end":{"line":47,"column":null}},"36":{"start":{"line":49,"column":12},"end":{"line":49,"column":null}},"37":{"start":{"line":53,"column":29},"end":{"line":64,"column":null}},"38":{"start":{"line":54,"column":21},"end":{"line":58,"column":null}},"39":{"start":{"line":59,"column":8},"end":{"line":63,"column":null}},"40":{"start":{"line":60,"column":12},"end":{"line":60,"column":null}},"41":{"start":{"line":62,"column":12},"end":{"line":62,"column":null}},"42":{"start":{"line":67,"column":4},"end":{"line":155,"column":null}},"43":{"start":{"line":105,"column":40},"end":{"line":106,"column":null}},"44":{"start":{"line":110,"column":48},"end":{"line":110,"column":null}},"45":{"start":{"line":111,"column":48},"end":{"line":111,"column":null}},"46":{"start":{"line":117,"column":75},"end":{"line":117,"column":null}},"47":{"start":{"line":122,"column":40},"end":{"line":122,"column":null}},"48":{"start":{"line":123,"column":40},"end":{"line":123,"column":null}},"49":{"start":{"line":126,"column":40},"end":{"line":126,"column":null}},"50":{"start":{"line":130,"column":73},"end":{"line":130,"column":null}},"51":{"start":{"line":136,"column":65},"end":{"line":136,"column":110}},"52":{"start":{"line":139,"column":40},"end":{"line":139,"column":null}},"53":{"start":{"line":140,"column":40},"end":{"line":140,"column":null}},"54":{"start":{"line":143,"column":40},"end":{"line":143,"column":null}},"55":{"start":{"line":153,"column":8},"end":{"line":153,"column":null}},"56":{"start":{"line":154,"column":8},"end":{"line":154,"column":null}}},"fnMap":{"0":{"name":"LessonUI","decl":{"start":{"line":20,"column":24},"end":{"line":20,"column":33}},"loc":{"start":{"line":20,"column":38},"end":{"line":156,"column":null}}},"1":{"name":"(anonymous_3)","decl":{"start":{"line":22,"column":57},"end":{"line":22,"column":64}},"loc":{"start":{"line":22,"column":57},"end":{"line":22,"column":104}}},"2":{"name":"(anonymous_4)","decl":{"start":{"line":23,"column":58},"end":{"line":23,"column":65}},"loc":{"start":{"line":23,"column":58},"end":{"line":23,"column":102}}},"3":{"name":"(anonymous_5)","decl":{"start":{"line":36,"column":14},"end":{"line":36,"column":null}},"loc":{"start":{"line":36,"column":14},"end":{"line":43,"column":7}}},"4":{"name":"(anonymous_6)","decl":{"start":{"line":37,"column":74},"end":{"line":37,"column":null}},"loc":{"start":{"line":37,"column":74},"end":{"line":40,"column":11}}},"5":{"name":"(anonymous_7)","decl":{"start":{"line":40,"column":17},"end":{"line":40,"column":null}},"loc":{"start":{"line":40,"column":17},"end":{"line":42,"column":null}}},"6":{"name":"(anonymous_8)","decl":{"start":{"line":45,"column":31},"end":{"line":45,"column":null}},"loc":{"start":{"line":45,"column":31},"end":{"line":51,"column":null}}},"7":{"name":"(anonymous_9)","decl":{"start":{"line":46,"column":98},"end":{"line":46,"column":null}},"loc":{"start":{"line":46,"column":98},"end":{"line":48,"column":11}}},"8":{"name":"(anonymous_10)","decl":{"start":{"line":48,"column":17},"end":{"line":48,"column":null}},"loc":{"start":{"line":48,"column":17},"end":{"line":50,"column":null}}},"9":{"name":"(anonymous_11)","decl":{"start":{"line":53,"column":29},"end":{"line":53,"column":null}},"loc":{"start":{"line":53,"column":29},"end":{"line":64,"column":null}}},"10":{"name":"(anonymous_12)","decl":{"start":{"line":59,"column":88},"end":{"line":59,"column":null}},"loc":{"start":{"line":59,"column":88},"end":{"line":61,"column":11}}},"11":{"name":"(anonymous_13)","decl":{"start":{"line":61,"column":17},"end":{"line":61,"column":null}},"loc":{"start":{"line":61,"column":17},"end":{"line":63,"column":null}}},"12":{"name":"(anonymous_14)","decl":{"start":{"line":104,"column":49},"end":{"line":104,"column":50}},"loc":{"start":{"line":105,"column":40},"end":{"line":106,"column":null}}},"13":{"name":"(anonymous_15)","decl":{"start":{"line":109,"column":53},"end":{"line":109,"column":null}},"loc":{"start":{"line":109,"column":53},"end":{"line":112,"column":null}}},"14":{"name":"(anonymous_16)","decl":{"start":{"line":117,"column":69},"end":{"line":117,"column":75}},"loc":{"start":{"line":117,"column":75},"end":{"line":117,"column":null}}},"15":{"name":"(anonymous_17)","decl":{"start":{"line":121,"column":53},"end":{"line":121,"column":null}},"loc":{"start":{"line":121,"column":53},"end":{"line":124,"column":39}}},"16":{"name":"(anonymous_18)","decl":{"start":{"line":125,"column":53},"end":{"line":125,"column":null}},"loc":{"start":{"line":125,"column":53},"end":{"line":127,"column":39}}},"17":{"name":"(anonymous_19)","decl":{"start":{"line":130,"column":67},"end":{"line":130,"column":73}},"loc":{"start":{"line":130,"column":73},"end":{"line":130,"column":null}}},"18":{"name":"(anonymous_20)","decl":{"start":{"line":136,"column":57},"end":{"line":136,"column":58}},"loc":{"start":{"line":136,"column":58},"end":{"line":136,"column":null}}},"19":{"name":"(anonymous_21)","decl":{"start":{"line":138,"column":53},"end":{"line":138,"column":null}},"loc":{"start":{"line":138,"column":53},"end":{"line":141,"column":39}}},"20":{"name":"(anonymous_22)","decl":{"start":{"line":142,"column":53},"end":{"line":142,"column":null}},"loc":{"start":{"line":142,"column":53},"end":{"line":144,"column":39}}}},"branchMap":{"0":{"loc":{"start":{"line":67,"column":4},"end":{"line":155,"column":null}},"type":"if","locations":[{"start":{"line":67,"column":4},"end":{"line":155,"column":null}},{"start":{"line":152,"column":11},"end":{"line":155,"column":null}}]},"1":{"loc":{"start":{"line":78,"column":33},"end":{"line":80,"column":null}},"type":"cond-expr","locations":[{"start":{"line":78,"column":33},"end":{"line":80,"column":null}}]},"2":{"loc":{"start":{"line":78,"column":33},"end":{"line":80,"column":null}},"type":"binary-expr","locations":[{"start":{"line":78,"column":33},"end":{"line":78,"column":43}},{"start":{"line":78,"column":43},"end":{"line":80,"column":null}}]},"3":{"loc":{"start":{"line":80,"column":36},"end":{"line":80,"column":null}},"type":"binary-expr","locations":[{"start":{"line":80,"column":36},"end":{"line":80,"column":null}}]},"4":{"loc":{"start":{"line":96,"column":20},"end":{"line":148,"column":null}},"type":"cond-expr","locations":[{"start":{"line":97,"column":24},"end":{"line":148,"column":null}},{"start":{"line":148,"column":24},"end":{"line":148,"column":null}}]}},"s":{"0":0,"1":0,"2":0,"3":0,"4":0,"5":0,"6":0,"7":0,"8":0,"9":0,"10":0,"11":0,"12":0,"13":0,"14":0,"15":0,"16":0,"17":0,"18":0,"19":0,"20":0,"21":0,"22":0,"23":0,"24":0,"25":0,"26":0,"27":0,"28":0,"29":0,"30":0,"31":0,"32":0,"33":0,"34":0,"35":0,"36":0,"37":0,"38":0,"39":0,"40":0,"41":0,"42":0,"43":0,"44":0,"45":0,"46":0,"47":0,"48":0,"49":0,"50":0,"51":0,"52":0,"53":0,"54":0,"55":0,"56":0},"f":{"0":0,"1":0,"2":0,"3":0,"4":0,"5":0,"6":0,"7":0,"8":0,"9":0,"10":0,"11":0,"12":0,"13":0,"14":0,"15":0,"16":0,"17":0,"18":0,"19":0,"20":0},"b":{"0":[0,0],"1":[0],"2":[0,0],"3":[0],"4":[0,0]}}
,"/Users/tarikmaljanovic/Desktop/codeUni/app/components/navbar.js": {"path":"/Users/tarikmaljanovic/Desktop/codeUni/app/components/navbar.js","statementMap":{"0":{"start":{"line":9,"column":24},"end":{"line":9,"column":31}},"1":{"start":{"line":2,"column":7},"end":{"line":2,"column":null}},"2":{"start":{"line":3,"column":25},"end":{"line":3,"column":null}},"3":{"start":{"line":4,"column":24},"end":{"line":4,"column":null}},"4":{"start":{"line":7,"column":26},"end":{"line":7,"column":null}},"5":{"start":{"line":10,"column":36},"end":{"line":10,"column":null}},"6":{"start":{"line":11,"column":34},"end":{"line":11,"column":null}},"7":{"start":{"line":12,"column":19},"end":{"line":12,"column":null}},"8":{"start":{"line":14,"column":27},"end":{"line":16,"column":null}},"9":{"start":{"line":15,"column":8},"end":{"line":15,"column":null}},"10":{"start":{"line":21,"column":64},"end":{"line":21,"column":91}},"11":{"start":{"line":24,"column":54},"end":{"line":24,"column":null}},"12":{"start":{"line":25,"column":81},"end":{"line":25,"column":null}},"13":{"start":{"line":30,"column":32},"end":{"line":30,"column":null}},"14":{"start":{"line":36,"column":32},"end":{"line":36,"column":null}},"15":{"start":{"line":42,"column":36},"end":{"line":42,"column":null}},"16":{"start":{"line":43,"column":36},"end":{"line":43,"column":null}},"17":{"start":{"line":51,"column":67},"end":{"line":51,"column":null}},"18":{"start":{"line":58,"column":24},"end":{"line":58,"column":null}},"19":{"start":{"line":61,"column":24},"end":{"line":61,"column":null}},"20":{"start":{"line":64,"column":24},"end":{"line":64,"column":null}},"21":{"start":{"line":65,"column":24},"end":{"line":65,"column":null}},"22":{"start":{"line":69,"column":32},"end":{"line":69,"column":51}}},"fnMap":{"0":{"name":"Navbar","decl":{"start":{"line":9,"column":24},"end":{"line":9,"column":31}},"loc":{"start":{"line":9,"column":36},"end":{"line":72,"column":null}}},"1":{"name":"(anonymous_3)","decl":{"start":{"line":14,"column":27},"end":{"line":14,"column":null}},"loc":{"start":{"line":14,"column":27},"end":{"line":16,"column":null}}},"2":{"name":"(anonymous_4)","decl":{"start":{"line":21,"column":58},"end":{"line":21,"column":64}},"loc":{"start":{"line":21,"column":64},"end":{"line":21,"column":91}}},"3":{"name":"(anonymous_5)","decl":{"start":{"line":24,"column":48},"end":{"line":24,"column":54}},"loc":{"start":{"line":24,"column":54},"end":{"line":24,"column":null}}},"4":{"name":"(anonymous_6)","decl":{"start":{"line":25,"column":75},"end":{"line":25,"column":81}},"loc":{"start":{"line":25,"column":81},"end":{"line":25,"column":null}}},"5":{"name":"(anonymous_7)","decl":{"start":{"line":29,"column":42},"end":{"line":29,"column":null}},"loc":{"start":{"line":29,"column":42},"end":{"line":31,"column":31}}},"6":{"name":"(anonymous_8)","decl":{"start":{"line":35,"column":42},"end":{"line":35,"column":null}},"loc":{"start":{"line":35,"column":42},"end":{"line":37,"column":31}}},"7":{"name":"(anonymous_9)","decl":{"start":{"line":41,"column":42},"end":{"line":41,"column":null}},"loc":{"start":{"line":41,"column":42},"end":{"line":44,"column":35}}},"8":{"name":"(anonymous_10)","decl":{"start":{"line":51,"column":61},"end":{"line":51,"column":67}},"loc":{"start":{"line":51,"column":67},"end":{"line":51,"column":null}}},"9":{"name":"(anonymous_11)","decl":{"start":{"line":57,"column":37},"end":{"line":57,"column":null}},"loc":{"start":{"line":57,"column":37},"end":{"line":59,"column":23}}},"10":{"name":"(anonymous_12)","decl":{"start":{"line":60,"column":37},"end":{"line":60,"column":null}},"loc":{"start":{"line":60,"column":37},"end":{"line":62,"column":23}}},"11":{"name":"(anonymous_13)","decl":{"start":{"line":63,"column":54},"end":{"line":63,"column":null}},"loc":{"start":{"line":63,"column":54},"end":{"line":66,"column":23}}},"12":{"name":"(anonymous_14)","decl":{"start":{"line":69,"column":26},"end":{"line":69,"column":32}},"loc":{"start":{"line":69,"column":32},"end":{"line":69,"column":51}}}},"branchMap":{"0":{"loc":{"start":{"line":28,"column":52},"end":{"line":28,"column":80}},"type":"cond-expr","locations":[{"start":{"line":28,"column":63},"end":{"line":28,"column":68}},{"start":{"line":28,"column":68},"end":{"line":28,"column":80}}]},"1":{"loc":{"start":{"line":53,"column":39},"end":{"line":53,"column":63}},"type":"cond-expr","locations":[{"start":{"line":53,"column":49},"end":{"line":53,"column":54}},{"start":{"line":53,"column":54},"end":{"line":53,"column":63}}]},"2":{"loc":{"start":{"line":69,"column":70},"end":{"line":69,"column":97}},"type":"cond-expr","locations":[{"start":{"line":69,"column":80},"end":{"line":69,"column":85}},{"start":{"line":69,"column":85},"end":{"line":69,"column":97}}]}},"s":{"0":84,"1":2,"2":2,"3":2,"4":2,"5":84,"6":84,"7":84,"8":84,"9":0,"10":0,"11":20,"12":0,"13":0,"14":0,"15":0,"16":0,"17":0,"18":0,"19":0,"20":0,"21":0,"22":0},"f":{"0":84,"1":0,"2":0,"3":20,"4":0,"5":0,"6":0,"7":0,"8":0,"9":0,"10":0,"11":0,"12":0},"b":{"0":[0,84],"1":[0,84],"2":[0,84]}}
,"/Users/tarikmaljanovic/Desktop/codeUni/app/components/profile.js": {"path":"/Users/tarikmaljanovic/Desktop/codeUni/app/components/profile.js","statementMap":{"0":{"start":{"line":22,"column":24},"end":{"line":22,"column":null}},"1":{"start":{"line":2,"column":7},"end":{"line":2,"column":null}},"2":{"start":{"line":3,"column":7},"end":{"line":3,"column":null}},"3":{"start":{"line":5,"column":23},"end":{"line":5,"column":null}},"4":{"start":{"line":6,"column":26},"end":{"line":6,"column":null}},"5":{"start":{"line":7,"column":36},"end":{"line":7,"column":null}},"6":{"start":{"line":8,"column":23},"end":{"line":8,"column":null}},"7":{"start":{"line":9,"column":18},"end":{"line":9,"column":null}},"8":{"start":{"line":10,"column":19},"end":{"line":10,"column":null}},"9":{"start":{"line":11,"column":18},"end":{"line":11,"column":null}},"10":{"start":{"line":13,"column":48},"end":{"line":13,"column":null}},"11":{"start":{"line":14,"column":18},"end":{"line":14,"column":null}},"12":{"start":{"line":15,"column":24},"end":{"line":15,"column":null}},"13":{"start":{"line":16,"column":24},"end":{"line":16,"column":null}},"14":{"start":{"line":17,"column":26},"end":{"line":17,"column":null}},"15":{"start":{"line":18,"column":24},"end":{"line":18,"column":null}},"16":{"start":{"line":19,"column":22},"end":{"line":19,"column":null}},"17":{"start":{"line":20,"column":18},"end":{"line":20,"column":null}},"18":{"start":{"line":23,"column":20},"end":{"line":25,"column":null}},"19":{"start":{"line":24,"column":72},"end":{"line":24,"column":85}},"20":{"start":{"line":26,"column":28},"end":{"line":26,"column":null}},"21":{"start":{"line":27,"column":32},"end":{"line":27,"column":null}},"22":{"start":{"line":28,"column":19},"end":{"line":28,"column":null}},"23":{"start":{"line":29,"column":28},"end":{"line":29,"column":null}},"24":{"start":{"line":30,"column":30},"end":{"line":30,"column":null}},"25":{"start":{"line":31,"column":34},"end":{"line":31,"column":null}},"26":{"start":{"line":32,"column":50},"end":{"line":32,"column":null}},"27":{"start":{"line":33,"column":44},"end":{"line":33,"column":null}},"28":{"start":{"line":34,"column":52},"end":{"line":34,"column":null}},"29":{"start":{"line":35,"column":32},"end":{"line":35,"column":null}},"30":{"start":{"line":36,"column":36},"end":{"line":36,"column":null}},"31":{"start":{"line":37,"column":36},"end":{"line":42,"column":null}},"32":{"start":{"line":45,"column":4},"end":{"line":57,"column":null}},"33":{"start":{"line":46,"column":8},"end":{"line":56,"column":null}},"34":{"start":{"line":47,"column":32},"end":{"line":47,"column":null}},"35":{"start":{"line":48,"column":31},"end":{"line":48,"column":null}},"36":{"start":{"line":49,"column":12},"end":{"line":55,"column":null}},"37":{"start":{"line":50,"column":16},"end":{"line":50,"column":null}},"38":{"start":{"line":51,"column":16},"end":{"line":51,"column":null}},"39":{"start":{"line":54,"column":16},"end":{"line":54,"column":null}},"40":{"start":{"line":59,"column":4},"end":{"line":82,"column":null}},"41":{"start":{"line":60,"column":8},"end":{"line":81,"column":null}},"42":{"start":{"line":61,"column":12},"end":{"line":63,"column":null}},"43":{"start":{"line":62,"column":29},"end":{"line":62,"column":null}},"44":{"start":{"line":63,"column":30},"end":{"line":63,"column":null}},"45":{"start":{"line":65,"column":12},"end":{"line":67,"column":null}},"46":{"start":{"line":66,"column":29},"end":{"line":66,"column":null}},"47":{"start":{"line":67,"column":30},"end":{"line":67,"column":null}},"48":{"start":{"line":69,"column":12},"end":{"line":74,"column":null}},"49":{"start":{"line":76,"column":12},"end":{"line":80,"column":null}},"50":{"start":{"line":77,"column":16},"end":{"line":79,"column":null}},"51":{"start":{"line":78,"column":33},"end":{"line":78,"column":null}},"52":{"start":{"line":79,"column":34},"end":{"line":79,"column":null}},"53":{"start":{"line":84,"column":4},"end":{"line":91,"column":null}},"54":{"start":{"line":85,"column":21},"end":{"line":85,"column":null}},"55":{"start":{"line":85,"column":46},"end":{"line":85,"column":null}},"56":{"start":{"line":86,"column":24},"end":{"line":86,"column":null}},"57":{"start":{"line":86,"column":49},"end":{"line":86,"column":null}},"58":{"start":{"line":87,"column":26},"end":{"line":87,"column":null}},"59":{"start":{"line":87,"column":51},"end":{"line":87,"column":null}},"60":{"start":{"line":88,"column":8},"end":{"line":88,"column":null}},"61":{"start":{"line":89,"column":8},"end":{"line":89,"column":null}},"62":{"start":{"line":90,"column":8},"end":{"line":90,"column":null}},"63":{"start":{"line":93,"column":30},"end":{"line":101,"column":null}},"64":{"start":{"line":94,"column":8},"end":{"line":100,"column":null}},"65":{"start":{"line":96,"column":16},"end":{"line":96,"column":null}},"66":{"start":{"line":97,"column":16},"end":{"line":97,"column":null}},"67":{"start":{"line":98,"column":16},"end":{"line":98,"column":null}},"68":{"start":{"line":100,"column":26},"end":{"line":100,"column":null}},"69":{"start":{"line":103,"column":27},"end":{"line":117,"column":null}},"70":{"start":{"line":104,"column":8},"end":{"line":116,"column":null}},"71":{"start":{"line":109,"column":16},"end":{"line":114,"column":null}},"72":{"start":{"line":110,"column":20},"end":{"line":112,"column":null}},"73":{"start":{"line":111,"column":24},"end":{"line":111,"column":null}},"74":{"start":{"line":113,"column":20},"end":{"line":113,"column":null}},"75":{"start":{"line":116,"column":26},"end":{"line":116,"column":null}},"76":{"start":{"line":119,"column":26},"end":{"line":133,"column":null}},"77":{"start":{"line":120,"column":8},"end":{"line":132,"column":null}},"78":{"start":{"line":125,"column":16},"end":{"line":130,"column":null}},"79":{"start":{"line":126,"column":20},"end":{"line":128,"column":null}},"80":{"start":{"line":127,"column":24},"end":{"line":127,"column":null}},"81":{"start":{"line":129,"column":20},"end":{"line":129,"column":null}},"82":{"start":{"line":132,"column":26},"end":{"line":132,"column":null}},"83":{"start":{"line":135,"column":24},"end":{"line":157,"column":null}},"84":{"start":{"line":136,"column":8},"end":{"line":156,"column":null}},"85":{"start":{"line":137,"column":29},"end":{"line":144,"column":null}},"86":{"start":{"line":147,"column":24},"end":{"line":147,"column":null}},"87":{"start":{"line":148,"column":25},"end":{"line":148,"column":null}},"88":{"start":{"line":149,"column":12},"end":{"line":149,"column":null}},"89":{"start":{"line":150,"column":12},"end":{"line":150,"column":null}},"90":{"start":{"line":151,"column":12},"end":{"line":151,"column":null}},"91":{"start":{"line":152,"column":12},"end":{"line":152,"column":null}},"92":{"start":{"line":153,"column":12},"end":{"line":153,"column":null}},"93":{"start":{"line":155,"column":12},"end":{"line":155,"column":null}},"94":{"start":{"line":159,"column":4},"end":{"line":161,"column":null}},"95":{"start":{"line":160,"column":8},"end":{"line":160,"column":21}},"96":{"start":{"line":177,"column":40},"end":{"line":178,"column":61}},"97":{"start":{"line":183,"column":79},"end":{"line":183,"column":103}},"98":{"start":{"line":185,"column":79},"end":{"line":185,"column":104}},"99":{"start":{"line":212,"column":32},"end":{"line":213,"column":53}},"100":{"start":{"line":244,"column":32},"end":{"line":245,"column":53}},"101":{"start":{"line":250,"column":71},"end":{"line":250,"column":103}},"102":{"start":{"line":271,"column":42},"end":{"line":271,"column":null}},"103":{"start":{"line":277,"column":72},"end":{"line":277,"column":null}},"104":{"start":{"line":281,"column":71},"end":{"line":281,"column":null}},"105":{"start":{"line":285,"column":67},"end":{"line":285,"column":null}},"106":{"start":{"line":289,"column":44},"end":{"line":289,"column":null}},"107":{"start":{"line":292,"column":39},"end":{"line":292,"column":55}},"108":{"start":{"line":302,"column":20},"end":{"line":303,"column":null}},"109":{"start":{"line":307,"column":28},"end":{"line":307,"column":null}},"110":{"start":{"line":308,"column":28},"end":{"line":308,"column":null}}},"fnMap":{"0":{"name":"ProfileUI","decl":{"start":{"line":22,"column":24},"end":{"line":22,"column":null}},"loc":{"start":{"line":22,"column":24},"end":{"line":316,"column":null}}},"1":{"name":"(anonymous_3)","decl":{"start":{"line":24,"column":66},"end":{"line":24,"column":72}},"loc":{"start":{"line":24,"column":72},"end":{"line":24,"column":85}}},"2":{"name":"(anonymous_4)","decl":{"start":{"line":45,"column":14},"end":{"line":45,"column":null}},"loc":{"start":{"line":45,"column":14},"end":{"line":57,"column":7}}},"3":{"name":"(anonymous_5)","decl":{"start":{"line":59,"column":14},"end":{"line":59,"column":null}},"loc":{"start":{"line":59,"column":14},"end":{"line":82,"column":7}}},"4":{"name":"(anonymous_6)","decl":{"start":{"line":62,"column":22},"end":{"line":62,"column":29}},"loc":{"start":{"line":62,"column":29},"end":{"line":62,"column":null}}},"5":{"name":"(anonymous_7)","decl":{"start":{"line":63,"column":23},"end":{"line":63,"column":30}},"loc":{"start":{"line":63,"column":30},"end":{"line":63,"column":null}}},"6":{"name":"(anonymous_8)","decl":{"start":{"line":66,"column":22},"end":{"line":66,"column":29}},"loc":{"start":{"line":66,"column":29},"end":{"line":66,"column":null}}},"7":{"name":"(anonymous_9)","decl":{"start":{"line":67,"column":23},"end":{"line":67,"column":30}},"loc":{"start":{"line":67,"column":30},"end":{"line":67,"column":null}}},"8":{"name":"(anonymous_10)","decl":{"start":{"line":78,"column":26},"end":{"line":78,"column":33}},"loc":{"start":{"line":78,"column":33},"end":{"line":78,"column":null}}},"9":{"name":"(anonymous_11)","decl":{"start":{"line":79,"column":27},"end":{"line":79,"column":34}},"loc":{"start":{"line":79,"column":34},"end":{"line":79,"column":null}}},"10":{"name":"(anonymous_12)","decl":{"start":{"line":84,"column":14},"end":{"line":84,"column":null}},"loc":{"start":{"line":84,"column":14},"end":{"line":91,"column":7}}},"11":{"name":"(anonymous_13)","decl":{"start":{"line":85,"column":36},"end":{"line":85,"column":46}},"loc":{"start":{"line":85,"column":46},"end":{"line":85,"column":null}}},"12":{"name":"(anonymous_14)","decl":{"start":{"line":86,"column":39},"end":{"line":86,"column":49}},"loc":{"start":{"line":86,"column":49},"end":{"line":86,"column":null}}},"13":{"name":"(anonymous_15)","decl":{"start":{"line":87,"column":41},"end":{"line":87,"column":51}},"loc":{"start":{"line":87,"column":51},"end":{"line":87,"column":null}}},"14":{"name":"(anonymous_16)","decl":{"start":{"line":93,"column":30},"end":{"line":93,"column":null}},"loc":{"start":{"line":93,"column":30},"end":{"line":101,"column":null}}},"15":{"name":"(anonymous_17)","decl":{"start":{"line":95,"column":18},"end":{"line":95,"column":null}},"loc":{"start":{"line":95,"column":18},"end":{"line":99,"column":null}}},"16":{"name":"(anonymous_18)","decl":{"start":{"line":100,"column":19},"end":{"line":100,"column":26}},"loc":{"start":{"line":100,"column":26},"end":{"line":100,"column":null}}},"17":{"name":"(anonymous_19)","decl":{"start":{"line":103,"column":27},"end":{"line":103,"column":28}},"loc":{"start":{"line":103,"column":28},"end":{"line":117,"column":null}}},"18":{"name":"(anonymous_20)","decl":{"start":{"line":108,"column":18},"end":{"line":108,"column":null}},"loc":{"start":{"line":108,"column":18},"end":{"line":115,"column":null}}},"19":{"name":"(anonymous_21)","decl":{"start":{"line":109,"column":41},"end":{"line":109,"column":null}},"loc":{"start":{"line":109,"column":41},"end":{"line":114,"column":null}}},"20":{"name":"(anonymous_22)","decl":{"start":{"line":116,"column":19},"end":{"line":116,"column":26}},"loc":{"start":{"line":116,"column":26},"end":{"line":116,"column":null}}},"21":{"name":"(anonymous_23)","decl":{"start":{"line":119,"column":26},"end":{"line":119,"column":27}},"loc":{"start":{"line":119,"column":27},"end":{"line":133,"column":null}}},"22":{"name":"(anonymous_24)","decl":{"start":{"line":124,"column":18},"end":{"line":124,"column":null}},"loc":{"start":{"line":124,"column":18},"end":{"line":131,"column":null}}},"23":{"name":"(anonymous_25)","decl":{"start":{"line":125,"column":41},"end":{"line":125,"column":null}},"loc":{"start":{"line":125,"column":41},"end":{"line":130,"column":null}}},"24":{"name":"(anonymous_26)","decl":{"start":{"line":132,"column":19},"end":{"line":132,"column":26}},"loc":{"start":{"line":132,"column":26},"end":{"line":132,"column":null}}},"25":{"name":"(anonymous_27)","decl":{"start":{"line":135,"column":24},"end":{"line":135,"column":31}},"loc":{"start":{"line":135,"column":31},"end":{"line":157,"column":null}}},"26":{"name":"(anonymous_28)","decl":{"start":{"line":176,"column":50},"end":{"line":176,"column":51}},"loc":{"start":{"line":176,"column":57},"end":{"line":190,"column":null}}},"27":{"name":"(anonymous_29)","decl":{"start":{"line":183,"column":73},"end":{"line":183,"column":79}},"loc":{"start":{"line":183,"column":79},"end":{"line":183,"column":103}}},"28":{"name":"(anonymous_30)","decl":{"start":{"line":185,"column":73},"end":{"line":185,"column":79}},"loc":{"start":{"line":185,"column":79},"end":{"line":185,"column":104}}},"29":{"name":"(anonymous_31)","decl":{"start":{"line":211,"column":40},"end":{"line":211,"column":41}},"loc":{"start":{"line":211,"column":47},"end":{"line":225,"column":34}}},"30":{"name":"(anonymous_32)","decl":{"start":{"line":243,"column":50},"end":{"line":243,"column":51}},"loc":{"start":{"line":243,"column":57},"end":{"line":255,"column":34}}},"31":{"name":"(anonymous_33)","dec
[...]
ine":125,"column":null}},"47":{"start":{"line":116,"column":76},"end":{"line":122,"column":null}},"48":{"start":{"line":117,"column":80},"end":{"line":121,"column":null}},"49":{"start":{"line":118,"column":84},"end":{"line":118,"column":null}},"50":{"start":{"line":120,"column":84},"end":{"line":120,"column":null}},"51":{"start":{"line":124,"column":76},"end":{"line":124,"column":null}},"52":{"start":{"line":135,"column":56},"end":{"line":141,"column":null}},"53":{"start":{"line":136,"column":60},"end":{"line":140,"column":null}},"54":{"start":{"line":137,"column":64},"end":{"line":137,"column":null}},"55":{"start":{"line":139,"column":64},"end":{"line":139,"column":null}},"56":{"start":{"line":145,"column":52},"end":{"line":151,"column":null}},"57":{"start":{"line":146,"column":56},"end":{"line":150,"column":null}},"58":{"start":{"line":147,"column":60},"end":{"line":147,"column":null}},"59":{"start":{"line":149,"column":60},"end":{"line":149,"column":null}},"60":{"start":{"line":154,"column":52},"end":{"line":160,"column":null}},"61":{"start":{"line":155,"column":56},"end":{"line":159,"column":null}},"62":{"start":{"line":156,"column":60},"end":{"line":156,"column":null}},"63":{"start":{"line":158,"column":60},"end":{"line":158,"column":null}},"64":{"start":{"line":163,"column":52},"end":{"line":163,"column":null}},"65":{"start":{"line":163,"column":88},"end":{"line":163,"column":null}},"66":{"start":{"line":170,"column":36},"end":{"line":174,"column":null}},"67":{"start":{"line":192,"column":40},"end":{"line":193,"column":null}},"68":{"start":{"line":202,"column":60},"end":{"line":202,"column":105}},"69":{"start":{"line":203,"column":100},"end":{"line":203,"column":145}},"70":{"start":{"line":210,"column":44},"end":{"line":212,"column":null}},"71":{"start":{"line":211,"column":48},"end":{"line":211,"column":null}},"72":{"start":{"line":213,"column":44},"end":{"line":213,"column":null}},"73":{"start":{"line":214,"column":44},"end":{"line":214,"column":null}},"74":{"start":{"line":226,"column":48},"end":{"line":234,"column":null}},"75":{"start":{"line":227,"column":52},"end":{"line":233,"column":null}},"76":{"start":{"line":228,"column":56},"end":{"line":232,"column":null}},"77":{"start":{"line":229,"column":60},"end":{"line":229,"column":null}},"78":{"start":{"line":231,"column":60},"end":{"line":231,"column":null}},"79":{"start":{"line":244,"column":71},"end":{"line":244,"column":110}},"80":{"start":{"line":250,"column":52},"end":{"line":250,"column":null}},"81":{"start":{"line":251,"column":52},"end":{"line":251,"column":null}},"82":{"start":{"line":254,"column":71},"end":{"line":254,"column":110}}},"fnMap":{"0":{"name":"Quiz","decl":{"start":{"line":10,"column":24},"end":{"line":10,"column":29}},"loc":{"start":{"line":10,"column":34},"end":{"line":268,"column":null}}},"1":{"name":"(anonymous_6)","decl":{"start":{"line":27,"column":14},"end":{"line":27,"column":null}},"loc":{"start":{"line":27,"column":14},"end":{"line":34,"column":7}}},"2":{"name":"(anonymous_7)","decl":{"start":{"line":28,"column":80},"end":{"line":28,"column":null}},"loc":{"start":{"line":28,"column":80},"end":{"line":31,"column":11}}},"3":{"name":"(anonymous_8)","decl":{"start":{"line":31,"column":17},"end":{"line":31,"column":null}},"loc":{"start":{"line":31,"column":17},"end":{"line":33,"column":null}}},"4":{"name":"(anonymous_9)","decl":{"start":{"line":36,"column":14},"end":{"line":36,"column":null}},"loc":{"start":{"line":36,"column":14},"end":{"line":40,"column":7}}},"5":{"name":"(anonymous_10)","decl":{"start":{"line":42,"column":27},"end":{"line":42,"column":null}},"loc":{"start":{"line":42,"column":27},"end":{"line":51,"column":null}}},"6":{"name":"(anonymous_11)","decl":{"start":{"line":46,"column":16},"end":{"line":46,"column":null}},"loc":{"start":{"line":46,"column":16},"end":{"line":48,"column":11}}},"7":{"name":"(anonymous_12)","decl":{"start":{"line":48,"column":17},"end":{"line":48,"column":null}},"loc":{"start":{"line":48,"column":17},"end":{"line":50,"column":null}}},"8":{"name":"(anonymous_13)","decl":{"start":{"line":53,"column":29},"end":{"line":53,"column":null}},"loc":{"start":{"line":53,"column":29},"end":{"line":82,"column":null}}},"9":{"name":"(anonymous_14)","decl":{"start":{"line":60,"column":16},"end":{"line":60,"column":null}},"loc":{"start":{"line":60,"column":16},"end":{"line":76,"column":11}}},"10":{"name":"(anonymous_15)","decl":{"start":{"line":64,"column":20},"end":{"line":64,"column":null}},"loc":{"start":{"line":64,"column":20},"end":{"line":66,"column":15}}},"11":{"name":"(anonymous_16)","decl":{"start":{"line":66,"column":21},"end":{"line":66,"column":null}},"loc":{"start":{"line":66,"column":21},"end":{"line":68,"column":null}}},"12":{"name":"(anonymous_17)","decl":{"start":{"line":71,"column":20},"end":{"line":71,"column":null}},"loc":{"start":{"line":71,"column":20},"end":{"line":73,"column":15}}},"13":{"name":"(anonymous_18)","decl":{"start":{"line":73,"column":21},"end":{"line":73,"column":null}},"loc":{"start":{"line":73,"column":21},"end":{"line":75,"column":null}}},"14":{"name":"(anonymous_19)","decl":{"start":{"line":76,"column":17},"end":{"line":76,"column":null}},"loc":{"start":{"line":76,"column":17},"end":{"line":78,"column":null}}},"15":{"name":"(anonymous_20)","decl":{"start":{"line":93,"column":48},"end":{"line":93,"column":49}},"loc":{"start":{"line":93,"column":59},"end":{"line":167,"column":null}}},"16":{"name":"(anonymous_21)","decl":{"start":{"line":98,"column":95},"end":{"line":98,"column":null}},"loc":{"start":{"line":98,"column":95},"end":{"line":106,"column":null}}},"17":{"name":"(anonymous_22)","decl":{"start":{"line":99,"column":79},"end":{"line":99,"column":80}},"loc":{"start":{"line":99,"column":83},"end":{"line":105,"column":null}}},"18":{"name":"(anonymous_23)","decl":{"start":{"line":109,"column":73},"end":{"line":109,"column":74}},"loc":{"start":{"line":109,"column":82},"end":{"line":130,"column":null}}},"19":{"name":"(anonymous_24)","decl":{"start":{"line":113,"column":96},"end":{"line":113,"column":null}},"loc":{"start":{"line":113,"column":96},"end":{"line":127,"column":null}}},"20":{"name":"(anonymous_25)","decl":{"start":{"line":114,"column":91},"end":{"line":114,"column":92}},"loc":{"start":{"line":114,"column":95},"end":{"line":126,"column":null}}},"21":{"name":"(anonymous_26)","decl":{"start":{"line":116,"column":113},"end":{"line":116,"column":114}},"loc":{"start":{"line":116,"column":117},"end":{"line":122,"column":78}}},"22":{"name":"(anonymous_27)","decl":{"start":{"line":134,"column":113},"end":{"line":134,"column":null}},"loc":{"start":{"line":134,"column":113},"end":{"line":142,"column":null}}},"23":{"name":"(anonymous_28)","decl":{"start":{"line":135,"column":79},"end":{"line":135,"column":80}},"loc":{"start":{"line":135,"column":83},"end":{"line":141,"column":null}}},"24":{"name":"(anonymous_29)","decl":{"start":{"line":144,"column":136},"end":{"line":144,"column":null}},"loc":{"start":{"line":144,"column":136},"end":{"line":152,"column":51}}},"25":{"name":"(anonymous_30)","decl":{"start":{"line":145,"column":75},"end":{"line":145,"column":76}},"loc":{"start":{"line":145,"column":79},"end":{"line":151,"column":null}}},"26":{"name":"(anonymous_31)","decl":{"start":{"line":153,"column":65},"end":{"line":153,"column":null}},"loc":{"start":{"line":153,"column":65},"end":{"line":161,"column":51}}},"27":{"name":"(anonymous_32)","decl":{"start":{"line":154,"column":75},"end":{"line":154,"column":76}},"loc":{"start":{"line":154,"column":79},"end":{"line":160,"column":null}}},"28":{"name":"(anonymous_33)","decl":{"start":{"line":162,"column":94},"end":{"line":162,"column":null}},"loc":{"start":{"line":162,"column":94},"end":{"line":164,"column":51}}},"29":{"name":"(anonymous_34)","decl":{"start":{"line":163,"column":78},"end":{"line":163,"column":79}},"loc":{"start":{"line":163,"column":88},"end":{"line":163,"column":null}}},"30":{"name":"(anonymous_35)","decl":{"start":{"line":169,"column":79},"end":{"line":169,"column":null}},"loc":{"start":{"line":169,"column":79},"end":{"line":175,"column":35}}},"31":{"name":"(anonymous_36)","decl":{"start":{"line":191,"column":45},"end":{"line":191,"column":46}},"loc":{"start":{"line":191,"column":56},"end":{"line":199,"column":null}}},"32":{"name":"(anonymous_37)","decl":{"start":{"line":202,"column":48},"end":{"line":202,"column":60}},"loc":{"start":{"line":202,"column":60},"end":{"line":202,"column":105}}},"33":{"name":"(anonymous_38)","decl":{"start":{"line":203,"column":88},"end":{"line":203,"column":100}},"loc":{"start":{"line":203,"column":100},"end":{"line":203,"column":145}}},"34":{"name":"(anonymous_39)","decl":{"start":{"line":209,"column":57},"end":{"line":209,"column":null}},"loc":{"start":{"line":209,"column":57},"end":{"line":215,"column":43}}},"35":{"name":"(anonymous_40)","decl":{"start":{"line":210,"column":61},"end":{"line":210,"column":null}},"loc":{"start":{"line":210,"column":61},"end":{"line":212,"column":null}}},"36":{"name":"(anonymous_41)","decl":{"start":{"line":225,"column":79},"end":{"line":225,"column":80}},"loc":{"start":{"line":226,"column":48},"end":{"line":234,"column":null}}},"37":{"name":"(anonymous_42)","decl":{"start":{"line":226,"column":62},"end":{"line":226,"column":null}},"loc":{"start":{"line":226,"column":62},"end":{"line":234,"column":51}}},"38":{"name":"(anonymous_43)","decl":{"start":{"line":227,"column":69},"end":{"line":227,"column":70}},"loc":{"start":{"line":227,"column":80},"end":{"line":233,"column":null}}},"39":{"name":"(anonymous_44)","decl":{"start":{"line":244,"column":65},"end":{"line":244,"column":71}},"loc":{"start":{"line":244,"column":71},"end":{"line":244,"column":110}}},"40":{"name":"(anonymous_45)","decl":{"start":{"line":249,"column":65},"end":{"line":249,"column":66}},"loc":{"start":{"line":249,"column":66},"end":{"line":252,"column":51}}},"41":{"name":"(anonymous_46)","decl":{"start":{"line":254,"column":65},"end":{"line":254,"column":71}},"loc":{"start":{"line":254,"column":71},"end":{"line":254,"column":110}}}},"branchMap":{"0":{"loc":{"start":{"line":37,"column":8},"end":{"line":39,"column":null}},"type":"if","locations":[{"start":{"line":37,"column":8},"end":{"line":39,"column":null}}]},"1":{"loc":{"start":{"line":85,"column":4},"end":{"line":267,"column":null}},"type":"if","locations":[{"start":{"line":85,"column":4},"end":{"line":267,"column":null}},{"start":{"line":183,"column":11},"end":{"line":267,"column":null}}]},"2":{"loc":{"start":{"line":90,"column":24},"end":{"line":178,"column":null}},"type":"cond-expr","locations":[{"start":{"line":91,"column":28},"end":{"line":178,"column":null}},{"start":{"line":178,"column":28},"end":{"line":178,"column":null}}]},"3":{"loc":{"start":{"line":100,"column":60},"end":{"line":104,"column":null}},"type":"if","locations":[{"start":{"line":100,"column":60},"end":{"line":104,"column":null}},{"start":{"line":102,"column":67},"end":{"line":104,"column":null}}]},"4":{"loc":{"start":{"line":115,"column":72},"end":{"line":125,"column":null}},"type":"if","locations":[{"start":{"line":115,"column":72},"end":{"line":125,"column":null}},{"start":{"line":123,"column":79},"end":{"line":125,"column":null}}]},"5":{"loc":{"start":{"line":117,"column":80},"end":{"line":121,"column":null}},"type":"if","locations":[{"start":{"line":117,"column":80},"end":{"line":121,"column":null}},{"start":{"line":119,"column":87},"end":{"line":121,"column":null}}]},"6":{"loc":{"start":{"line":136,"column":60},"end":{"line":140,"column":null}},"type":"if","locations":[{"start":{"line":136,"column":60},"end":{"line":140,"column":null}},{"start":{"line":138,"column":67},"end":{"line":140,"column":null}}]},"7":{"loc":{"start":{"line":146,"column":56},"end":{"line":150,"column":null}},"type":"if","locations":[{"start":{"line":146,"column":56},"end":{"line":150,"column":null}},{"start":{"line":148,"column":63},"end":{"line":150,"column":null}}]},"8":{"loc":{"start":{"line":155,"column":56},"end":{"line":159,"column":null}},"type":"if","locations":[{"start":{"line":155,"column":56},"end":{"line":159,"column":null}},{"start":{"line":157,"column":63},"end":{"line":159,"column":null}}]},"9":{"loc":{"start":{"line":189,"column":28},"end":{"line":220,"column":33}},"type":"cond-expr","locations":[{"start":{"line":189,"column":28},"end":{"line":220,"column":33}}]},"10":{"loc":{"start":{"line":195,"column":72},"end":{"line":195,"column":139}},"type":"cond-expr","locations":[{"start":{"line":195,"column":119},"end":{"line":195,"column":131}},{"start":{"line":195,"column":131},"end":{"line":195,"column":139}}]},"11":{"loc":{"start":{"line":202,"column":131},"end":{"line":202,"column":null}},"type":"cond-expr","locations":[{"start":{"line":202,"column":131},"end":{"line":202,"column":null}}]},"12":{"loc":{"start":{"line":208,"column":36},"end":{"line":216,"column":null}},"type":"cond-expr","locations":[{"start":{"line":209,"column":40},"end":{"line":216,"column":null}},{"start":{"line":216,"column":40},"end":{"line":216,"column":null}}]},"13":{"loc":{"start":{"line":221,"column":32},"end":{"line":260,"column":33}},"type":"cond-expr","locations":[{"start":{"line":221,"column":32},"end":{"line":260,"column":33}}]},"14":{"loc":{"start":{"line":228,"column":56},"end":{"line":232,"column":null}},"type":"if","locations":[{"start":{"line":228,"column":56},"end":{"line":232,"column":null}},{"start":{"line":230,"column":63},"end":{"line":232,"column":null}}]},"15":{"loc":{"start":{"line":243,"column":44},"end":{"line":245,"column":null}},"type":"cond-expr","locations":[{"start":{"line":244,"column":48},"end":{"line":245,"column":null}},{"start":{"line":245,"column":48},"end":{"line":245,"column":null}}]},"16":{"loc":{"start":{"line":249,"column":48},"end":{"line":254,"column":49}},"type":"cond-expr","locations":[{"start":{"line":249,"column":48},"end":{"line":254,"column":49}}]}},"s":{"0":0,"1":0,"2":0,"3":0,"4":0,"5":0,"6":0,"7":0,"8":0,"9":0,"10":0,"11":0,"12":0,"13":0,"14":0,"15":0,"16":0,"17":0,"18":0,"19":0,"20":0,"21":0,"22":0,"23":0,"24":0,"25":0,"26":0,"27":0,"28":0,"29":0,"30":0,"31":0,"32":0,"33":0,"34":0,"35":0,"36":0,"37":0,"38":0,"39":0,"40":0,"41":0,"42":0,"43":0,"44":0,"45":0,"46":0,"47":0,"48":0,"49":0,"50":0,"51":0,"52":0,"53":0,"54":0,"55":0,"56":0,"57":0,"58":0,"59":0,"60":0,"61":0,"62":0,"63":0,"64":0,"65":0,"66":0,"67":0,"68":0,"69":0,"70":0,"71":0,"72":0,"73":0,"74":0,"75":0,"76":0,"77":0,"78":0,"79":0,"80":0,"81":0,"82":0},"f":{"0":0,"1":0,"2":0,"3":0,"4":0,"5":0,"6":0,"7":0,"8":0,"9":0,"10":0,"11":0,"12":0,"13":0,"14":0,"15":0,"16":0,"17":0,"18":0,"19":0,"20":0,"21":0,"22":0,"23":0,"24":0,"25":0,"26":0,"27":0,"28":0,"29":0,"30":0,"31":0,"32":0,"33":0,"34":0,"35":0,"36":0,"37":0,"38":0,"39":0,"40":0,"41":0},"b":{"0":[0],"1":[0,0],"2":[0,0],"3":[0,0],"4":[0,0],"5":[0,0],"6":[0,0],"7":[0,0],"8":[0,0],"9":[0],"10":[0,0],"11":[0],"12":[0,0],"13":[0],"14":[0,0],"15":[0,0],"16":[0]}}
,"/Users/tarikmaljanovic/Desktop/codeUni/app/components/textEditor.js": {"path":"/Users/tarikmaljanovic/Desktop/codeUni/app/components/textEditor.js","statementMap":{"0":{"start":{"line":8,"column":24},"end":{"line":8,"column":35}},"1":{"start":{"line":2,"column":43},"end":{"line":2,"column":null}},"2":{"start":{"line":3,"column":23},"end":{"line":3,"column":null}},"3":{"start":{"line":4,"column":7},"end":{"line":4,"column":null}},"4":{"start":{"line":5,"column":23},"end":{"line":5,"column":null}},"5":{"start":{"line":6,"column":18},"end":{"line":6,"column":null}},"6":{"start":{"line":9,"column":32},"end":{"line":9,"column":null}},"7":{"start":{"line":11,"column":29},"end":{"line":20,"column":null}},"8":{"start":{"line":12,"column":4},"end":{"line":19,"column":null}},"9":{"start":{"line":16,"column":6},"end":{"line":16,"column":null}},"10":{"start":{"line":18,"column":6},"end":{"line":18,"column":null}},"11":{"start":{"line":22,"column":30},"end":{"line":31,"column":null}},"12":{"start":{"line":23,"column":4},"end":{"line":30,"column":null}},"13":{"start":{"line":27,"column":6},"end":{"line":27,"column":null}},"14":{"start":{"line":29,"column":6},"end":{"line":29,"column":null}},"15":{"start":{"line":33,"column":2},"end":{"line":35,"column":null}},"16":{"start":{"line":34,"column":4},"end":{"line":34,"column":null}},"17":{"start":{"line":37,"column":18},"end":{"line":50,"column":null}},"18":{"start":{"line":52,"column":18},"end":{"line":56,"column":null}},"19":{"start":{"line":67,"column":32},"end":{"line":67,"column":49}}},"fnMap":{"0":{"name":"TextEditor","decl":{"start":{"line":8,"column":24},"end":{"line":8,"column":35}},"loc":{"start":{"line":8,"column":40},"end":{"line":74,"column":null}}},"1":{"name":"(anonymous_6)","decl":{"start":{"line":11,"column":29},"end":{"line":11,"column":null}},"loc":{"start":{"line":11,"column":29},"end":{"line":20,"column":null}}},"2":{"name":"(anonymous_7)","decl":{"start":{"line":15,"column":12},"end":{"line":15,"column":null}},"loc":{"start":{"line":15,"column":12},"end":{"line":17,"column":7}}},"3":{"name":"(anonymous_8)","decl":{"start":{"line":17,"column":13},"end":{"line":17,"column":null}},"loc":{"start":{"line":17,"column":13},"end":{"line":19,"column":null}}},"4":{"name":"(anonymous_9)","decl":{"start":{"line":22,"column":30},"end":{"line":22,"column":null}},"loc":{"start":{"line":22,"column":30},"end":{"line":31,"column":null}}},"5":{"name":"(anonymous_10)","decl":{"start":{"line":26,"column":12},"end":{"line":26,"column":null}},"loc":{"start":{"line":26,"column":12},"end":{"line":28,"column":7}}},"6":{"name":"(anonymous_11)","decl":{"start":{"line":28,"column":13},"end":{"line":28,"column":null}},"loc":{"start":{"line":28,"column":13},"end":{"line":30,"column":null}}},"7":{"name":"(anonymous_12)","decl":{"start":{"line":33,"column":12},"end":{"line":33,"column":null}},"loc":{"start":{"line":33,"column":12},"end":{"line":35,"column":5}}},"8":{"name":"(anonymous_13)","decl":{"start":{"line":67,"column":20},"end":{"line":67,"column":21}},"loc":{"start":{"line":67,"column":21},"end":{"line":67,"column":null}}}},"branchMap":{"0":{"loc":{"start":{"line":70,"column":25},"end":{"line":70,"column":83}},"type":"cond-expr","locations":[{"start":{"line":70,"column":41},"end":{"line":70,"column":63}},{"start":{"line":70,"column":63},"end":{"line":70,"column":83}}]}},"s":{"0":8,"1":1,"2":1,"3":1,"4":1,"5":1,"6":61,"7":60,"8":2,"9":1,"10":1,"11":60,"12":1,"13":1,"14":0,"15":60,"16":8,"17":60,"18":60,"19":48},"f":{"0":61,"1":2,"2":1,"3":1,"4":1,"5":1,"6":0,"7":8,"8":48},"b":{"0":[18,42]}}
,"/Users/tarikmaljanovic/Desktop/codeUni/app/validationSchemas/editProfile.js": {"path":"/Users/tarikmaljanovic/Desktop/codeUni/app/validationSchemas/editProfile.js","statementMap":{"0":{"start":{"line":3,"column":0},"end":{"line":3,"column":15}},"1":{"start":{"line":1,"column":21},"end":{"line":1,"column":null}},"2":{"start":{"line":3,"column":15},"end":{"line":8,"column":null}}},"fnMap":{},"branchMap":{},"s":{"0":0,"1":0,"2":0},"f":{},"b":{}}
,"/Users/tarikmaljanovic/Desktop/codeUni/app/validationSchemas/login.js": {"path":"/Users/tarikmaljanovic/Desktop/codeUni/app/validationSchemas/login.js","statementMap":{"0":{"start":{"line":8,"column":0},"end":{"line":8,"column":15}},"1":{"start":{"line":1,"column":21},"end":{"line":1,"column":null}},"2":{"start":{"line":3,"column":15},"end":{"line":6,"column":null}},"3":{"start":{"line":8,"column":15},"end":{"line":8,"column":null}}},"fnMap":{},"branchMap":{},"s":{"0":3,"1":1,"2":1,"3":1},"f":{},"b":{}}
,"/Users/tarikmaljanovic/Desktop/codeUni/app/validationSchemas/signup.js": {"path":"/Users/tarikmaljanovic/Desktop/codeUni/app/validationSchemas/signup.js","statementMap":{"0":{"start":{"line":10,"column":0},"end":{"line":10,"column":15}},"1":{"start":{"line":1,"column":21},"end":{"line":1,"column":null}},"2":{"start":{"line":3,"column":15},"end":{"line":8,"column":null}},"3":{"start":{"line":10,"column":15},"end":{"line":10,"column":null}}},"fnMap":{},"branchMap":{},"s":{"0":1,"1":1,"2":1,"3":1},"f":{},"b":{}}
}
