{"total": {"lines":{"total":622,"covered":166,"skipped":0,"pct":26.68},"statements":{"total":630,"covered":168,"skipped":0,"pct":26.66},"functions":{"total":263,"covered":57,"skipped":0,"pct":21.67},"branches":{"total":154,"covered":47,"skipped":0,"pct":30.51},"branchesTrue":{"total":0,"covered":0,"skipped":0,"pct":100}}
,"/Users/tarikmaljanovic/Desktop/codeUni/app/components/adminDashboard.js": {"lines":{"total":49,"covered":0,"skipped":0,"pct":0},"functions":{"total":17,"covered":0,"skipped":0,"pct":0},"statements":{"total":49,"covered":0,"skipped":0,"pct":0},"branches":{"total":2,"covered":0,"skipped":0,"pct":0}}
,"/Users/tarikmaljanovic/Desktop/codeUni/app/components/course.js": {"lines":{"total":96,"covered":75,"skipped":0,"pct":78.12},"functions":{"total":48,"covered":29,"skipped":0,"pct":60.41},"statements":{"total":97,"covered":75,"skipped":0,"pct":77.31},"branches":{"total":22,"covered":15,"skipped":0,"pct":68.18}}
,"/Users/tarikmaljanovic/Desktop/codeUni/app/components/courseList.js": {"lines":{"total":16,"covered":16,"skipped":0,"pct":100},"functions":{"total":5,"covered":5,"skipped":0,"pct":100},"statements":{"total":16,"covered":16,"skipped":0,"pct":100},"branches":{"total":10,"covered":9,"skipped":0,"pct":90}}
,"/Users/tarikmaljanovic/Desktop/codeUni/app/components/dashboard.js": {"lines":{"total":38,"covered":0,"skipped":0,"pct":0},"functions":{"total":11,"covered":0,"skipped":0,"pct":0},"statements":{"total":38,"covered":0,"skipped":0,"pct":0},"branches":{"total":21,"covered":0,"skipped":0,"pct":0}}
,"/Users/tarikmaljanovic/Desktop/codeUni/app/components/landing.js": {"lines":{"total":61,"covered":40,"skipped":0,"pct":65.57},"functions":{"total":30,"covered":13,"skipped":0,"pct":43.33},"statements":{"total":61,"covered":40,"skipped":0,"pct":65.57},"branches":{"total":22,"covered":18,"skipped":0,"pct":81.81}}
,"/Users/tarikmaljanovic/Desktop/codeUni/app/components/lesson.js": {"lines":{"total":57,"covered":0,"skipped":0,"pct":0},"functions":{"total":21,"covered":0,"skipped":0,"pct":0},"statements":{"total":57,"covered":0,"skipped":0,"pct":0},"branches":{"total":8,"covered":0,"skipped":0,"pct":0}}
,"/Users/tarikmaljanovic/Desktop/codeUni/app/components/navbar.js": {"lines":{"total":23,"covered":10,"skipped":0,"pct":43.47},"functions":{"total":13,"covered":2,"skipped":0,"pct":15.38},"statements":{"total":23,"covered":10,"skipped":0,"pct":43.47},"branches":{"total":6,"covered":3,"skipped":0,"pct":50}}
,"/Users/tarikmaljanovic/Desktop/codeUni/app/components/profile.js": {"lines":{"total":108,"covered":0,"skipped":0,"pct":0},"functions":{"total":40,"covered":0,"skipped":0,"pct":0},"statements":{"total":111,"covered":0,"skipped":0,"pct":0},"branches":{"total":24,"covered":0,"skipped":0,"pct":0}}
,"/Users/tarikmaljanovic/Desktop/codeUni/app/components/project.js": {"lines":{"total":64,"covered":0,"skipped":0,"pct":0},"functions":{"total":27,"covered":0,"skipped":0,"pct":0},"statements":{"total":64,"covered":0,"skipped":0,"pct":0},"branches":{"total":8,"covered":0,"skipped":0,"pct":0}}
,"/Users/tarikmaljanovic/Desktop/codeUni/app/components/quiz.js": {"lines":{"total":82,"covered":0,"skipped":0,"pct":0},"functions":{"total":42,"covered":0,"skipped":0,"pct":0},"statements":{"total":83,"covered":0,"skipped":0,"pct":0},"branches":{"total":29,"covered":0,"skipped":0,"pct":0}}
,"/Users/tarikmaljanovic/Desktop/codeUni/app/components/textEditor.js": {"lines":{"total":20,"covered":19,"skipped":0,"pct":95},"functions":{"total":9,"covered":8,"skipped":0,"pct":88.88},"statements":{"total":20,"covered":19,"skipped":0,"pct":95},"branches":{"total":2,"covered":2,"skipped":0,"pct":100}}
,"/Users/tarikmaljanovic/Desktop/codeUni/app/validationSchemas/editProfile.js": {"lines":{"total":2,"covered":0,"skipped":0,"pct":0},"functions":{"total":0,"covered":0,"skipped":0,"pct":100},"statements":{"total":3,"covered":0,"skipped":0,"pct":0},"branches":{"total":0,"covered":0,"skipped":0,"pct":100}}
,"/Users/tarikmaljanovic/Desktop/codeUni/app/validationSchemas/login.js": {"lines":{"total":3,"covered":3,"skipped":0,"pct":100},"functions":{"total":0,"covered":0,"skipped":0,"pct":100},"statements":{"total":4,"covered":4,"skipped":0,"pct":100},"branches":{"total":0,"covered":0,"skipped":0,"pct":100}}
,"/Users/tarikmaljanovic/Desktop/codeUni/app/validationSchemas/signup.js": {"lines":{"total":3,"covered":3,"skipped":0,"pct":100},"functions":{"total":0,"covered":0,"skipped":0,"pct":100},"statements":{"total":4,"covered":4,"skipped":0,"pct":100},"branches":{"total":0,"covered":0,"skipped":0,"pct":100}}
}
