{"total": {"lines":{"total":734,"covered":120,"skipped":0,"pct":16.34},"statements":{"total":757,"covered":120,"skipped":0,"pct":15.85},"functions":{"total":276,"covered":44,"skipped":0,"pct":15.94},"branches":{"total":177,"covered":29,"skipped":0,"pct":16.38},"branchesTrue":{"total":0,"covered":0,"skipped":0,"pct":100}}
,"/Users/tarikmaljanovic/Desktop/codeUni/app/components/adminDashboard.js": {"lines":{"total":49,"covered":0,"skipped":0,"pct":0},"functions":{"total":17,"covered":0,"skipped":0,"pct":0},"statements":{"total":49,"covered":0,"skipped":0,"pct":0},"branches":{"total":2,"covered":0,"skipped":0,"pct":0}}
,"/Users/tarikmaljanovic/Desktop/codeUni/app/components/course.js": {"lines":{"total":96,"covered":75,"skipped":0,"pct":78.12},"functions":{"total":48,"covered":29,"skipped":0,"pct":60.41},"statements":{"total":97,"covered":75,"skipped":0,"pct":77.31},"branches":{"total":22,"covered":15,"skipped":0,"pct":68.18}}
,"/Users/tarikmaljanovic/Desktop/codeUni/app/components/courseList.js": {"lines":{"total":16,"covered":16,"skipped":0,"pct":100},"functions":{"total":5,"covered":5,"skipped":0,"pct":100},"statements":{"total":16,"covered":16,"skipped":0,"pct":100},"branches":{"total":10,"covered":9,"skipped":0,"pct":90}}
,"/Users/tarikmaljanovic/Desktop/codeUni/app/components/dashboard.js": {"lines":{"total":38,"covered":0,"skipped":0,"pct":0},"functions":{"total":11,"covered":0,"skipped":0,"pct":0},"statements":{"total":38,"covered":0,"skipped":0,"pct":0},"branches":{"total":21,"covered":0,"skipped":0,"pct":0}}
,"/Users/tarikmaljanovic/Desktop/codeUni/app/components/landing.js": {"lines":{"total":53,"covered":0,"skipped":0,"pct":0},"functions":{"total":20,"covered":0,"skipped":0,"pct":0},"statements":{"total":54,"covered":0,"skipped":0,"pct":0},"branches":{"total":25,"covered":0,"skipped":0,"pct":0}}
,"/Users/tarikmaljanovic/Desktop/codeUni/app/components/lesson.js": {"lines":{"total":57,"covered":0,"skipped":0,"pct":0},"functions":{"total":21,"covered":0,"skipped":0,"pct":0},"statements":{"total":57,"covered":0,"skipped":0,"pct":0},"branches":{"total":8,"covered":0,"skipped":0,"pct":0}}
,"/Users/tarikmaljanovic/Desktop/codeUni/app/components/navbar.js": {"lines":{"total":23,"covered":10,"skipped":0,"pct":43.47},"functions":{"total":13,"covered":2,"skipped":0,"pct":15.38},"statements":{"total":23,"covered":10,"skipped":0,"pct":43.47},"branches":{"total":6,"covered":3,"skipped":0,"pct":50}}
,"/Users/tarikmaljanovic/Desktop/codeUni/app/components/profile.js": {"lines":{"total":115,"covered":0,"skipped":0,"pct":0},"functions":{"total":41,"covered":0,"skipped":0,"pct":0},"statements":{"total":118,"covered":0,"skipped":0,"pct":0},"branches":{"total":24,"covered":0,"skipped":0,"pct":0}}
,"/Users/tarikmaljanovic/Desktop/codeUni/app/components/project.js": {"lines":{"total":64,"covered":0,"skipped":0,"pct":0},"functions":{"total":27,"covered":0,"skipped":0,"pct":0},"statements":{"total":64,"covered":0,"skipped":0,"pct":0},"branches":{"total":8,"covered":0,"skipped":0,"pct":0}}
,"/Users/tarikmaljanovic/Desktop/codeUni/app/components/quiz.js": {"lines":{"total":82,"covered":0,"skipped":0,"pct":0},"functions":{"total":42,"covered":0,"skipped":0,"pct":0},"statements":{"total":83,"covered":0,"skipped":0,"pct":0},"branches":{"total":29,"covered":0,"skipped":0,"pct":0}}
,"/Users/tarikmaljanovic/Desktop/codeUni/app/components/textEditor.js": {"lines":{"total":20,"covered":19,"skipped":0,"pct":95},"functions":{"total":9,"covered":8,"skipped":0,"pct":88.88},"statements":{"total":20,"covered":19,"skipped":0,"pct":95},"branches":{"total":2,"covered":2,"skipped":0,"pct":100}}
,"/Users/tarikmaljanovic/Desktop/codeUni/app/context/AuthContext.js": {"lines":{"total":34,"covered":0,"skipped":0,"pct":0},"functions":{"total":6,"covered":0,"skipped":0,"pct":0},"statements":{"total":35,"covered":0,"skipped":0,"pct":0},"branches":{"total":5,"covered":0,"skipped":0,"pct":0}}
,"/Users/tarikmaljanovic/Desktop/codeUni/app/utils/apiClient.js": {"lines":{"total":48,"covered":0,"skipped":0,"pct":0},"functions":{"total":9,"covered":0,"skipped":0,"pct":0},"statements":{"total":52,"covered":0,"skipped":0,"pct":0},"branches":{"total":6,"covered":0,"skipped":0,"pct":0}}
,"/Users/tarikmaljanovic/Desktop/codeUni/app/utils/auth.js": {"lines":{"total":31,"covered":0,"skipped":0,"pct":0},"functions":{"total":7,"covered":0,"skipped":0,"pct":0},"statements":{"total":40,"covered":0,"skipped":0,"pct":0},"branches":{"total":9,"covered":0,"skipped":0,"pct":0}}
,"/Users/tarikmaljanovic/Desktop/codeUni/app/validationSchemas/editProfile.js": {"lines":{"total":2,"covered":0,"skipped":0,"pct":0},"functions":{"total":0,"covered":0,"skipped":0,"pct":100},"statements":{"total":3,"covered":0,"skipped":0,"pct":0},"branches":{"total":0,"covered":0,"skipped":0,"pct":100}}
,"/Users/tarikmaljanovic/Desktop/codeUni/app/validationSchemas/login.js": {"lines":{"total":3,"covered":0,"skipped":0,"pct":0},"functions":{"total":0,"covered":0,"skipped":0,"pct":100},"statements":{"total":4,"covered":0,"skipped":0,"pct":0},"branches":{"total":0,"covered":0,"skipped":0,"pct":100}}
,"/Users/tarikmaljanovic/Desktop/codeUni/app/validationSchemas/signup.js": {"lines":{"total":3,"covered":0,"skipped":0,"pct":0},"functions":{"total":0,"covered":0,"skipped":0,"pct":100},"statements":{"total":4,"covered":0,"skipped":0,"pct":0},"branches":{"total":0,"covered":0,"skipped":0,"pct":100}}
}
