TN:
SF:app/components/adminDashboard.js
FN:21,AdminDashboardUI
FN:36,(anonymous_3)
FN:41,(anonymous_4)
FN:46,(anonymous_5)
FN:52,(anonymous_6)
FN:53,(anonymous_7)
FN:55,(anonymous_8)
FN:59,(anonymous_9)
FN:61,(anonymous_10)
FN:78,(anonymous_11)
FN:101,(anonymous_12)
FN:106,(anonymous_13)
FN:114,(anonymous_14)
FN:119,(anonymous_15)
FN:127,(anonymous_16)
FN:131,(anonymous_17)
FN:149,(anonymous_18)
FNF:17
FNH:0
FNDA:0,AdminDashboardUI
FNDA:0,(anonymous_3)
FNDA:0,(anonymous_4)
FNDA:0,(anonymous_5)
FNDA:0,(anonymous_6)
FNDA:0,(anonymous_7)
FNDA:0,(anonymous_8)
FNDA:0,(anonymous_9)
FNDA:0,(anonymous_10)
FNDA:0,(anonymous_11)
FNDA:0,(anonymous_12)
FNDA:0,(anonymous_13)
FNDA:0,(anonymous_14)
FNDA:0,(anonymous_15)
FNDA:0,(anonymous_16)
FNDA:0,(anonymous_17)
FNDA:0,(anonymous_18)
DA:2,0
DA:3,0
DA:4,0
DA:6,0
DA:7,0
DA:8,0
DA:9,0
DA:10,0
DA:11,0
DA:12,0
DA:13,0
DA:14,0
DA:15,0
DA:16,0
DA:17,0
DA:18,0
DA:19,0
DA:21,0
DA:22,0
DA:25,0
DA:26,0
DA:27,0
DA:28,0
DA:29,0
DA:30,0
DA:36,0
DA:37,0
DA:38,0
DA:39,0
DA:41,0
DA:42,0
DA:47,0
DA:52,0
DA:53,0
DA:54,0
DA:56,0
DA:59,0
DA:60,0
DA:62,0
DA:79,0
DA:102,0
DA:107,0
DA:108,0
DA:114,0
DA:120,0
DA:121,0
DA:127,0
DA:131,0
DA:150,0
LF:49
LH:0
BRDA:78,0,0,0
BRDA:78,0,1,0
BRF:2
BRH:0
end_of_record
TN:
SF:app/components/course.js
FN:20,CourseUI
FN:35,(anonymous_3)
FN:36,(anonymous_4)
FN:37,(anonymous_5)
FN:38,(anonymous_6)
FN:57,(anonymous_7)
FN:59,(anonymous_8)
FN:66,(anonymous_9)
FN:67,(anonymous_10)
FN:69,(anonymous_11)
FN:74,(anonymous_12)
FN:75,(anonymous_13)
FN:77,(anonymous_14)
FN:82,(anonymous_15)
FN:85,(anonymous_16)
FN:87,(anonymous_17)
FN:92,(anonymous_18)
FN:97,(anonymous_19)
FN:103,(anonymous_20)
FN:105,(anonymous_21)
FN:111,(anonymous_22)
FN:116,(anonymous_23)
FN:118,(anonymous_24)
FN:123,(anonymous_25)
FN:126,(anonymous_26)
FN:128,(anonymous_27)
FN:140,(anonymous_28)
FN:146,(anonymous_29)
FN:148,(anonymous_30)
FN:163,(anonymous_31)
FN:165,(anonymous_32)
FN:182,(anonymous_33)
FN:193,(anonymous_34)
FN:198,(anonymous_35)
FN:210,(anonymous_36)
FN:216,(anonymous_37)
FN:218,(anonymous_38)
FN:228,(anonymous_39)
FN:234,(anonymous_40)
FN:236,(anonymous_41)
FN:246,(anonymous_42)
FN:250,(anonymous_43)
FN:254,(anonymous_44)
FN:263,(anonymous_45)
FN:268,(anonymous_46)
FN:276,(anonymous_47)
FN:281,(anonymous_48)
FN:296,(anonymous_49)
FNF:48
FNH:29
FNDA:84,CourseUI
FNDA:1,(anonymous_3)
FNDA:1,(anonymous_4)
FNDA:1,(anonymous_5)
FNDA:2,(anonymous_6)
FNDA:7,(anonymous_7)
FNDA:7,(anonymous_8)
FNDA:1,(anonymous_9)
FNDA:1,(anonymous_10)
FNDA:0,(anonymous_11)
FNDA:1,(anonymous_12)
FNDA:1,(anonymous_13)
FNDA:0,(anonymous_14)
FNDA:1,(anonymous_15)
FNDA:1,(anonymous_16)
FNDA:0,(anonymous_17)
FNDA:2,(anonymous_18)
FNDA:2,(anonymous_19)
FNDA:2,(anonymous_20)
FNDA:0,(anonymous_21)
FNDA:0,(anonymous_22)
FNDA:0,(anonymous_23)
FNDA:0,(anonymous_24)
FNDA:0,(anonymous_25)
FNDA:0,(anonymous_26)
FNDA:0,(anonymous_27)
FNDA:0,(anonymous_28)
FNDA:3,(anonymous_29)
FNDA:0,(anonymous_30)
FNDA:3,(anonymous_31)
FNDA:0,(anonymous_32)
FNDA:0,(anonymous_33)
FNDA:336,(anonymous_34)
FNDA:5,(anonymous_35)
FNDA:0,(anonymous_36)
FNDA:10,(anonymous_37)
FNDA:1,(anonymous_38)
FNDA:0,(anonymous_39)
FNDA:11,(anonymous_40)
FNDA:1,(anonymous_41)
FNDA:0,(anonymous_42)
FNDA:1,(anonymous_43)
FNDA:0,(anonymous_44)
FNDA:0,(anonymous_45)
FNDA:2,(anonymous_46)
FNDA:34,(anonymous_47)
FNDA:1,(anonymous_48)
FNDA:2,(anonymous_49)
DA:2,2
DA:4,2
DA:5,2
DA:6,2
DA:7,2
DA:8,2
DA:9,2
DA:10,2
DA:11,2
DA:12,2
DA:13,2
DA:14,2
DA:15,2
DA:16,2
DA:17,2
DA:18,2
DA:20,7
DA:21,84
DA:22,84
DA:23,84
DA:24,84
DA:25,84
DA:26,84
DA:27,84
DA:28,84
DA:34,84
DA:35,1
DA:36,1
DA:37,1
DA:38,2
DA:40,84
DA:45,84
DA:50,84
DA:57,84
DA:58,7
DA:59,7
DA:60,7
DA:61,7
DA:66,84
DA:67,1
DA:68,1
DA:70,0
DA:74,84
DA:75,1
DA:76,1
DA:78,0
DA:82,84
DA:83,1
DA:86,1
DA:88,0
DA:92,84
DA:93,2
DA:94,2
DA:95,2
DA:97,2
DA:98,2
DA:104,2
DA:106,0
DA:111,84
DA:112,0
DA:117,0
DA:119,0
DA:123,84
DA:124,0
DA:127,0
DA:129,0
DA:133,84
DA:140,0
DA:147,3
DA:148,0
DA:164,3
DA:165,0
DA:182,0
DA:194,336
DA:199,5
DA:200,5
DA:210,0
DA:216,10
DA:219,1
DA:220,1
DA:228,0
DA:234,11
DA:237,1
DA:238,1
DA:246,0
DA:251,1
DA:252,1
DA:255,0
DA:263,0
DA:269,2
DA:270,2
DA:276,34
DA:281,1
DA:297,2
DA:308,0
DA:309,0
LF:96
LH:75
BRDA:58,0,0,7
BRDA:133,1,0,84
BRDA:133,1,1,0
BRDA:139,2,0,84
BRDA:139,2,1,7
BRDA:140,3,0,0
BRDA:140,3,1,84
BRDA:142,4,0,84
BRDA:142,4,1,7
BRDA:142,5,0,84
BRDA:142,5,1,7
BRDA:181,6,0,84
BRDA:186,7,0,84
BRDA:186,7,1,0
BRDA:209,8,0,84
BRDA:209,8,1,0
BRDA:227,9,0,84
BRDA:227,9,1,0
BRDA:245,10,0,84
BRDA:245,10,1,0
BRDA:262,11,0,84
BRDA:262,11,1,0
BRF:22
BRH:15
end_of_record
TN:
SF:app/components/courseList.js
FN:5,CourseList
FN:9,(anonymous_3)
FN:17,(anonymous_4)
FN:40,(anonymous_5)
FN:59,(anonymous_6)
FNF:5
FNH:5
FNDA:8,CourseList
FNDA:3,(anonymous_3)
FNDA:34,(anonymous_4)
FNDA:34,(anonymous_5)
FNDA:2,(anonymous_6)
DA:2,1
DA:3,1
DA:5,3
DA:6,8
DA:7,8
DA:9,8
DA:10,3
DA:18,34
DA:19,1
DA:21,33
DA:22,21
DA:41,34
DA:42,1
DA:44,33
DA:45,9
DA:59,2
LF:16
LH:16
BRDA:17,0,0,8
BRDA:17,0,1,0
BRDA:18,1,0,1
BRDA:21,2,0,21
BRDA:38,3,0,1
BRDA:38,3,1,7
BRDA:41,4,0,1
BRDA:44,5,0,9
BRDA:59,6,0,1
BRDA:59,6,1,7
BRF:10
BRH:9
end_of_record
TN:
SF:app/components/dashboard.js
FN:12,DashboardUI
FN:20,(anonymous_3)
FN:30,(anonymous_4)
FN:32,(anonymous_5)
FN:34,(anonymous_6)
FN:38,(anonymous_7)
FN:40,(anonymous_8)
FN:44,(anonymous_9)
FN:46,(anonymous_10)
FN:70,(anonymous_11)
FN:111,(anonymous_12)
FNF:11
FNH:0
FNDA:0,DashboardUI
FNDA:0,(anonymous_3)
FNDA:0,(anonymous_4)
FNDA:0,(anonymous_5)
FNDA:0,(anonymous_6)
FNDA:0,(anonymous_7)
FNDA:0,(anonymous_8)
FNDA:0,(anonymous_9)
FNDA:0,(anonymous_10)
FNDA:0,(anonymous_11)
FNDA:0,(anonymous_12)
DA:2,0
DA:4,0
DA:5,0
DA:6,0
DA:7,0
DA:8,0
DA:9,0
DA:10,0
DA:12,0
DA:13,0
DA:14,0
DA:15,0
DA:16,0
DA:17,0
DA:18,0
DA:20,0
DA:22,0
DA:23,0
DA:24,0
DA:25,0
DA:26,0
DA:30,0
DA:31,0
DA:32,0
DA:33,0
DA:35,0
DA:38,0
DA:39,0
DA:41,0
DA:44,0
DA:45,0
DA:47,0
DA:52,0
DA:53,0
DA:71,0
DA:72,0
DA:112,0
DA:138,0
LF:38
LH:0
BRDA:22,0,0,0
BRDA:31,1,0,0
BRDA:31,2,0,0
BRDA:31,2,1,0
BRDA:52,3,0,0
BRDA:52,3,1,0
BRDA:52,4,0,0
BRDA:52,4,1,0
BRDA:53,5,0,0
BRDA:53,5,1,0
BRDA:70,6,0,0
BRDA:70,6,1,0
BRDA:71,7,0,0
BRDA:89,8,0,0
BRDA:89,8,1,0
BRDA:103,9,0,0
BRDA:103,9,1,0
BRDA:111,10,0,0
BRDA:111,10,1,0
BRDA:124,11,0,0
BRDA:124,11,1,0
BRF:21
BRH:0
end_of_record
TN:
SF:app/components/landing.js
FN:13,Landing
FN:32,(anonymous_3)
FN:36,(anonymous_4)
FN:39,(anonymous_5)
FN:50,(anonymous_6)
FN:69,(anonymous_7)
FN:78,(anonymous_8)
FN:91,(anonymous_9)
FN:110,(anonymous_10)
FN:121,(anonymous_11)
FN:130,(anonymous_12)
FN:134,(anonymous_13)
FN:142,(anonymous_14)
FN:159,(anonymous_15)
FN:178,(anonymous_16)
FN:189,(anonymous_17)
FN:198,(anonymous_18)
FN:203,(anonymous_19)
FN:211,(anonymous_20)
FN:212,(anonymous_21)
FNF:20
FNH:0
FNDA:0,Landing
FNDA:0,(anonymous_3)
FNDA:0,(anonymous_4)
FNDA:0,(anonymous_5)
FNDA:0,(anonymous_6)
FNDA:0,(anonymous_7)
FNDA:0,(anonymous_8)
FNDA:0,(anonymous_9)
FNDA:0,(anonymous_10)
FNDA:0,(anonymous_11)
FNDA:0,(anonymous_12)
FNDA:0,(anonymous_13)
FNDA:0,(anonymous_14)
FNDA:0,(anonymous_15)
FNDA:0,(anonymous_16)
FNDA:0,(anonymous_17)
FNDA:0,(anonymous_18)
FNDA:0,(anonymous_19)
FNDA:0,(anonymous_20)
FNDA:0,(anonymous_21)
DA:2,0
DA:3,0
DA:4,0
DA:6,0
DA:7,0
DA:8,0
DA:9,0
DA:10,0
DA:11,0
DA:13,0
DA:14,0
DA:15,0
DA:16,0
DA:17,0
DA:18,0
DA:19,0
DA:20,0
DA:21,0
DA:25,0
DA:32,0
DA:33,0
DA:34,0
DA:35,0
DA:36,0
DA:39,0
DA:40,0
DA:41,0
DA:42,0
DA:43,0
DA:44,0
DA:46,0
DA:50,0
DA:51,0
DA:52,0
DA:53,0
DA:54,0
DA:55,0
DA:57,0
DA:69,0
DA:78,0
DA:91,0
DA:110,0
DA:121,0
DA:130,0
DA:135,0
DA:143,0
DA:159,0
DA:178,0
DA:189,0
DA:198,0
DA:204,0
DA:211,0
DA:212,0
LF:53
LH:0
BRDA:33,0,0,0
BRDA:33,0,1,0
BRDA:33,0,2,0
BRDA:63,1,0,0
BRDA:63,1,1,0
BRDA:67,2,0,0
BRDA:67,2,1,0
BRDA:87,3,0,0
BRDA:87,3,1,0
BRDA:116,4,0,0
BRDA:116,4,1,0
BRDA:123,5,0,0
BRDA:123,5,1,0
BRDA:133,6,0,0
BRDA:133,6,1,0
BRDA:143,7,0,0
BRDA:143,7,1,0
BRDA:147,8,0,0
BRDA:147,8,1,0
BRDA:151,9,0,0
BRDA:151,9,1,0
BRDA:184,10,0,0
BRDA:184,10,1,0
BRDA:191,11,0,0
BRDA:191,11,1,0
BRF:25
BRH:0
end_of_record
TN:
SF:app/components/lesson.js
FN:20,LessonUI
FN:22,(anonymous_3)
FN:23,(anonymous_4)
FN:36,(anonymous_5)
FN:37,(anonymous_6)
FN:40,(anonymous_7)
FN:45,(anonymous_8)
FN:46,(anonymous_9)
FN:48,(anonymous_10)
FN:53,(anonymous_11)
FN:59,(anonymous_12)
FN:61,(anonymous_13)
FN:104,(anonymous_14)
FN:109,(anonymous_15)
FN:117,(anonymous_16)
FN:121,(anonymous_17)
FN:125,(anonymous_18)
FN:130,(anonymous_19)
FN:136,(anonymous_20)
FN:138,(anonymous_21)
FN:142,(anonymous_22)
FNF:21
FNH:0
FNDA:0,LessonUI
FNDA:0,(anonymous_3)
FNDA:0,(anonymous_4)
FNDA:0,(anonymous_5)
FNDA:0,(anonymous_6)
FNDA:0,(anonymous_7)
FNDA:0,(anonymous_8)
FNDA:0,(anonymous_9)
FNDA:0,(anonymous_10)
FNDA:0,(anonymous_11)
FNDA:0,(anonymous_12)
FNDA:0,(anonymous_13)
FNDA:0,(anonymous_14)
FNDA:0,(anonymous_15)
FNDA:0,(anonymous_16)
FNDA:0,(anonymous_17)
FNDA:0,(anonymous_18)
FNDA:0,(anonymous_19)
FNDA:0,(anonymous_20)
FNDA:0,(anonymous_21)
FNDA:0,(anonymous_22)
DA:2,0
DA:3,0
DA:4,0
DA:5,0
DA:6,0
DA:7,0
DA:9,0
DA:10,0
DA:11,0
DA:12,0
DA:13,0
DA:14,0
DA:15,0
DA:16,0
DA:17,0
DA:18,0
DA:20,0
DA:21,0
DA:22,0
DA:23,0
DA:25,0
DA:26,0
DA:27,0
DA:28,0
DA:29,0
DA:30,0
DA:31,0
DA:32,0
DA:36,0
DA:37,0
DA:38,0
DA:39,0
DA:41,0
DA:45,0
DA:46,0
DA:47,0
DA:49,0
DA:53,0
DA:54,0
DA:59,0
DA:60,0
DA:62,0
DA:67,0
DA:105,0
DA:110,0
DA:111,0
DA:117,0
DA:122,0
DA:123,0
DA:126,0
DA:130,0
DA:136,0
DA:139,0
DA:140,0
DA:143,0
DA:153,0
DA:154,0
LF:57
LH:0
BRDA:67,0,0,0
BRDA:67,0,1,0
BRDA:78,1,0,0
BRDA:78,2,0,0
BRDA:78,2,1,0
BRDA:80,3,0,0
BRDA:96,4,0,0
BRDA:96,4,1,0
BRF:8
BRH:0
end_of_record
TN:
SF:app/components/navbar.js
FN:9,Navbar
FN:14,(anonymous_3)
FN:21,(anonymous_4)
FN:24,(anonymous_5)
FN:25,(anonymous_6)
FN:29,(anonymous_7)
FN:35,(anonymous_8)
FN:41,(anonymous_9)
FN:51,(anonymous_10)
FN:57,(anonymous_11)
FN:60,(anonymous_12)
FN:63,(anonymous_13)
FN:69,(anonymous_14)
FNF:13
FNH:2
FNDA:84,Navbar
FNDA:0,(anonymous_3)
FNDA:0,(anonymous_4)
FNDA:20,(anonymous_5)
FNDA:0,(anonymous_6)
FNDA:0,(anonymous_7)
FNDA:0,(anonymous_8)
FNDA:0,(anonymous_9)
FNDA:0,(anonymous_10)
FNDA:0,(anonymous_11)
FNDA:0,(anonymous_12)
FNDA:0,(anonymous_13)
FNDA:0,(anonymous_14)
DA:2,2
DA:3,2
DA:4,2
DA:7,2
DA:9,84
DA:10,84
DA:11,84
DA:12,84
DA:14,84
DA:15,0
DA:21,0
DA:24,20
DA:25,0
DA:30,0
DA:36,0
DA:42,0
DA:43,0
DA:51,0
DA:58,0
DA:61,0
DA:64,0
DA:65,0
DA:69,0
LF:23
LH:10
BRDA:28,0,0,0
BRDA:28,0,1,84
BRDA:53,1,0,0
BRDA:53,1,1,84
BRDA:69,2,0,0
BRDA:69,2,1,84
BRF:6
BRH:3
end_of_record
TN:
SF:app/components/profile.js
FN:23,ProfileUI
FN:25,(anonymous_3)
FN:47,(anonymous_4)
FN:61,(anonymous_5)
FN:64,(anonymous_6)
FN:65,(anonymous_7)
FN:68,(anonymous_8)
FN:69,(anonymous_9)
FN:80,(anonymous_10)
FN:81,(anonymous_11)
FN:86,(anonymous_12)
FN:87,(anonymous_13)
FN:88,(anonymous_14)
FN:89,(anonymous_15)
FN:95,(anonymous_16)
FN:97,(anonymous_17)
FN:102,(anonymous_18)
FN:105,(anonymous_19)
FN:110,(anonymous_20)
FN:111,(anonymous_21)
FN:118,(anonymous_22)
FN:121,(anonymous_23)
FN:126,(anonymous_24)
FN:127,(anonymous_25)
FN:134,(anonymous_26)
FN:137,(anonymous_27)
FN:156,(anonymous_28)
FN:180,(anonymous_29)
FN:187,(anonymous_30)
FN:189,(anonymous_31)
FN:215,(anonymous_32)
FN:247,(anonymous_33)
FN:254,(anonymous_34)
FN:275,(anonymous_35)
FN:281,(anonymous_36)
FN:285,(anonymous_37)
FN:289,(anonymous_38)
FN:293,(anonymous_39)
FN:296,(anonymous_40)
FN:305,(anonymous_41)
FN:310,(anonymous_42)
FNF:41
FNH:0
FNDA:0,ProfileUI
FNDA:0,(anonymous_3)
FNDA:0,(anonymous_4)
FNDA:0,(anonymous_5)
FNDA:0,(anonymous_6)
FNDA:0,(anonymous_7)
FNDA:0,(anonymous_8)
FNDA:0,(anonymous_9)
FNDA:0,(anonymous_10)
FNDA:0,(anonymous_11)
FNDA:0,(anonymous_12)
FNDA:0,(anonymous_13)
FNDA:0,(anonymous_14)
FNDA:0,(anonymous_15)
FNDA:0,(anonymous_16)
FNDA:0,(anonymous_17)
FNDA:0,(anonymous_18)
FNDA:0,(anonymous_19)
FNDA:0,(anonymous_20)
FNDA:0,(anonymous_21)
FNDA:0,(anonymous_22)
FNDA:0,(anonymous_23)
FNDA:0,(anonymous_24)
FNDA:0,(anonymous_25)
FNDA:0,(anonymous_26)
FNDA:0,(anonymous_27)
FNDA:0,(anonymous_28)
FNDA:0,(anonymous_29)
FNDA:0,(anonymous_30)
FNDA:0,(anonymous_31)
FNDA:0,(anonymous_32)
FNDA:0,(anonymous_33)
FNDA:0,(anonymous_34)
FNDA:0,(anonymous_35)
FNDA:0,(anonymous_36)
FNDA:0,(anonymous_37)
FNDA:0,(anonymous_38)
FNDA:0,(anonymous_39)
FNDA:0,(anonymous_40)
FNDA:0,(anonymous_41)
FNDA:0,(anonymous_42)
DA:2,0
DA:3,0
DA:5,0
DA:6,0
DA:7,0
DA:8,0
DA:9,0
DA:10,0
DA:11,0
DA:13,0
DA:14,0
DA:15,0
DA:16,0
DA:17,0
DA:18,0
DA:19,0
DA:20,0
DA:23,0
DA:24,0
DA:25,0
DA:27,0
DA:28,0
DA:29,0
DA:30,0
DA:31,0
DA:32,0
DA:33,0
DA:34,0
DA:35,0
DA:36,0
DA:37,0
DA:38,0
DA:44,0
DA:45,0
DA:47,0
DA:48,0
DA:49,0
DA:50,0
DA:51,0
DA:52,0
DA:53,0
DA:56,0
DA:61,0
DA:62,0
DA:63,0
DA:64,0
DA:65,0
DA:67,0
DA:68,0
DA:69,0
DA:71,0
DA:78,0
DA:79,0
DA:80,0
DA:81,0
DA:86,0
DA:87,0
DA:88,0
DA:89,0
DA:90,0
DA:91,0
DA:92,0
DA:95,0
DA:96,0
DA:98,0
DA:99,0
DA:100,0
DA:102,0
DA:105,0
DA:106,0
DA:111,0
DA:112,0
DA:113,0
DA:115,0
DA:118,0
DA:121,0
DA:122,0
DA:127,0
DA:128,0
DA:129,0
DA:131,0
DA:134,0
DA:137,0
DA:138,0
DA:139,0
DA:145,0
DA:146,0
DA:147,0
DA:148,0
DA:149,0
DA:150,0
DA:151,0
DA:153,0
DA:154,0
DA:155,0
DA:156,0
DA:157,0
DA:158,0
DA:163,0
DA:164,0
DA:181,0
DA:187,0
DA:189,0
DA:216,0
DA:248,0
DA:254,0
DA:275,0
DA:281,0
DA:285,0
DA:289,0
DA:293,0
DA:296,0
DA:306,0
DA:311,0
DA:312,0
LF:115
LH:0
BRDA:48,0,0,0
BRDA:51,1,0,0
BRDA:51,1,1,0
BRDA:51,2,0,0
BRDA:51,2,1,0
BRDA:62,3,0,0
BRDA:78,4,0,0
BRDA:112,5,0,0
BRDA:128,6,0,0
BRDA:163,7,0,0
BRDA:163,8,0,0
BRDA:163,8,1,0
BRDA:171,9,0,0
BRDA:171,9,1,0
BRDA:175,10,0,0
BRDA:187,11,0,0
BRDA:215,12,0,0
BRDA:215,12,1,0
BRDA:232,13,0,0
BRDA:232,13,1,0
BRDA:247,14,0,0
BRDA:247,14,1,0
BRDA:262,15,0,0
BRDA:262,15,1,0
BRF:24
BRH:0
end_of_record
TN:
SF:app/components/project.js
FN:19,ProjectUI
FN:21,(anonymous_3)
FN:22,(anonymous_4)
FN:34,(anonymous_5)
FN:35,(anonymous_6)
FN:38,(anonymous_7)
FN:43,(anonymous_8)
FN:44,(anonymous_9)
FN:46,(anonymous_10)
FN:51,(anonymous_11)
FN:55,(anonymous_12)
FN:57,(anonymous_13)
FN:62,(anonymous_14)
FN:68,(anonymous_15)
FN:70,(anonymous_16)
FN:76,(anonymous_17)
FN:78,(anonymous_18)
FN:103,(anonymous_19)
FN:114,(anonymous_20)
FN:119,(anonymous_21)
FN:127,(anonymous_22)
FN:131,(anonymous_23)
FN:135,(anonymous_24)
FN:140,(anonymous_25)
FN:146,(anonymous_26)
FN:148,(anonymous_27)
FN:152,(anonymous_28)
FNF:27
FNH:0
FNDA:0,ProjectUI
FNDA:0,(anonymous_3)
FNDA:0,(anonymous_4)
FNDA:0,(anonymous_5)
FNDA:0,(anonymous_6)
FNDA:0,(anonymous_7)
FNDA:0,(anonymous_8)
FNDA:0,(anonymous_9)
FNDA:0,(anonymous_10)
FNDA:0,(anonymous_11)
FNDA:0,(anonymous_12)
FNDA:0,(anonymous_13)
FNDA:0,(anonymous_14)
FNDA:0,(anonymous_15)
FNDA:0,(anonymous_16)
FNDA:0,(anonymous_17)
FNDA:0,(anonymous_18)
FNDA:0,(anonymous_19)
FNDA:0,(anonymous_20)
FNDA:0,(anonymous_21)
FNDA:0,(anonymous_22)
FNDA:0,(anonymous_23)
FNDA:0,(anonymous_24)
FNDA:0,(anonymous_25)
FNDA:0,(anonymous_26)
FNDA:0,(anonymous_27)
FNDA:0,(anonymous_28)
DA:2,0
DA:3,0
DA:4,0
DA:5,0
DA:6,0
DA:7,0
DA:9,0
DA:10,0
DA:11,0
DA:12,0
DA:13,0
DA:14,0
DA:15,0
DA:16,0
DA:17,0
DA:19,0
DA:20,0
DA:21,0
DA:22,0
DA:24,0
DA:25,0
DA:26,0
DA:27,0
DA:28,0
DA:29,0
DA:30,0
DA:31,0
DA:32,0
DA:34,0
DA:35,0
DA:36,0
DA:37,0
DA:39,0
DA:43,0
DA:44,0
DA:45,0
DA:47,0
DA:51,0
DA:52,0
DA:56,0
DA:58,0
DA:62,0
DA:63,0
DA:69,0
DA:71,0
DA:74,0
DA:77,0
DA:79,0
DA:83,0
DA:103,0
DA:115,0
DA:120,0
DA:121,0
DA:127,0
DA:132,0
DA:133,0
DA:136,0
DA:140,0
DA:146,0
DA:149,0
DA:150,0
DA:153,0
DA:163,0
DA:164,0
LF:64
LH:0
BRDA:83,0,0,0
BRDA:83,0,1,0
BRDA:94,1,0,0
BRDA:94,2,0,0
BRDA:94,2,1,0
BRDA:96,3,0,0
BRDA:106,4,0,0
BRDA:106,4,1,0
BRF:8
BRH:0
end_of_record
TN:
SF:app/components/quiz.js
FN:10,Quiz
FN:27,(anonymous_6)
FN:28,(anonymous_7)
FN:31,(anonymous_8)
FN:36,(anonymous_9)
FN:42,(anonymous_10)
FN:46,(anonymous_11)
FN:48,(anonymous_12)
FN:53,(anonymous_13)
FN:60,(anonymous_14)
FN:64,(anonymous_15)
FN:66,(anonymous_16)
FN:71,(anonymous_17)
FN:73,(anonymous_18)
FN:76,(anonymous_19)
FN:93,(anonymous_20)
FN:98,(anonymous_21)
FN:99,(anonymous_22)
FN:109,(anonymous_23)
FN:113,(anonymous_24)
FN:114,(anonymous_25)
FN:116,(anonymous_26)
FN:134,(anonymous_27)
FN:135,(anonymous_28)
FN:144,(anonymous_29)
FN:145,(anonymous_30)
FN:153,(anonymous_31)
FN:154,(anonymous_32)
FN:162,(anonymous_33)
FN:163,(anonymous_34)
FN:169,(anonymous_35)
FN:191,(anonymous_36)
FN:202,(anonymous_37)
FN:203,(anonymous_38)
FN:209,(anonymous_39)
FN:210,(anonymous_40)
FN:225,(anonymous_41)
FN:226,(anonymous_42)
FN:227,(anonymous_43)
FN:244,(anonymous_44)
FN:249,(anonymous_45)
FN:254,(anonymous_46)
FNF:42
FNH:0
FNDA:0,Quiz
FNDA:0,(anonymous_6)
FNDA:0,(anonymous_7)
FNDA:0,(anonymous_8)
FNDA:0,(anonymous_9)
FNDA:0,(anonymous_10)
FNDA:0,(anonymous_11)
FNDA:0,(anonymous_12)
FNDA:0,(anonymous_13)
FNDA:0,(anonymous_14)
FNDA:0,(anonymous_15)
FNDA:0,(anonymous_16)
FNDA:0,(anonymous_17)
FNDA:0,(anonymous_18)
FNDA:0,(anonymous_19)
FNDA:0,(anonymous_20)
FNDA:0,(anonymous_21)
FNDA:0,(anonymous_22)
FNDA:0,(anonymous_23)
FNDA:0,(anonymous_24)
FNDA:0,(anonymous_25)
FNDA:0,(anonymous_26)
FNDA:0,(anonymous_27)
FNDA:0,(anonymous_28)
FNDA:0,(anonymous_29)
FNDA:0,(anonymous_30)
FNDA:0,(anonymous_31)
FNDA:0,(anonymous_32)
FNDA:0,(anonymous_33)
FNDA:0,(anonymous_34)
FNDA:0,(anonymous_35)
FNDA:0,(anonymous_36)
FNDA:0,(anonymous_37)
FNDA:0,(anonymous_38)
FNDA:0,(anonymous_39)
FNDA:0,(anonymous_40)
FNDA:0,(anonymous_41)
FNDA:0,(anonymous_42)
FNDA:0,(anonymous_43)
FNDA:0,(anonymous_44)
FNDA:0,(anonymous_45)
FNDA:0,(anonymous_46)
DA:2,0
DA:3,0
DA:4,0
DA:5,0
DA:6,0
DA:7,0
DA:8,0
DA:10,0
DA:11,0
DA:12,0
DA:13,0
DA:14,0
DA:15,0
DA:16,0
DA:17,0
DA:25,0
DA:27,0
DA:28,0
DA:29,0
DA:30,0
DA:32,0
DA:36,0
DA:37,0
DA:38,0
DA:42,0
DA:43,0
DA:47,0
DA:49,0
DA:53,0
DA:55,0
DA:61,0
DA:62,0
DA:65,0
DA:67,0
DA:69,0
DA:72,0
DA:74,0
DA:77,0
DA:85,0
DA:94,0
DA:99,0
DA:100,0
DA:101,0
DA:103,0
DA:110,0
DA:114,0
DA:115,0
DA:116,0
DA:117,0
DA:118,0
DA:120,0
DA:124,0
DA:135,0
DA:136,0
DA:137,0
DA:139,0
DA:145,0
DA:146,0
DA:147,0
DA:149,0
DA:154,0
DA:155,0
DA:156,0
DA:158,0
DA:163,0
DA:170,0
DA:192,0
DA:202,0
DA:203,0
DA:210,0
DA:211,0
DA:213,0
DA:214,0
DA:226,0
DA:227,0
DA:228,0
DA:229,0
DA:231,0
DA:244,0
DA:250,0
DA:251,0
DA:254,0
LF:82
LH:0
BRDA:37,0,0,0
BRDA:85,1,0,0
BRDA:85,1,1,0
BRDA:90,2,0,0
BRDA:90,2,1,0
BRDA:100,3,0,0
BRDA:100,3,1,0
BRDA:115,4,0,0
BRDA:115,4,1,0
BRDA:117,5,0,0
BRDA:117,5,1,0
BRDA:136,6,0,0
BRDA:136,6,1,0
BRDA:146,7,0,0
BRDA:146,7,1,0
BRDA:155,8,0,0
BRDA:155,8,1,0
BRDA:189,9,0,0
BRDA:195,10,0,0
BRDA:195,10,1,0
BRDA:202,11,0,0
BRDA:208,12,0,0
BRDA:208,12,1,0
BRDA:221,13,0,0
BRDA:228,14,0,0
BRDA:228,14,1,0
BRDA:243,15,0,0
BRDA:243,15,1,0
BRDA:249,16,0,0
BRF:29
BRH:0
end_of_record
TN:
SF:app/components/textEditor.js
FN:8,TextEditor
FN:11,(anonymous_6)
FN:15,(anonymous_7)
FN:17,(anonymous_8)
FN:22,(anonymous_9)
FN:26,(anonymous_10)
FN:28,(anonymous_11)
FN:33,(anonymous_12)
FN:67,(anonymous_13)
FNF:9
FNH:8
FNDA:61,TextEditor
FNDA:2,(anonymous_6)
FNDA:1,(anonymous_7)
FNDA:1,(anonymous_8)
FNDA:1,(anonymous_9)
FNDA:1,(anonymous_10)
FNDA:0,(anonymous_11)
FNDA:8,(anonymous_12)
FNDA:48,(anonymous_13)
DA:2,1
DA:3,1
DA:4,1
DA:5,1
DA:6,1
DA:8,8
DA:9,61
DA:11,60
DA:12,2
DA:16,1
DA:18,1
DA:22,60
DA:23,1
DA:27,1
DA:29,0
DA:33,60
DA:34,8
DA:37,60
DA:52,60
DA:67,48
LF:20
LH:19
BRDA:70,0,0,18
BRDA:70,0,1,42
BRF:2
BRH:2
end_of_record
TN:
SF:app/context/AuthContext.js
FN:7,AuthProvider
FN:13,(anonymous_4)
FN:22,(anonymous_5)
FN:28,(anonymous_6)
FN:35,(anonymous_7)
FN:58,(anonymous_8)
FNF:6
FNH:0
FNDA:0,AuthProvider
FNDA:0,(anonymous_4)
FNDA:0,(anonymous_5)
FNDA:0,(anonymous_6)
FNDA:0,(anonymous_7)
FNDA:0,(anonymous_8)
DA:1,0
DA:2,0
DA:3,0
DA:5,0
DA:7,0
DA:8,0
DA:9,0
DA:10,0
DA:11,0
DA:13,0
DA:14,0
DA:15,0
DA:16,0
DA:17,0
DA:19,0
DA:22,0
DA:23,0
DA:24,0
DA:25,0
DA:28,0
DA:29,0
DA:30,0
DA:31,0
DA:32,0
DA:35,0
DA:36,0
DA:37,0
DA:38,0
DA:40,0
DA:58,0
DA:59,0
DA:60,0
DA:61,0
DA:63,0
LF:34
LH:0
BRDA:15,0,0,0
BRDA:36,1,0,0
BRDA:53,2,0,0
BRDA:53,2,1,0
BRDA:60,3,0,0
BRF:5
BRH:0
end_of_record
TN:
SF:app/utils/apiClient.js
FN:10,(anonymous_6)
FN:18,(anonymous_7)
FN:25,(anonymous_8)
FN:26,(anonymous_9)
FN:35,(anonymous_10)
FN:45,(anonymous_11)
FN:55,(anonymous_12)
FN:65,(anonymous_13)
FN:75,(anonymous_14)
FNF:9
FNH:0
FNDA:0,(anonymous_6)
FNDA:0,(anonymous_7)
FNDA:0,(anonymous_8)
FNDA:0,(anonymous_9)
FNDA:0,(anonymous_10)
FNDA:0,(anonymous_11)
FNDA:0,(anonymous_12)
FNDA:0,(anonymous_13)
FNDA:0,(anonymous_14)
DA:1,0
DA:2,0
DA:4,0
DA:9,0
DA:11,0
DA:12,0
DA:16,0
DA:19,0
DA:24,0
DA:25,0
DA:27,0
DA:28,0
DA:29,0
DA:31,0
DA:35,0
DA:36,0
DA:37,0
DA:38,0
DA:40,0
DA:41,0
DA:45,0
DA:46,0
DA:47,0
DA:48,0
DA:50,0
DA:51,0
DA:55,0
DA:56,0
DA:57,0
DA:58,0
DA:60,0
DA:61,0
DA:65,0
DA:66,0
DA:67,0
DA:68,0
DA:70,0
DA:71,0
DA:75,0
DA:76,0
DA:78,0
DA:79,0
DA:80,0
DA:82,0
DA:84,0
DA:85,0
DA:88,0
DA:89,0
LF:48
LH:0
BRDA:27,0,0,0
BRDA:76,1,0,0
BRDA:76,1,1,0
BRDA:79,2,0,0
BRDA:82,3,0,0
BRDA:82,3,1,0
BRF:6
BRH:0
end_of_record
TN:
SF:app/utils/auth.js
FN:6,(anonymous_9)
FN:11,(anonymous_10)
FN:21,(anonymous_11)
FN:30,(anonymous_12)
FN:46,(anonymous_13)
FN:50,(anonymous_14)
FN:58,(anonymous_15)
FNF:7
FNH:0
FNDA:0,(anonymous_9)
FNDA:0,(anonymous_10)
FNDA:0,(anonymous_11)
FNDA:0,(anonymous_12)
FNDA:0,(anonymous_13)
FNDA:0,(anonymous_14)
FNDA:0,(anonymous_15)
DA:1,0
DA:3,0
DA:4,0
DA:6,0
DA:7,0
DA:8,0
DA:11,0
DA:12,0
DA:13,0
DA:14,0
DA:15,0
DA:17,0
DA:21,0
DA:22,0
DA:27,0
DA:30,0
DA:31,0
DA:32,0
DA:34,0
DA:35,0
DA:38,0
DA:39,0
DA:40,0
DA:43,0
DA:46,0
DA:47,0
DA:50,0
DA:51,0
DA:52,0
DA:58,0
DA:59,0
LF:31
LH:0
BRDA:7,0,0,0
BRDA:7,0,1,0
BRDA:13,1,0,0
BRDA:13,1,1,0
BRDA:32,2,0,0
BRDA:35,3,0,0
BRDA:38,4,0,0
BRDA:52,5,0,0
BRDA:52,5,1,0
BRF:9
BRH:0
end_of_record
TN:
SF:app/validationSchemas/editProfile.js
FNF:0
FNH:0
DA:1,0
DA:3,0
LF:2
LH:0
BRF:0
BRH:0
end_of_record
TN:
SF:app/validationSchemas/login.js
FNF:0
FNH:0
DA:1,0
DA:3,0
DA:8,0
LF:3
LH:0
BRF:0
BRH:0
end_of_record
TN:
SF:app/validationSchemas/signup.js
FNF:0
FNH:0
DA:1,0
DA:3,0
DA:10,0
LF:3
LH:0
BRF:0
BRH:0
end_of_record
